<testng-results>
  <reporter-output>
  </reporter-output>
  <suite name="Weld / JBoss AS run of CDI TCK">
    <groups>
      <group name="manager">
        <method signature="org.jboss.jsr299.tck.tests.lookup.manager.ManagerTest.testInjectingManager()" name="testInjectingManager" class="org.jboss.jsr299.tck.tests.lookup.manager.ManagerTest"/>
      </group>
      <group name="events">
        <method signature="org.jboss.jsr299.tck.tests.event.EventTest.testEventObjectContainsTypeVariablesWhenResolvingFails()" name="testEventObjectContainsTypeVariablesWhenResolvingFails" class="org.jboss.jsr299.tck.tests.event.EventTest"/>
        <method signature="org.jboss.jsr299.tck.tests.event.EventTest.testGetTransactionPhaseOnObserverMethod()" name="testGetTransactionPhaseOnObserverMethod" class="org.jboss.jsr299.tck.tests.event.EventTest"/>
        <method signature="org.jboss.jsr299.tck.tests.event.EventTest.testInstanceOfBeanForEveryEnabledObserverMethod()" name="testInstanceOfBeanForEveryEnabledObserverMethod" class="org.jboss.jsr299.tck.tests.event.EventTest"/>
        <method signature="org.jboss.jsr299.tck.tests.event.EventTest.testNonStaticObserverMethodIndirectlyInherited()" name="testNonStaticObserverMethodIndirectlyInherited" class="org.jboss.jsr299.tck.tests.event.EventTest"/>
        <method signature="org.jboss.jsr299.tck.tests.event.EventTest.testNonStaticObserverMethodInherited()" name="testNonStaticObserverMethodInherited" class="org.jboss.jsr299.tck.tests.event.EventTest"/>
        <method signature="org.jboss.jsr299.tck.tests.event.EventTest.testObserverCalledOnMostSpecializedInstance()" name="testObserverCalledOnMostSpecializedInstance" class="org.jboss.jsr299.tck.tests.event.EventTest"/>
        <method signature="org.jboss.jsr299.tck.tests.event.EventTest.testObserverMethodNotifiedWhenBindingsMatch()" name="testObserverMethodNotifiedWhenBindingsMatch" class="org.jboss.jsr299.tck.tests.event.EventTest"/>
        <method signature="org.jboss.jsr299.tck.tests.event.EventTest.testObserverMethodReceivesInjectionsOnNonObservesParameters()" name="testObserverMethodReceivesInjectionsOnNonObservesParameters" class="org.jboss.jsr299.tck.tests.event.EventTest"/>
        <method signature="org.jboss.jsr299.tck.tests.event.EventTest.testStaticObserverMethodInvoked()" name="testStaticObserverMethodInvoked" class="org.jboss.jsr299.tck.tests.event.EventTest"/>
        <method signature="org.jboss.jsr299.tck.tests.event.bindingTypes.EventBindingTypesTest.testEventAlwaysHasAnyBinding()" name="testEventAlwaysHasAnyBinding" class="org.jboss.jsr299.tck.tests.event.bindingTypes.EventBindingTypesTest"/>
        <method signature="org.jboss.jsr299.tck.tests.event.bindingTypes.EventBindingTypesTest.testEventBindingTypeTargetsFieldParameterElementTypes()" name="testEventBindingTypeTargetsFieldParameterElementTypes" class="org.jboss.jsr299.tck.tests.event.bindingTypes.EventBindingTypesTest"/>
        <method signature="org.jboss.jsr299.tck.tests.event.bindingTypes.EventBindingTypesTest.testEventBindingTypeTargetsMethodFieldParameterElementTypes()" name="testEventBindingTypeTargetsMethodFieldParameterElementTypes" class="org.jboss.jsr299.tck.tests.event.bindingTypes.EventBindingTypesTest"/>
        <method signature="org.jboss.jsr299.tck.tests.event.bindingTypes.EventBindingTypesTest.testFireEventWithNonBindingAnnotationsFails()" name="testFireEventWithNonBindingAnnotationsFails" class="org.jboss.jsr299.tck.tests.event.bindingTypes.EventBindingTypesTest"/>
        <method signature="org.jboss.jsr299.tck.tests.event.bindingTypes.EventBindingTypesTest.testFireEventWithNonRuntimeBindingTypeFails()" name="testFireEventWithNonRuntimeBindingTypeFails" class="org.jboss.jsr299.tck.tests.event.bindingTypes.EventBindingTypesTest"/>
        <method signature="org.jboss.jsr299.tck.tests.event.bindingTypes.EventBindingTypesTest.testNonRuntimeBindingTypeIsNotAnEventBindingType()" name="testNonRuntimeBindingTypeIsNotAnEventBindingType" class="org.jboss.jsr299.tck.tests.event.bindingTypes.EventBindingTypesTest"/>
        <method signature="org.jboss.jsr299.tck.tests.event.broken.inject.withoutType.EventInjectionWithoutTypeTest.testAnyAnnotationOnEventInjectionPointWithoutTypeParameterFails()" name="testAnyAnnotationOnEventInjectionPointWithoutTypeParameterFails" class="org.jboss.jsr299.tck.tests.event.broken.inject.withoutType.EventInjectionWithoutTypeTest"/>
        <method signature="org.jboss.jsr299.tck.tests.event.broken.observer.beanNotManaged.ObserverMethodOnIncorrectBeanTest.testObserverMethodNotOnManagedOrSessionBeanFails()" name="testObserverMethodNotOnManagedOrSessionBeanFails" class="org.jboss.jsr299.tck.tests.event.broken.observer.beanNotManaged.ObserverMethodOnIncorrectBeanTest"/>
        <method signature="org.jboss.jsr299.tck.tests.event.broken.observer.dependentIsConditionalObserver.DependentIsConditionalObserverTest.testDependentBeanWithConditionalObserverMethodIsDefinitionError()" name="testDependentBeanWithConditionalObserverMethodIsDefinitionError" class="org.jboss.jsr299.tck.tests.event.broken.observer.dependentIsConditionalObserver.DependentIsConditionalObserverTest"/>
        <method signature="org.jboss.jsr299.tck.tests.event.broken.observer.isDisposer.ObserverMethodAnnotatedDisposesTest.testObserverMethodWithDisposesParamFails()" name="testObserverMethodWithDisposesParamFails" class="org.jboss.jsr299.tck.tests.event.broken.observer.isDisposer.ObserverMethodAnnotatedDisposesTest"/>
        <method signature="org.jboss.jsr299.tck.tests.event.broken.observer.isInitializer.ObserverMethodAnnotatedInitialzerTest.testObserverMethodAnnotatedInitializerFails()" name="testObserverMethodAnnotatedInitializerFails" class="org.jboss.jsr299.tck.tests.event.broken.observer.isInitializer.ObserverMethodAnnotatedInitialzerTest"/>
        <method signature="org.jboss.jsr299.tck.tests.event.broken.observer.isProducer.ObserverMethodAnnotatedProducesTest.testObserverMethodAnnotatedProducesFails()" name="testObserverMethodAnnotatedProducesFails" class="org.jboss.jsr299.tck.tests.event.broken.observer.isProducer.ObserverMethodAnnotatedProducesTest"/>
        <method signature="org.jboss.jsr299.tck.tests.event.broken.observer.notBusinessMethod.EJBObserverMethodNotBusinessMethodTest.testObserverMethodOnEnterpriseBeanNotBusinessMethodOrStaticFails()" name="testObserverMethodOnEnterpriseBeanNotBusinessMethodOrStaticFails" class="org.jboss.jsr299.tck.tests.event.broken.observer.notBusinessMethod.EJBObserverMethodNotBusinessMethodTest"/>
        <method signature="org.jboss.jsr299.tck.tests.event.broken.observer.tooManyParameters.ObserverMethodWithTwoEventParametersTest.testObserverMethodMustHaveOnlyOneEventParameter()" name="testObserverMethodMustHaveOnlyOneEventParameter" class="org.jboss.jsr299.tck.tests.event.broken.observer.tooManyParameters.ObserverMethodWithTwoEventParametersTest"/>
        <method signature="org.jboss.jsr299.tck.tests.event.eventTypes.EventTypesTest.testEventTypeIncludesAllSuperclassesAndInterfacesOfEventObject()" name="testEventTypeIncludesAllSuperclassesAndInterfacesOfEventObject" class="org.jboss.jsr299.tck.tests.event.eventTypes.EventTypesTest"/>
        <method signature="org.jboss.jsr299.tck.tests.event.fires.FireEventTest.testBeanManagerFireEvent()" name="testBeanManagerFireEvent" class="org.jboss.jsr299.tck.tests.event.fires.FireEventTest"/>
        <method signature="org.jboss.jsr299.tck.tests.event.fires.FireEventTest.testBeanManagerInterfaceForFireEventMethod()" name="testBeanManagerInterfaceForFireEventMethod" class="org.jboss.jsr299.tck.tests.event.fires.FireEventTest"/>
        <method signature="org.jboss.jsr299.tck.tests.event.fires.FireEventTest.testDuplicateBindingsToFireEventFails()" name="testDuplicateBindingsToFireEventFails" class="org.jboss.jsr299.tck.tests.event.fires.FireEventTest"/>
        <method signature="org.jboss.jsr299.tck.tests.event.fires.FireEventTest.testEventFireThrowsExceptionIfEventObjectContainsTypeVariable()" name="testEventFireThrowsExceptionIfEventObjectContainsTypeVariable" class="org.jboss.jsr299.tck.tests.event.fires.FireEventTest"/>
        <method signature="org.jboss.jsr299.tck.tests.event.fires.FireEventTest.testEventProvidesMethodForFiringEventsWithCombinationOfTypeAndBindings()" name="testEventProvidesMethodForFiringEventsWithCombinationOfTypeAndBindings" class="org.jboss.jsr299.tck.tests.event.fires.FireEventTest"/>
        <method signature="org.jboss.jsr299.tck.tests.event.fires.FireEventTest.testEventSelectedFiresAndObserversNotified()" name="testEventSelectedFiresAndObserversNotified" class="org.jboss.jsr299.tck.tests.event.fires.FireEventTest"/>
        <method signature="org.jboss.jsr299.tck.tests.event.fires.FireEventTest.testInjectedAnyEventCanFireEvent()" name="testInjectedAnyEventCanFireEvent" class="org.jboss.jsr299.tck.tests.event.fires.FireEventTest"/>
        <method signature="org.jboss.jsr299.tck.tests.event.fires.FireEventTest.testInjectedEventAcceptsEventObject()" name="testInjectedEventAcceptsEventObject" class="org.jboss.jsr299.tck.tests.event.fires.FireEventTest"/>
        <method signature="org.jboss.jsr299.tck.tests.event.fires.FireEventTest.testInjectedEventCanHaveBindings()" name="testInjectedEventCanHaveBindings" class="org.jboss.jsr299.tck.tests.event.fires.FireEventTest"/>
        <method signature="org.jboss.jsr299.tck.tests.event.fires.FireEventTest.testInjectedEventCanSpecifyBindingsDynamically()" name="testInjectedEventCanSpecifyBindingsDynamically" class="org.jboss.jsr299.tck.tests.event.fires.FireEventTest"/>
        <method signature="org.jboss.jsr299.tck.tests.event.fires.FireEventTest.testTypeVariableEventTypeFails()" name="testTypeVariableEventTypeFails" class="org.jboss.jsr299.tck.tests.event.fires.FireEventTest"/>
        <method signature="org.jboss.jsr299.tck.tests.event.fires.nonbinding.NonBindingTypePassedToFireTest.testExceptionThrownIfNonBindingTypePassedToFire()" name="testExceptionThrownIfNonBindingTypePassedToFire" class="org.jboss.jsr299.tck.tests.event.fires.nonbinding.NonBindingTypePassedToFireTest"/>
        <method signature="org.jboss.jsr299.tck.tests.event.implicit.ImplicitEventTest.testImplicitEventExistsForEachEventType()" name="testImplicitEventExistsForEachEventType" class="org.jboss.jsr299.tck.tests.event.implicit.ImplicitEventTest"/>
        <method signature="org.jboss.jsr299.tck.tests.event.implicit.ImplicitEventTest.testImplicitEventHasAllExplicitBindingTypes()" name="testImplicitEventHasAllExplicitBindingTypes" class="org.jboss.jsr299.tck.tests.event.implicit.ImplicitEventTest"/>
        <method signature="org.jboss.jsr299.tck.tests.event.implicit.ImplicitEventTest.testImplicitEventHasDependentScope()" name="testImplicitEventHasDependentScope" class="org.jboss.jsr299.tck.tests.event.implicit.ImplicitEventTest"/>
        <method signature="org.jboss.jsr299.tck.tests.event.implicit.ImplicitEventTest.testImplicitEventHasImplementation()" name="testImplicitEventHasImplementation" class="org.jboss.jsr299.tck.tests.event.implicit.ImplicitEventTest"/>
        <method signature="org.jboss.jsr299.tck.tests.event.implicit.ImplicitEventTest.testImplicitEventHasNoName()" name="testImplicitEventHasNoName" class="org.jboss.jsr299.tck.tests.event.implicit.ImplicitEventTest"/>
        <method signature="org.jboss.jsr299.tck.tests.event.implicit.ImplicitEventTest.testImplicitEventIsPassivationCapable()" name="testImplicitEventIsPassivationCapable" class="org.jboss.jsr299.tck.tests.event.implicit.ImplicitEventTest"/>
        <method signature="org.jboss.jsr299.tck.tests.event.observer.ObserverTest.testGetBeanOnObserverMethod()" name="testGetBeanOnObserverMethod" class="org.jboss.jsr299.tck.tests.event.observer.ObserverTest"/>
        <method signature="org.jboss.jsr299.tck.tests.event.observer.ObserverTest.testGetNotifyOnObserverMethod()" name="testGetNotifyOnObserverMethod" class="org.jboss.jsr299.tck.tests.event.observer.ObserverTest"/>
        <method signature="org.jboss.jsr299.tck.tests.event.observer.ObserverTest.testGetObservedBindingsOnObserverMethod()" name="testGetObservedBindingsOnObserverMethod" class="org.jboss.jsr299.tck.tests.event.observer.ObserverTest"/>
        <method signature="org.jboss.jsr299.tck.tests.event.observer.ObserverTest.testGetObservedTypeOnObserverMethod()" name="testGetObservedTypeOnObserverMethod" class="org.jboss.jsr299.tck.tests.event.observer.ObserverTest"/>
        <method signature="org.jboss.jsr299.tck.tests.event.observer.ObserverTest.testObserverNotifiedWhenEventTypeAndAllBindingsMatch()" name="testObserverNotifiedWhenEventTypeAndAllBindingsMatch" class="org.jboss.jsr299.tck.tests.event.observer.ObserverTest"/>
        <method signature="org.jboss.jsr299.tck.tests.event.observer.abortProcessing.ObserverExceptionAbortsProcessingTest.testObserverThrowsExceptionAbortsNotifications()" name="testObserverThrowsExceptionAbortsNotifications" class="org.jboss.jsr299.tck.tests.event.observer.abortProcessing.ObserverExceptionAbortsProcessingTest"/>
        <method signature="org.jboss.jsr299.tck.tests.event.observer.checkedException.CheckedExceptionWrappedTest.testNonTransactionalObserverThrowsCheckedExceptionIsWrappedAndRethrown()" name="testNonTransactionalObserverThrowsCheckedExceptionIsWrappedAndRethrown" class="org.jboss.jsr299.tck.tests.event.observer.checkedException.CheckedExceptionWrappedTest"/>
        <method signature="org.jboss.jsr299.tck.tests.event.observer.conditional.ConditionalObserverTest.testConditionalObserver()" name="testConditionalObserver" class="org.jboss.jsr299.tck.tests.event.observer.conditional.ConditionalObserverTest"/>
        <method signature="org.jboss.jsr299.tck.tests.event.observer.conditional.ConditionalObserverTest.testObserverMethodInvokedOnReturnedInstanceFromContext()" name="testObserverMethodInvokedOnReturnedInstanceFromContext" class="org.jboss.jsr299.tck.tests.event.observer.conditional.ConditionalObserverTest"/>
        <method signature="org.jboss.jsr299.tck.tests.event.observer.resolve.ResolveEventObserversTest.testBeanManagerResolveObserversSignature()" name="testBeanManagerResolveObserversSignature" class="org.jboss.jsr299.tck.tests.event.observer.resolve.ResolveEventObserversTest"/>
        <method signature="org.jboss.jsr299.tck.tests.event.observer.resolve.ResolveEventObserversTest.testMethodWithParameterAnnotatedWithObservesRegistersObserverMethod()" name="testMethodWithParameterAnnotatedWithObservesRegistersObserverMethod" class="org.jboss.jsr299.tck.tests.event.observer.resolve.ResolveEventObserversTest"/>
        <method signature="org.jboss.jsr299.tck.tests.event.observer.resolve.ResolveEventObserversTest.testMultipleObserverMethodsForSameEventPermissible()" name="testMultipleObserverMethodsForSameEventPermissible" class="org.jboss.jsr299.tck.tests.event.observer.resolve.ResolveEventObserversTest"/>
        <method signature="org.jboss.jsr299.tck.tests.event.observer.resolve.ResolveEventObserversTest.testMultipleObserverMethodsOnBeanPermissible()" name="testMultipleObserverMethodsOnBeanPermissible" class="org.jboss.jsr299.tck.tests.event.observer.resolve.ResolveEventObserversTest"/>
        <method signature="org.jboss.jsr299.tck.tests.event.observer.resolve.ResolveEventObserversTest.testObserverMethodAutomaticallyRegistered()" name="testObserverMethodAutomaticallyRegistered" class="org.jboss.jsr299.tck.tests.event.observer.resolve.ResolveEventObserversTest"/>
        <method signature="org.jboss.jsr299.tck.tests.event.observer.resolve.ResolveEventObserversTest.testObserverMethodMayHaveMultipleBindingTypes()" name="testObserverMethodMayHaveMultipleBindingTypes" class="org.jboss.jsr299.tck.tests.event.observer.resolve.ResolveEventObserversTest"/>
        <method signature="org.jboss.jsr299.tck.tests.event.observer.resolve.ResolveEventObserversTest.testObserverMethodNotAutomaticallyRegisteredForDisabledBeans()" name="testObserverMethodNotAutomaticallyRegisteredForDisabledBeans" class="org.jboss.jsr299.tck.tests.event.observer.resolve.ResolveEventObserversTest"/>
        <method signature="org.jboss.jsr299.tck.tests.event.observer.resolve.ResolveEventObserversTest.testObserverMethodRegistration()" name="testObserverMethodRegistration" class="org.jboss.jsr299.tck.tests.event.observer.resolve.ResolveEventObserversTest"/>
        <method signature="org.jboss.jsr299.tck.tests.event.observer.resolve.ResolveEventObserversTest.testObserverMethodWithoutBindingTypesObservesEventsWithoutBindingTypes()" name="testObserverMethodWithoutBindingTypesObservesEventsWithoutBindingTypes" class="org.jboss.jsr299.tck.tests.event.observer.resolve.ResolveEventObserversTest"/>
        <method signature="org.jboss.jsr299.tck.tests.event.observer.resolve.enterprise.ResolveEnterpriseEventObserverTest.testObserverMethodOnEnterpriseBeanIsBusinessMethodOrStatic()" name="testObserverMethodOnEnterpriseBeanIsBusinessMethodOrStatic" class="org.jboss.jsr299.tck.tests.event.observer.resolve.enterprise.ResolveEnterpriseEventObserverTest"/>
        <method signature="org.jboss.jsr299.tck.tests.event.observer.runtimeException.ObserverExceptionRethrownTest.testNonTransactionalObserverThrowsNonCheckedExceptionIsRethrown()" name="testNonTransactionalObserverThrowsNonCheckedExceptionIsRethrown" class="org.jboss.jsr299.tck.tests.event.observer.runtimeException.ObserverExceptionRethrownTest"/>
        <method signature="org.jboss.jsr299.tck.tests.event.observer.wildcardAndTypeVariable.ObserverMethodWithParametertizedTypeTest.testObserverMethodCanObserveTypeVariable()" name="testObserverMethodCanObserveTypeVariable" class="org.jboss.jsr299.tck.tests.event.observer.wildcardAndTypeVariable.ObserverMethodWithParametertizedTypeTest"/>
        <method signature="org.jboss.jsr299.tck.tests.event.observer.wildcardAndTypeVariable.ObserverMethodWithParametertizedTypeTest.testObserverMethodCanObserveWildcardType()" name="testObserverMethodCanObserveWildcardType" class="org.jboss.jsr299.tck.tests.event.observer.wildcardAndTypeVariable.ObserverMethodWithParametertizedTypeTest"/>
        <method signature="org.jboss.jsr299.tck.tests.event.resolve.binding.DuplicateBindingTypesWhenResolvingTest.testDuplicateBindingTypesWhenResolvingFails()" name="testDuplicateBindingTypesWhenResolvingFails" class="org.jboss.jsr299.tck.tests.event.resolve.binding.DuplicateBindingTypesWhenResolvingTest"/>
        <method signature="org.jboss.jsr299.tck.tests.event.resolve.binding.ResolvingChecksBindingTypeMembersTest.testResolvingChecksBindingTypeMembers()" name="testResolvingChecksBindingTypeMembers" class="org.jboss.jsr299.tck.tests.event.resolve.binding.ResolvingChecksBindingTypeMembersTest"/>
        <method signature="org.jboss.jsr299.tck.tests.event.resolve.nonbinding.NonBindingTypesWhenResolvingTest.testNonBindingTypeAnnotationWhenResolvingFails()" name="testNonBindingTypeAnnotationWhenResolvingFails" class="org.jboss.jsr299.tck.tests.event.resolve.nonbinding.NonBindingTypesWhenResolvingTest"/>
        <method signature="org.jboss.jsr299.tck.tests.event.resolve.typeWithParameters.CheckTypeParametersWhenResolvingObserversTest.testResolvingChecksTypeParameters()" name="testResolvingChecksTypeParameters" class="org.jboss.jsr299.tck.tests.event.resolve.typeWithParameters.CheckTypeParametersWhenResolvingObserversTest"/>
        <method signature="org.jboss.jsr299.tck.tests.event.resolve.typeWithParameters.CheckTypeParametersWhenResolvingObserversTest.testResolvingChecksTypeParametersOnObservesMethod()" name="testResolvingChecksTypeParametersOnObservesMethod" class="org.jboss.jsr299.tck.tests.event.resolve.typeWithParameters.CheckTypeParametersWhenResolvingObserversTest"/>
        <method signature="org.jboss.jsr299.tck.tests.event.resolve.typeWithParameters.ChecksEventTypeWhenResolvingTest.testResolvingChecksEventType()" name="testResolvingChecksEventType" class="org.jboss.jsr299.tck.tests.event.resolve.typeWithParameters.ChecksEventTypeWhenResolvingTest"/>
        <method signature="org.jboss.jsr299.tck.tests.event.select.SelectEventTest.testEventSelectReturnsEventOfSameType()" name="testEventSelectReturnsEventOfSameType" class="org.jboss.jsr299.tck.tests.event.select.SelectEventTest"/>
        <method signature="org.jboss.jsr299.tck.tests.event.select.SelectEventTest.testEventSelectThrowsExceptionForDuplicateBindingType()" name="testEventSelectThrowsExceptionForDuplicateBindingType" class="org.jboss.jsr299.tck.tests.event.select.SelectEventTest"/>
        <method signature="org.jboss.jsr299.tck.tests.event.select.SelectEventTest.testEventSelectThrowsExceptionIfAnnotationIsNotBindingType()" name="testEventSelectThrowsExceptionIfAnnotationIsNotBindingType" class="org.jboss.jsr299.tck.tests.event.select.SelectEventTest"/>
        <method signature="org.jboss.jsr299.tck.tests.event.select.SelectEventTest.testEventSelectThrowsExceptionIfEventTypeHasTypeVariable()" name="testEventSelectThrowsExceptionIfEventTypeHasTypeVariable" class="org.jboss.jsr299.tck.tests.event.select.SelectEventTest"/>
        <method signature="org.jboss.jsr299.tck.tests.event.select.SelectEventTest.testEventSelectWithSubtypeThrowsExceptionForDuplicateBindingType()" name="testEventSelectWithSubtypeThrowsExceptionForDuplicateBindingType" class="org.jboss.jsr299.tck.tests.event.select.SelectEventTest"/>
        <method signature="org.jboss.jsr299.tck.tests.event.select.SelectEventTest.testEventSelectWithSubtypeThrowsExceptionIfAnnotationIsNotBindingType()" name="testEventSelectWithSubtypeThrowsExceptionIfAnnotationIsNotBindingType" class="org.jboss.jsr299.tck.tests.event.select.SelectEventTest"/>
      </group>
      <group name="resolution">
        <method signature="org.jboss.jsr299.tck.tests.lookup.byname.ResolutionByNameTest.testAmbiguousELNamesResolved()" name="testAmbiguousELNamesResolved" class="org.jboss.jsr299.tck.tests.lookup.byname.ResolutionByNameTest"/>
        <method signature="org.jboss.jsr299.tck.tests.lookup.byname.duplicateNameResolution.DuplicateNameResolutionTest.testDuplicateNamedBeans()" name="testDuplicateNamedBeans" class="org.jboss.jsr299.tck.tests.lookup.byname.duplicateNameResolution.DuplicateNameResolutionTest"/>
        <method signature="org.jboss.jsr299.tck.tests.lookup.byname.duplicatePrefixResolution.DuplicateNamePrefixResolutionTest.testDuplicateBeanNamePrefix()" name="testDuplicateBeanNamePrefix" class="org.jboss.jsr299.tck.tests.lookup.byname.duplicatePrefixResolution.DuplicateNamePrefixResolutionTest"/>
        <method signature="org.jboss.jsr299.tck.tests.lookup.typesafe.resolution.ResolutionByTypeTest.testDefaultBindingTypeAssumed()" name="testDefaultBindingTypeAssumed" class="org.jboss.jsr299.tck.tests.lookup.typesafe.resolution.ResolutionByTypeTest"/>
        <method signature="org.jboss.jsr299.tck.tests.lookup.typesafe.resolution.ResolutionByTypeTest.testResolveByType()" name="testResolveByType" class="org.jboss.jsr299.tck.tests.lookup.typesafe.resolution.ResolutionByTypeTest"/>
        <method signature="org.jboss.jsr299.tck.tests.lookup.typesafe.resolution.ResolutionByTypeTest.testResolveByTypeWithArray()" name="testResolveByTypeWithArray" class="org.jboss.jsr299.tck.tests.lookup.typesafe.resolution.ResolutionByTypeTest"/>
        <method signature="org.jboss.jsr299.tck.tests.lookup.typesafe.resolution.ResolutionByTypeTest.testResolveByTypeWithNonBindingMembers()" name="testResolveByTypeWithNonBindingMembers" class="org.jboss.jsr299.tck.tests.lookup.typesafe.resolution.ResolutionByTypeTest"/>
        <method signature="org.jboss.jsr299.tck.tests.lookup.typesafe.resolution.ResolutionByTypeTest.testResolveByTypeWithPrimitives()" name="testResolveByTypeWithPrimitives" class="org.jboss.jsr299.tck.tests.lookup.typesafe.resolution.ResolutionByTypeTest"/>
        <method signature="org.jboss.jsr299.tck.tests.lookup.typesafe.resolution.ResolutionByTypeTest.testResolveByTypeWithTypeParameter()" name="testResolveByTypeWithTypeParameter" class="org.jboss.jsr299.tck.tests.lookup.typesafe.resolution.ResolutionByTypeTest"/>
        <method signature="org.jboss.jsr299.tck.tests.lookup.typesafe.resolution.broken.primitive.PrimitiveInjectionPointTest.testPrimitiveInjectionPointResolvedToNonPrimitiveProducerMethod()" name="testPrimitiveInjectionPointResolvedToNonPrimitiveProducerMethod" class="org.jboss.jsr299.tck.tests.lookup.typesafe.resolution.broken.primitive.PrimitiveInjectionPointTest"/>
        <method signature="org.jboss.jsr299.tck.tests.lookup.typesafe.resolution.broken.type.variable.TypeVariableInjectionPointTest.testTypeVariableInjectionPoint()" name="testTypeVariableInjectionPoint" class="org.jboss.jsr299.tck.tests.lookup.typesafe.resolution.broken.type.variable.TypeVariableInjectionPointTest"/>
        <method signature="org.jboss.jsr299.tck.tests.lookup.typesafe.resolution.interceptor.InterceptorNotResolvedTest.testInterceptorNotResolved()" name="testInterceptorNotResolved" class="org.jboss.jsr299.tck.tests.lookup.typesafe.resolution.interceptor.InterceptorNotResolvedTest"/>
        <method signature="org.jboss.jsr299.tck.tests.lookup.typesafe.resolution.parameterized.AssignabilityOfRawAndParameterizedTypesTest.testAssignabilityOfParameterizedTypeWithActualTypesToParameterizedTypeWithActualTypes()" name="testAssignabilityOfParameterizedTypeWithActualTypesToParameterizedTypeWithActualTypes" class="org.jboss.jsr299.tck.tests.lookup.typesafe.resolution.parameterized.AssignabilityOfRawAndParameterizedTypesTest"/>
        <method signature="org.jboss.jsr299.tck.tests.lookup.typesafe.resolution.parameterized.AssignabilityOfRawAndParameterizedTypesTest.testAssignabilityOfParameterizedTypeWithActualTypesToParameterizedTypeWithWildcards()" name="testAssignabilityOfParameterizedTypeWithActualTypesToParameterizedTypeWithWildcards" class="org.jboss.jsr299.tck.tests.lookup.typesafe.resolution.parameterized.AssignabilityOfRawAndParameterizedTypesTest"/>
        <method signature="org.jboss.jsr299.tck.tests.lookup.typesafe.resolution.parameterized.AssignabilityOfRawAndParameterizedTypesTest.testAssignabilityOfParameterizedTypeWithActualTypesToParameterizedTypeWithWildcardsAtInjectionPoint()" name="testAssignabilityOfParameterizedTypeWithActualTypesToParameterizedTypeWithWildcardsAtInjectionPoint" class="org.jboss.jsr299.tck.tests.lookup.typesafe.resolution.parameterized.AssignabilityOfRawAndParameterizedTypesTest"/>
        <method signature="org.jboss.jsr299.tck.tests.lookup.typesafe.resolution.parameterized.AssignabilityOfRawAndParameterizedTypesTest.testAssignabilityOfParameterizedTypeWithTypeVariablesToParameterizedTypeTypeVariable()" name="testAssignabilityOfParameterizedTypeWithTypeVariablesToParameterizedTypeTypeVariable" class="org.jboss.jsr299.tck.tests.lookup.typesafe.resolution.parameterized.AssignabilityOfRawAndParameterizedTypesTest"/>
        <method signature="org.jboss.jsr299.tck.tests.lookup.typesafe.resolution.parameterized.AssignabilityOfRawAndParameterizedTypesTest.testAssignabilityOfParameterizedTypeWithTypeVariablesToParameterizedTypeWithActualTypes()" name="testAssignabilityOfParameterizedTypeWithTypeVariablesToParameterizedTypeWithActualTypes" class="org.jboss.jsr299.tck.tests.lookup.typesafe.resolution.parameterized.AssignabilityOfRawAndParameterizedTypesTest"/>
        <method signature="org.jboss.jsr299.tck.tests.lookup.typesafe.resolution.parameterized.AssignabilityOfRawAndParameterizedTypesTest.testAssignabilityOfParameterizedTypeWithTypeVariablesToParameterizedTypeWithWildcards()" name="testAssignabilityOfParameterizedTypeWithTypeVariablesToParameterizedTypeWithWildcards" class="org.jboss.jsr299.tck.tests.lookup.typesafe.resolution.parameterized.AssignabilityOfRawAndParameterizedTypesTest"/>
        <method signature="org.jboss.jsr299.tck.tests.lookup.typesafe.resolution.parameterized.AssignabilityOfRawAndParameterizedTypesTest.testAssignabilityOfParameterizedTypeWithTypeVariablesToParameterizedTypeWithWildcards2()" name="testAssignabilityOfParameterizedTypeWithTypeVariablesToParameterizedTypeWithWildcards2" class="org.jboss.jsr299.tck.tests.lookup.typesafe.resolution.parameterized.AssignabilityOfRawAndParameterizedTypesTest"/>
        <method signature="org.jboss.jsr299.tck.tests.lookup.typesafe.resolution.parameterized.AssignabilityOfRawAndParameterizedTypesTest.testAssignabilityToRawType()" name="testAssignabilityToRawType" class="org.jboss.jsr299.tck.tests.lookup.typesafe.resolution.parameterized.AssignabilityOfRawAndParameterizedTypesTest"/>
      </group>
      <group name="innerClass">
        <method signature="org.jboss.jsr299.tck.tests.implementation.simple.definition.SimpleBeanDefinitionTest.testStaticInnerClassDeclaredInJavaAllowed()" name="testStaticInnerClassDeclaredInJavaAllowed" class="org.jboss.jsr299.tck.tests.implementation.simple.definition.SimpleBeanDefinitionTest"/>
      </group>
      <group name="rewrite">
        <method signature="org.jboss.jsr299.tck.tests.context.passivating.PassivatingContextTest.testManagedBeanWithSerializableImplementationClassOK()" name="testManagedBeanWithSerializableImplementationClassOK" class="org.jboss.jsr299.tck.tests.context.passivating.PassivatingContextTest"/>
        <method signature="org.jboss.jsr299.tck.tests.definition.qualifier.QualifierDefinitionTest.testQualifierDeclaresBindingAnnotation()" name="testQualifierDeclaresBindingAnnotation" class="org.jboss.jsr299.tck.tests.definition.qualifier.QualifierDefinitionTest"/>
        <method signature="org.jboss.jsr299.tck.tests.deployment.lifecycle.broken.failsDuringValidation.AfterBeanDiscoveryFailureTest.testDeploymentFailsDuringValidation()" name="testDeploymentFailsDuringValidation" class="org.jboss.jsr299.tck.tests.deployment.lifecycle.broken.failsDuringValidation.AfterBeanDiscoveryFailureTest"/>
        <method signature="org.jboss.jsr299.tck.tests.extensions.beanManager.BeanManagerTest.testDetermineBindingType()" name="testDetermineBindingType" class="org.jboss.jsr299.tck.tests.extensions.beanManager.BeanManagerTest"/>
        <method signature="org.jboss.jsr299.tck.tests.extensions.beanManager.BeanManagerTest.testDetermineInterceptorBindingType()" name="testDetermineInterceptorBindingType" class="org.jboss.jsr299.tck.tests.extensions.beanManager.BeanManagerTest"/>
        <method signature="org.jboss.jsr299.tck.tests.extensions.beanManager.BeanManagerTest.testDetermineScopeType()" name="testDetermineScopeType" class="org.jboss.jsr299.tck.tests.extensions.beanManager.BeanManagerTest"/>
        <method signature="org.jboss.jsr299.tck.tests.extensions.beanManager.BeanManagerTest.testDetermineStereotype()" name="testDetermineStereotype" class="org.jboss.jsr299.tck.tests.extensions.beanManager.BeanManagerTest"/>
        <method signature="org.jboss.jsr299.tck.tests.extensions.beanManager.BeanManagerTest.testGetMetaAnnotationsForInterceptorBindingType()" name="testGetMetaAnnotationsForInterceptorBindingType" class="org.jboss.jsr299.tck.tests.extensions.beanManager.BeanManagerTest"/>
        <method signature="org.jboss.jsr299.tck.tests.extensions.beanManager.BeanManagerTest.testGetMetaAnnotationsForStereotype()" name="testGetMetaAnnotationsForStereotype" class="org.jboss.jsr299.tck.tests.extensions.beanManager.BeanManagerTest"/>
        <method signature="org.jboss.jsr299.tck.tests.extensions.beanManager.BeanManagerTest.testgetScope()" name="testgetScope" class="org.jboss.jsr299.tck.tests.extensions.beanManager.BeanManagerTest"/>
        <method signature="org.jboss.jsr299.tck.tests.interceptors.definition.InterceptorDefinitionTest.testInterceptionType()" name="testInterceptionType" class="org.jboss.jsr299.tck.tests.interceptors.definition.InterceptorDefinitionTest"/>
        <method signature="org.jboss.jsr299.tck.tests.lookup.typesafe.resolution.ResolutionByTypeTest.testPolicyNotAvailableInNonDeploymentArchive()" name="testPolicyNotAvailableInNonDeploymentArchive" class="org.jboss.jsr299.tck.tests.lookup.typesafe.resolution.ResolutionByTypeTest"/>
        <method signature="org.jboss.jsr299.tck.tests.lookup.typesafe.resolution.interceptor.InterceptorNotResolvedTest.testInterceptorNotResolved()" name="testInterceptorNotResolved" class="org.jboss.jsr299.tck.tests.lookup.typesafe.resolution.interceptor.InterceptorNotResolvedTest"/>
      </group>
      <group name="ejb">
        <method signature="org.jboss.jsr299.tck.tests.event.observer.resolve.enterprise.ResolveEnterpriseEventObserverTest.testObserverMethodOnEnterpriseBeanIsBusinessMethodOrStatic()" name="testObserverMethodOnEnterpriseBeanIsBusinessMethodOrStatic" class="org.jboss.jsr299.tck.tests.event.observer.resolve.enterprise.ResolveEnterpriseEventObserverTest"/>
      </group>
      <group name="producerField">
        <method signature="org.jboss.jsr299.tck.tests.context.dependent.DependentContextTest.testContextIsActiveWhenInvokingProducerField()" name="testContextIsActiveWhenInvokingProducerField" class="org.jboss.jsr299.tck.tests.context.dependent.DependentContextTest"/>
        <method signature="org.jboss.jsr299.tck.tests.context.dependent.DependentContextTest.testDependentsDestroyedWhenProducerFieldCompletes()" name="testDependentsDestroyedWhenProducerFieldCompletes" class="org.jboss.jsr299.tck.tests.context.dependent.DependentContextTest"/>
        <method signature="org.jboss.jsr299.tck.tests.implementation.producer.field.definition.ProducerFieldDefinitionTest.testApiTypeForArrayTypeReturn()" name="testApiTypeForArrayTypeReturn" class="org.jboss.jsr299.tck.tests.implementation.producer.field.definition.ProducerFieldDefinitionTest"/>
        <method signature="org.jboss.jsr299.tck.tests.implementation.producer.field.definition.ProducerFieldDefinitionTest.testApiTypeForClassReturn()" name="testApiTypeForClassReturn" class="org.jboss.jsr299.tck.tests.implementation.producer.field.definition.ProducerFieldDefinitionTest"/>
        <method signature="org.jboss.jsr299.tck.tests.implementation.producer.field.definition.ProducerFieldDefinitionTest.testApiTypeForInterfaceReturn()" name="testApiTypeForInterfaceReturn" class="org.jboss.jsr299.tck.tests.implementation.producer.field.definition.ProducerFieldDefinitionTest"/>
        <method signature="org.jboss.jsr299.tck.tests.implementation.producer.field.definition.ProducerFieldDefinitionTest.testApiTypeForPrimitiveReturn()" name="testApiTypeForPrimitiveReturn" class="org.jboss.jsr299.tck.tests.implementation.producer.field.definition.ProducerFieldDefinitionTest"/>
        <method signature="org.jboss.jsr299.tck.tests.implementation.producer.field.definition.ProducerFieldDefinitionTest.testBeanDeclaresMultipleProducerFields()" name="testBeanDeclaresMultipleProducerFields" class="org.jboss.jsr299.tck.tests.implementation.producer.field.definition.ProducerFieldDefinitionTest"/>
        <method signature="org.jboss.jsr299.tck.tests.implementation.producer.field.definition.ProducerFieldDefinitionTest.testBindingType()" name="testBindingType" class="org.jboss.jsr299.tck.tests.implementation.producer.field.definition.ProducerFieldDefinitionTest"/>
        <method signature="org.jboss.jsr299.tck.tests.implementation.producer.field.definition.ProducerFieldDefinitionTest.testDefaultBindingType()" name="testDefaultBindingType" class="org.jboss.jsr299.tck.tests.implementation.producer.field.definition.ProducerFieldDefinitionTest"/>
        <method signature="org.jboss.jsr299.tck.tests.implementation.producer.field.definition.ProducerFieldDefinitionTest.testDefaultNamedField()" name="testDefaultNamedField" class="org.jboss.jsr299.tck.tests.implementation.producer.field.definition.ProducerFieldDefinitionTest"/>
        <method signature="org.jboss.jsr299.tck.tests.implementation.producer.field.definition.ProducerFieldDefinitionTest.testNamedField()" name="testNamedField" class="org.jboss.jsr299.tck.tests.implementation.producer.field.definition.ProducerFieldDefinitionTest"/>
        <method signature="org.jboss.jsr299.tck.tests.implementation.producer.field.definition.ProducerFieldDefinitionTest.testNonStaticProducerFieldNotIndirectlyInherited()" name="testNonStaticProducerFieldNotIndirectlyInherited" class="org.jboss.jsr299.tck.tests.implementation.producer.field.definition.ProducerFieldDefinitionTest"/>
        <method signature="org.jboss.jsr299.tck.tests.implementation.producer.field.definition.ProducerFieldDefinitionTest.testNonStaticProducerFieldNotInherited()" name="testNonStaticProducerFieldNotInherited" class="org.jboss.jsr299.tck.tests.implementation.producer.field.definition.ProducerFieldDefinitionTest"/>
        <method signature="org.jboss.jsr299.tck.tests.implementation.producer.field.definition.ProducerFieldDefinitionTest.testParameterizedReturnType()" name="testParameterizedReturnType" class="org.jboss.jsr299.tck.tests.implementation.producer.field.definition.ProducerFieldDefinitionTest"/>
        <method signature="org.jboss.jsr299.tck.tests.implementation.producer.field.definition.ProducerFieldDefinitionTest.testScopeType()" name="testScopeType" class="org.jboss.jsr299.tck.tests.implementation.producer.field.definition.ProducerFieldDefinitionTest"/>
        <method signature="org.jboss.jsr299.tck.tests.implementation.producer.field.definition.ProducerFieldDefinitionTest.testStereotype()" name="testStereotype" class="org.jboss.jsr299.tck.tests.implementation.producer.field.definition.ProducerFieldDefinitionTest"/>
        <method signature="org.jboss.jsr299.tck.tests.implementation.producer.field.definition.broken.parameterizedReturnTypeWithWildcard.ParameterizedReturnTypeWithWildcardTest.testParameterizedReturnTypeWithWildcard()" name="testParameterizedReturnTypeWithWildcard" class="org.jboss.jsr299.tck.tests.implementation.producer.field.definition.broken.parameterizedReturnTypeWithWildcard.ParameterizedReturnTypeWithWildcardTest"/>
      </group>
      <group name="integration">
        <method signature="org.jboss.jsr299.tck.tests.context.passivating.broken.enterpriseBeanWithNonPassivatingDecorator.EnterpriseBeanWithNonPassivatingDecoratorTest.testEnterpriseBeanWithNonPassivatingDecoratorFails()" name="testEnterpriseBeanWithNonPassivatingDecoratorFails" class="org.jboss.jsr299.tck.tests.context.passivating.broken.enterpriseBeanWithNonPassivatingDecorator.EnterpriseBeanWithNonPassivatingDecoratorTest"/>
        <method signature="org.jboss.jsr299.tck.tests.context.passivating.broken.managedBeanWithNonPassivatingDecorator.ManagedBeanWithNonPassivatingDecoratorTest.testManagedBeanWithNonPassivatingDecoratorFails()" name="testManagedBeanWithNonPassivatingDecoratorFails" class="org.jboss.jsr299.tck.tests.context.passivating.broken.managedBeanWithNonPassivatingDecorator.ManagedBeanWithNonPassivatingDecoratorTest"/>
      </group>
      <group name="event">
        <method signature="org.jboss.jsr299.tck.tests.event.eventTypes.EventTypesTest.testEventTypeIsConcreteTypeWithNoTypeVariables()" name="testEventTypeIsConcreteTypeWithNoTypeVariables" class="org.jboss.jsr299.tck.tests.event.eventTypes.EventTypesTest"/>
      </group>
      <group name="beanConstruction">
        <method signature="org.jboss.jsr299.tck.tests.implementation.simple.lifecycle.SimpleBeanLifecycleTest.testInjectionOfParametersIntoBeanConstructor()" name="testInjectionOfParametersIntoBeanConstructor" class="org.jboss.jsr299.tck.tests.implementation.simple.lifecycle.SimpleBeanLifecycleTest"/>
      </group>
      <group name="contexts">
        <method signature="org.jboss.jsr299.tck.tests.context.GetFromContextualTest.testGetMayNotCreateNewInstanceUnlessCreationalContextGiven()" name="testGetMayNotCreateNewInstanceUnlessCreationalContextGiven" class="org.jboss.jsr299.tck.tests.context.GetFromContextualTest"/>
        <method signature="org.jboss.jsr299.tck.tests.context.GetOnInactiveContextTest.testInvokingGetOnInactiveContextFails()" name="testInvokingGetOnInactiveContextFails" class="org.jboss.jsr299.tck.tests.context.GetOnInactiveContextTest"/>
        <method signature="org.jboss.jsr299.tck.tests.context.GetWithNoCreationalContextTest.testGetWithoutCreationalContextReturnsNull()" name="testGetWithoutCreationalContextReturnsNull" class="org.jboss.jsr299.tck.tests.context.GetWithNoCreationalContextTest"/>
        <method signature="org.jboss.jsr299.tck.tests.context.dependent.DependentContextTest.testCallingCreationalContextReleaseDestroysDependents()" name="testCallingCreationalContextReleaseDestroysDependents" class="org.jboss.jsr299.tck.tests.context.dependent.DependentContextTest"/>
        <method signature="org.jboss.jsr299.tck.tests.context.dependent.DependentContextTest.testContextGetWithCreateFalseReturnsNull()" name="testContextGetWithCreateFalseReturnsNull" class="org.jboss.jsr299.tck.tests.context.dependent.DependentContextTest"/>
        <method signature="org.jboss.jsr299.tck.tests.context.dependent.DependentContextTest.testContextGetWithCreationalContextReturnsNewInstance()" name="testContextGetWithCreationalContextReturnsNewInstance" class="org.jboss.jsr299.tck.tests.context.dependent.DependentContextTest"/>
        <method signature="org.jboss.jsr299.tck.tests.context.dependent.DependentContextTest.testContextIsActive()" name="testContextIsActive" class="org.jboss.jsr299.tck.tests.context.dependent.DependentContextTest"/>
        <method signature="org.jboss.jsr299.tck.tests.context.dependent.DependentContextTest.testContextIsActiveDuringBeanCreation()" name="testContextIsActiveDuringBeanCreation" class="org.jboss.jsr299.tck.tests.context.dependent.DependentContextTest"/>
        <method signature="org.jboss.jsr299.tck.tests.context.dependent.DependentContextTest.testContextIsActiveDuringInjection()" name="testContextIsActiveDuringInjection" class="org.jboss.jsr299.tck.tests.context.dependent.DependentContextTest"/>
        <method signature="org.jboss.jsr299.tck.tests.context.dependent.DependentContextTest.testContextIsActiveWhenCreatingObserverMethodInstance()" name="testContextIsActiveWhenCreatingObserverMethodInstance" class="org.jboss.jsr299.tck.tests.context.dependent.DependentContextTest"/>
        <method signature="org.jboss.jsr299.tck.tests.context.dependent.DependentContextTest.testContextIsActiveWhenEvaluatingElExpression()" name="testContextIsActiveWhenEvaluatingElExpression" class="org.jboss.jsr299.tck.tests.context.dependent.DependentContextTest"/>
        <method signature="org.jboss.jsr299.tck.tests.context.dependent.DependentContextTest.testContextIsActiveWhenInvokingDisposalMethod()" name="testContextIsActiveWhenInvokingDisposalMethod" class="org.jboss.jsr299.tck.tests.context.dependent.DependentContextTest"/>
        <method signature="org.jboss.jsr299.tck.tests.context.dependent.DependentContextTest.testContextIsActiveWhenInvokingProducerField()" name="testContextIsActiveWhenInvokingProducerField" class="org.jboss.jsr299.tck.tests.context.dependent.DependentContextTest"/>
        <method signature="org.jboss.jsr299.tck.tests.context.dependent.DependentContextTest.testContextIsActiveWhenInvokingProducerMethod()" name="testContextIsActiveWhenInvokingProducerMethod" class="org.jboss.jsr299.tck.tests.context.dependent.DependentContextTest"/>
        <method signature="org.jboss.jsr299.tck.tests.context.dependent.DependentContextTest.testContextScopeType()" name="testContextScopeType" class="org.jboss.jsr299.tck.tests.context.dependent.DependentContextTest"/>
        <method signature="org.jboss.jsr299.tck.tests.context.dependent.DependentContextTest.testDependentBeanIsDependentObjectOfBeanInjectedInto()" name="testDependentBeanIsDependentObjectOfBeanInjectedInto" class="org.jboss.jsr299.tck.tests.context.dependent.DependentContextTest"/>
        <method signature="org.jboss.jsr299.tck.tests.context.dependent.DependentContextTest.testDependentScopedDecoratorsAreDependentObjectsOfBean()" name="testDependentScopedDecoratorsAreDependentObjectsOfBean" class="org.jboss.jsr299.tck.tests.context.dependent.DependentContextTest"/>
        <method signature="org.jboss.jsr299.tck.tests.context.dependent.DependentContextTest.testDependentsDestroyedWhenDisposerMethodCompletes()" name="testDependentsDestroyedWhenDisposerMethodCompletes" class="org.jboss.jsr299.tck.tests.context.dependent.DependentContextTest"/>
        <method signature="org.jboss.jsr299.tck.tests.context.dependent.DependentContextTest.testDependentsDestroyedWhenElEvaluationCompletes()" name="testDependentsDestroyedWhenElEvaluationCompletes" class="org.jboss.jsr299.tck.tests.context.dependent.DependentContextTest"/>
        <method signature="org.jboss.jsr299.tck.tests.context.dependent.DependentContextTest.testDependentsDestroyedWhenObserverMethodEvaluationCompletes()" name="testDependentsDestroyedWhenObserverMethodEvaluationCompletes" class="org.jboss.jsr299.tck.tests.context.dependent.DependentContextTest"/>
        <method signature="org.jboss.jsr299.tck.tests.context.dependent.DependentContextTest.testDependentsDestroyedWhenProducerFieldCompletes()" name="testDependentsDestroyedWhenProducerFieldCompletes" class="org.jboss.jsr299.tck.tests.context.dependent.DependentContextTest"/>
        <method signature="org.jboss.jsr299.tck.tests.context.dependent.DependentContextTest.testDependentsDestroyedWhenProducerMethodCompletes()" name="testDependentsDestroyedWhenProducerMethodCompletes" class="org.jboss.jsr299.tck.tests.context.dependent.DependentContextTest"/>
        <method signature="org.jboss.jsr299.tck.tests.context.dependent.DependentContextTest.testDestroyingManagedParentDestroysDependentsOfSameBean()" name="testDestroyingManagedParentDestroysDependentsOfSameBean" class="org.jboss.jsr299.tck.tests.context.dependent.DependentContextTest"/>
        <method signature="org.jboss.jsr299.tck.tests.context.dependent.DependentContextTest.testDestroyingSimpleParentDestroysDependents()" name="testDestroyingSimpleParentDestroysDependents" class="org.jboss.jsr299.tck.tests.context.dependent.DependentContextTest"/>
        <method signature="org.jboss.jsr299.tck.tests.context.dependent.DependentContextTest.testInstanceNotSharedBetweenInjectionPoints()" name="testInstanceNotSharedBetweenInjectionPoints" class="org.jboss.jsr299.tck.tests.context.dependent.DependentContextTest"/>
        <method signature="org.jboss.jsr299.tck.tests.context.dependent.DependentContextTest.testInstanceUsedForDisposalMethodNotShared()" name="testInstanceUsedForDisposalMethodNotShared" class="org.jboss.jsr299.tck.tests.context.dependent.DependentContextTest"/>
        <method signature="org.jboss.jsr299.tck.tests.context.dependent.DependentContextTest.testInstanceUsedForElEvaluationNotShared()" name="testInstanceUsedForElEvaluationNotShared" class="org.jboss.jsr299.tck.tests.context.dependent.DependentContextTest"/>
        <method signature="org.jboss.jsr299.tck.tests.context.dependent.DependentContextTest.testInstanceUsedForObserverMethodNotShared()" name="testInstanceUsedForObserverMethodNotShared" class="org.jboss.jsr299.tck.tests.context.dependent.DependentContextTest"/>
        <method signature="org.jboss.jsr299.tck.tests.context.dependent.DependentContextTest.testInstanceUsedForProducerFieldNotShared()" name="testInstanceUsedForProducerFieldNotShared" class="org.jboss.jsr299.tck.tests.context.dependent.DependentContextTest"/>
        <method signature="org.jboss.jsr299.tck.tests.context.dependent.DependentContextTest.testInstanceUsedForProducerMethodNotShared()" name="testInstanceUsedForProducerMethodNotShared" class="org.jboss.jsr299.tck.tests.context.dependent.DependentContextTest"/>
        <method signature="org.jboss.jsr299.tck.tests.context.passivating.PassivatingContextTest.testBeanWithNonSerializableImplementationInjectedIntoTransientFieldOK()" name="testBeanWithNonSerializableImplementationInjectedIntoTransientFieldOK" class="org.jboss.jsr299.tck.tests.context.passivating.PassivatingContextTest"/>
        <method signature="org.jboss.jsr299.tck.tests.context.passivating.PassivatingContextTest.testManagedBeanWithSerializableDecoratorOK()" name="testManagedBeanWithSerializableDecoratorOK" class="org.jboss.jsr299.tck.tests.context.passivating.PassivatingContextTest"/>
        <method signature="org.jboss.jsr299.tck.tests.context.passivating.PassivatingContextTest.testManagedBeanWithSerializableImplementationClassOK()" name="testManagedBeanWithSerializableImplementationClassOK" class="org.jboss.jsr299.tck.tests.context.passivating.PassivatingContextTest"/>
        <method signature="org.jboss.jsr299.tck.tests.context.passivating.PassivatingContextTest.testManagedBeanWithSerializableInterceptorClassOK()" name="testManagedBeanWithSerializableInterceptorClassOK" class="org.jboss.jsr299.tck.tests.context.passivating.PassivatingContextTest"/>
        <method signature="org.jboss.jsr299.tck.tests.context.passivating.PassivatingContextTest.testPassivationCapableProducerFieldIsOK()" name="testPassivationCapableProducerFieldIsOK" class="org.jboss.jsr299.tck.tests.context.passivating.PassivatingContextTest"/>
        <method signature="org.jboss.jsr299.tck.tests.context.passivating.PassivatingContextTest.testPassivationCapableProducerMethodIsOK()" name="testPassivationCapableProducerMethodIsOK" class="org.jboss.jsr299.tck.tests.context.passivating.PassivatingContextTest"/>
        <method signature="org.jboss.jsr299.tck.tests.context.passivating.PassivatingContextTest.testPassivationOccurs()" name="testPassivationOccurs" class="org.jboss.jsr299.tck.tests.context.passivating.PassivatingContextTest"/>
        <method signature="org.jboss.jsr299.tck.tests.context.passivating.broken.decoratorWithNonPassivatingBeanConstructor.DecoratorWithNonPassivatingBeanConstructorTest.testPassivationCapableBeanWithNonPassivatingDecoratorBeanConstructorFails()" name="testPassivationCapableBeanWithNonPassivatingDecoratorBeanConstructorFails" class="org.jboss.jsr299.tck.tests.context.passivating.broken.decoratorWithNonPassivatingBeanConstructor.DecoratorWithNonPassivatingBeanConstructorTest"/>
        <method signature="org.jboss.jsr299.tck.tests.context.passivating.broken.decoratorWithNonPassivatingInitializerMethod.DecoratorWithNonPassivatingInitializerMethodTest.testPassivationCapableBeanWithNonPassivatingInitializerInDecoratorFails()" name="testPassivationCapableBeanWithNonPassivatingInitializerInDecoratorFails" class="org.jboss.jsr299.tck.tests.context.passivating.broken.decoratorWithNonPassivatingInitializerMethod.DecoratorWithNonPassivatingInitializerMethodTest"/>
        <method signature="org.jboss.jsr299.tck.tests.context.passivating.broken.decoratorWithNonPassivatingInjectedField.DecoratorWithNonPassivatingInjectedFieldTest.testPassivationCapableBeanWithNonPassivatingDecoratorInjectedFieldFails()" name="testPassivationCapableBeanWithNonPassivatingDecoratorInjectedFieldFails" class="org.jboss.jsr299.tck.tests.context.passivating.broken.decoratorWithNonPassivatingInjectedField.DecoratorWithNonPassivatingInjectedFieldTest"/>
        <method signature="org.jboss.jsr299.tck.tests.context.passivating.broken.enterpriseBeanWithNonPassivatingBeanConstructorParameterInInterceptor.EnterpriseBeanWithNonPassivatingBeanConstructorParameterInInterceptorTest.testSessionBeanWithNonPassivatingBeanConstructorParamInInterceptorFails()" name="testSessionBeanWithNonPassivatingBeanConstructorParamInInterceptorFails" class="org.jboss.jsr299.tck.tests.context.passivating.broken.enterpriseBeanWithNonPassivatingBeanConstructorParameterInInterceptor.EnterpriseBeanWithNonPassivatingBeanConstructorParameterInInterceptorTest"/>
        <method signature="org.jboss.jsr299.tck.tests.context.passivating.broken.enterpriseBeanWithNonPassivatingConstructorFieldInDecorator.EnterpriseBeanWithNonPassivatingFieldInDecoratorTest.testSessionBeanWithNonPassivatingConstructorFieldInDecoratorFails()" name="testSessionBeanWithNonPassivatingConstructorFieldInDecoratorFails" class="org.jboss.jsr299.tck.tests.context.passivating.broken.enterpriseBeanWithNonPassivatingConstructorFieldInDecorator.EnterpriseBeanWithNonPassivatingFieldInDecoratorTest"/>
        <method signature="org.jboss.jsr299.tck.tests.context.passivating.broken.enterpriseBeanWithNonPassivatingDecorator.EnterpriseBeanWithNonPassivatingDecoratorTest.testEnterpriseBeanWithNonPassivatingDecoratorFails()" name="testEnterpriseBeanWithNonPassivatingDecoratorFails" class="org.jboss.jsr299.tck.tests.context.passivating.broken.enterpriseBeanWithNonPassivatingDecorator.EnterpriseBeanWithNonPassivatingDecoratorTest"/>
        <method signature="org.jboss.jsr299.tck.tests.context.passivating.broken.enterpriseBeanWithNonPassivatingInitializerInDecorator.EnterpriseBeanWithNonPassivatingInitializerInDecoratorTest.testSessionBeanWithNonPassivatingInitializerFieldInDecoratorFails()" name="testSessionBeanWithNonPassivatingInitializerFieldInDecoratorFails" class="org.jboss.jsr299.tck.tests.context.passivating.broken.enterpriseBeanWithNonPassivatingInitializerInDecorator.EnterpriseBeanWithNonPassivatingInitializerInDecoratorTest"/>
        <method signature="org.jboss.jsr299.tck.tests.context.passivating.broken.enterpriseBeanWithNonPassivatingInitializerParameterInInterceptor.EnterpriseBeanWithNonPassivatingInitializerParameterInInterceptorTest.testSessionBeanWithNonPassivatingInitializerParamInInterceptorFails()" name="testSessionBeanWithNonPassivatingInitializerParamInInterceptorFails" class="org.jboss.jsr299.tck.tests.context.passivating.broken.enterpriseBeanWithNonPassivatingInitializerParameterInInterceptor.EnterpriseBeanWithNonPassivatingInitializerParameterInInterceptorTest"/>
        <method signature="org.jboss.jsr299.tck.tests.context.passivating.broken.enterpriseBeanWithNonPassivatingInjectedFieldInDecorator.EnterpriseBeanWithNonPassivatingInjectedFieldInDecoratorTest.testSessionBeanWithNonPassivatingInjectedFieldInDecoratorFails()" name="testSessionBeanWithNonPassivatingInjectedFieldInDecoratorFails" class="org.jboss.jsr299.tck.tests.context.passivating.broken.enterpriseBeanWithNonPassivatingInjectedFieldInDecorator.EnterpriseBeanWithNonPassivatingInjectedFieldInDecoratorTest"/>
        <method signature="org.jboss.jsr299.tck.tests.context.passivating.broken.enterpriseBeanWithNonPassivatingInjectedFieldInInterceptor.EnterpriseBeanWithNonPassivatingInjectedFieldInInterceptorTest.testSessionBeanWithNonPassivatingInjectedFieldInInterceptorFails()" name="testSessionBeanWithNonPassivatingInjectedFieldInInterceptorFails" class="org.jboss.jsr299.tck.tests.context.passivating.broken.enterpriseBeanWithNonPassivatingInjectedFieldInInterceptor.EnterpriseBeanWithNonPassivatingInjectedFieldInInterceptorTest"/>
        <method signature="org.jboss.jsr299.tck.tests.context.passivating.broken.enterpriseBeanWithNonSerializableIntializerMethod.EnterpriseBeanWithNonSerializableIntializerMethodTest.testDependentBeanWithNonSerializableImplementationInStatefulSessionBeanInitializerFails()" name="testDependentBeanWithNonSerializableImplementationInStatefulSessionBeanInitializerFails" class="org.jboss.jsr299.tck.tests.context.passivating.broken.enterpriseBeanWithNonSerializableIntializerMethod.EnterpriseBeanWithNonSerializableIntializerMethodTest"/>
        <method signature="org.jboss.jsr299.tck.tests.context.passivating.broken.interceptorWithNonPassivatingBeanConstructorParameter.PassivationCapableBeanWithNonPassivatingInterceptorTest.testPassivationCapableBeanWithNonPassivatingInterceptorFails()" name="testPassivationCapableBeanWithNonPassivatingInterceptorFails" class="org.jboss.jsr299.tck.tests.context.passivating.broken.interceptorWithNonPassivatingBeanConstructorParameter.PassivationCapableBeanWithNonPassivatingInterceptorTest"/>
        <method signature="org.jboss.jsr299.tck.tests.context.passivating.broken.interceptorWithNonPassivatingInitializerMethodParameter.PassivationCapableBeanWithNonPassivatingInterceptorTest.testPassivationCapableBeanWithNonPassivatingInterceptorFails()" name="testPassivationCapableBeanWithNonPassivatingInterceptorFails" class="org.jboss.jsr299.tck.tests.context.passivating.broken.interceptorWithNonPassivatingInitializerMethodParameter.PassivationCapableBeanWithNonPassivatingInterceptorTest"/>
        <method signature="org.jboss.jsr299.tck.tests.context.passivating.broken.interceptorWithNonPassivatingInjectedField.PassivationCapableBeanWithNonPassivatingInterceptorTest.testPassivationCapableBeanWithNonPassivatingInterceptorFails()" name="testPassivationCapableBeanWithNonPassivatingInterceptorFails" class="org.jboss.jsr299.tck.tests.context.passivating.broken.interceptorWithNonPassivatingInjectedField.PassivationCapableBeanWithNonPassivatingInterceptorTest"/>
        <method signature="org.jboss.jsr299.tck.tests.context.passivating.broken.managedBeanWithNonPassivatingDecorator.ManagedBeanWithNonPassivatingDecoratorTest.testManagedBeanWithNonPassivatingDecoratorFails()" name="testManagedBeanWithNonPassivatingDecoratorFails" class="org.jboss.jsr299.tck.tests.context.passivating.broken.managedBeanWithNonPassivatingDecorator.ManagedBeanWithNonPassivatingDecoratorTest"/>
        <method signature="org.jboss.jsr299.tck.tests.context.passivating.broken.managedBeanWithNonSerializableInterceptorClass.ManagedBeanWithNonSerializableInterceptorClassTest.testManagedBeanWithNonSerializableInterceptorClassNotOK()" name="testManagedBeanWithNonSerializableInterceptorClassNotOK" class="org.jboss.jsr299.tck.tests.context.passivating.broken.managedBeanWithNonSerializableInterceptorClass.ManagedBeanWithNonSerializableInterceptorClassTest"/>
        <method signature="org.jboss.jsr299.tck.tests.context.passivating.broken.nonPassivationCapableManagedBeanHasPassivatingScope.NonPassivationManagedBeanHasPassivatingScopeTest.testSimpleWebBeanWithNonSerializableImplementationClassFails()" name="testSimpleWebBeanWithNonSerializableImplementationClassFails" class="org.jboss.jsr299.tck.tests.context.passivating.broken.nonPassivationCapableManagedBeanHasPassivatingScope.NonPassivationManagedBeanHasPassivatingScopeTest"/>
        <method signature="org.jboss.jsr299.tck.tests.context.passivating.broken.passivatingManagedBeanWithNonPassivatingBeanConstructor.PassivatingManagedBeanWithNonPassivatingBeanConstructorTest.testSimpleDependentWebBeanWithNonSerializableImplementationInjectedIntoConstructorParameterOfWebBeanWithPassivatingScopeFails()" name="testSimpleDependentWebBeanWithNonSerializableImplementationInjectedIntoConstructorParameterOfWebBeanWithPassivatingScopeFails" class="org.jboss.jsr299.tck.tests.context.passivating.broken.passivatingManagedBeanWithNonPassivatingBeanConstructor.PassivatingManagedBeanWithNonPassivatingBeanConstructorTest"/>
        <method signature="org.jboss.jsr299.tck.tests.context.passivating.broken.passivatingManagedBeanWithNonPassivatingInitializerMethod.PassivatingManagedBeanWithNonPassivatingInitializerMethodTest.testSimpleDependentWebBeanWithNonSerializableImplementationInjectedIntoInitializerParameterOfWebBeanWithPassivatingScopeFails()" name="testSimpleDependentWebBeanWithNonSerializableImplementationInjectedIntoInitializerParameterOfWebBeanWithPassivatingScopeFails" class="org.jboss.jsr299.tck.tests.context.passivating.broken.passivatingManagedBeanWithNonPassivatingInitializerMethod.PassivatingManagedBeanWithNonPassivatingInitializerMethodTest"/>
        <method signature="org.jboss.jsr299.tck.tests.context.passivating.broken.passivatingManagedBeanWithNonPassivatingInjcetedField.PassivatingManagedBeanWithNonPassivatingInjcetedFieldTest.testSimpleDependentWebBeanWithNonSerializableImplementationInjectedIntoNonTransientFieldOfWebBeanWithPassivatingScopeFails()" name="testSimpleDependentWebBeanWithNonSerializableImplementationInjectedIntoNonTransientFieldOfWebBeanWithPassivatingScopeFails" class="org.jboss.jsr299.tck.tests.context.passivating.broken.passivatingManagedBeanWithNonPassivatingInjcetedField.PassivatingManagedBeanWithNonPassivatingInjcetedFieldTest"/>
        <method signature="org.jboss.jsr299.tck.tests.context.passivating.broken.passivatingProducerMethodWithNonPassivatingParameter.PassivatingProducerMethodWithNonPassivatingParameterTest.testSimpleDependentWebBeanWithNonSerializableImplementationInjectedIntoProducerMethodParameterWithPassivatingScopeFails()" name="testSimpleDependentWebBeanWithNonSerializableImplementationInjectedIntoProducerMethodParameterWithPassivatingScopeFails" class="org.jboss.jsr299.tck.tests.context.passivating.broken.passivatingProducerMethodWithNonPassivatingParameter.PassivatingProducerMethodWithNonPassivatingParameterTest"/>
        <method signature="org.jboss.jsr299.tck.tests.context.passivating.broken.unserializableSimpleInjectedIntoPassivatingEnterpriseBean.UnserializableSimpleInjectedIntoPassivatingEnterpriseBeanTest.testSimpleDependentWebBeanWithNonSerializableImplementationInjectedIntoStatefulSessionBeanFails()" name="testSimpleDependentWebBeanWithNonSerializableImplementationInjectedIntoStatefulSessionBeanFails" class="org.jboss.jsr299.tck.tests.context.passivating.broken.unserializableSimpleInjectedIntoPassivatingEnterpriseBean.UnserializableSimpleInjectedIntoPassivatingEnterpriseBeanTest"/>
        <method signature="org.jboss.jsr299.tck.tests.implementation.simple.lifecycle.unproxyable.UnproxyableManagedBeanTest.testNormalScopedUnproxyableBeanThrowsException()" name="testNormalScopedUnproxyableBeanThrowsException" class="org.jboss.jsr299.tck.tests.implementation.simple.lifecycle.unproxyable.UnproxyableManagedBeanTest"/>
      </group>
      <group name="deployment">
        <method signature="org.jboss.jsr299.tck.tests.implementation.producer.field.definition.ProducerFieldDefinitionTest.testBeanDeclaresMultipleProducerFields()" name="testBeanDeclaresMultipleProducerFields" class="org.jboss.jsr299.tck.tests.implementation.producer.field.definition.ProducerFieldDefinitionTest"/>
        <method signature="org.jboss.jsr299.tck.tests.lookup.manager.ManagerTest.testInjectingManager()" name="testInjectingManager" class="org.jboss.jsr299.tck.tests.lookup.manager.ManagerTest"/>
      </group>
      <group name="beanLifecycle">
        <method signature="org.jboss.jsr299.tck.tests.context.dependent.DependentContextTest.testContextIsActiveDuringBeanCreation()" name="testContextIsActiveDuringBeanCreation" class="org.jboss.jsr299.tck.tests.context.dependent.DependentContextTest"/>
        <method signature="org.jboss.jsr299.tck.tests.implementation.simple.lifecycle.SimpleBeanLifecycleTest.testBeanCreateInjectsDependenciesAndInvokesInitializerToInstantiateInstance()" name="testBeanCreateInjectsDependenciesAndInvokesInitializerToInstantiateInstance" class="org.jboss.jsr299.tck.tests.implementation.simple.lifecycle.SimpleBeanLifecycleTest"/>
        <method signature="org.jboss.jsr299.tck.tests.implementation.simple.lifecycle.SimpleBeanLifecycleTest.testContextCreatesNewInstanceForInjection()" name="testContextCreatesNewInstanceForInjection" class="org.jboss.jsr299.tck.tests.implementation.simple.lifecycle.SimpleBeanLifecycleTest"/>
        <method signature="org.jboss.jsr299.tck.tests.implementation.simple.lifecycle.SimpleBeanLifecycleTest.testContextualDestroyCatchesException()" name="testContextualDestroyCatchesException" class="org.jboss.jsr299.tck.tests.implementation.simple.lifecycle.SimpleBeanLifecycleTest"/>
        <method signature="org.jboss.jsr299.tck.tests.implementation.simple.lifecycle.SimpleBeanLifecycleTest.testContextualDestroyDisposesWhenNecessary()" name="testContextualDestroyDisposesWhenNecessary" class="org.jboss.jsr299.tck.tests.implementation.simple.lifecycle.SimpleBeanLifecycleTest"/>
        <method signature="org.jboss.jsr299.tck.tests.implementation.simple.lifecycle.SimpleBeanLifecycleTest.testCreateReturnsSameBeanPushed()" name="testCreateReturnsSameBeanPushed" class="org.jboss.jsr299.tck.tests.implementation.simple.lifecycle.SimpleBeanLifecycleTest"/>
        <method signature="org.jboss.jsr299.tck.tests.implementation.simple.lifecycle.SimpleBeanLifecycleTest.testDependentsDestroyedAfterPreDestroy()" name="testDependentsDestroyedAfterPreDestroy" class="org.jboss.jsr299.tck.tests.implementation.simple.lifecycle.SimpleBeanLifecycleTest"/>
        <method signature="org.jboss.jsr299.tck.tests.implementation.simple.lifecycle.SimpleBeanLifecycleTest.testManagedBean()" name="testManagedBean" class="org.jboss.jsr299.tck.tests.implementation.simple.lifecycle.SimpleBeanLifecycleTest"/>
        <method signature="org.jboss.jsr299.tck.tests.implementation.simple.lifecycle.SimpleBeanLifecycleTest.testPostConstructPreDestroy()" name="testPostConstructPreDestroy" class="org.jboss.jsr299.tck.tests.implementation.simple.lifecycle.SimpleBeanLifecycleTest"/>
        <method signature="org.jboss.jsr299.tck.tests.lookup.el.ResolutionByNameTest.testContextCreatesNewInstanceForInjection()" name="testContextCreatesNewInstanceForInjection" class="org.jboss.jsr299.tck.tests.lookup.el.ResolutionByNameTest"/>
      </group>
      <group name="beanDestruction">
        <method signature="org.jboss.jsr299.tck.tests.context.dependent.DependentContextTest.testCallingCreationalContextReleaseDestroysDependents()" name="testCallingCreationalContextReleaseDestroysDependents" class="org.jboss.jsr299.tck.tests.context.dependent.DependentContextTest"/>
        <method signature="org.jboss.jsr299.tck.tests.context.dependent.DependentContextTest.testDestroyingManagedParentDestroysDependentsOfSameBean()" name="testDestroyingManagedParentDestroysDependentsOfSameBean" class="org.jboss.jsr299.tck.tests.context.dependent.DependentContextTest"/>
        <method signature="org.jboss.jsr299.tck.tests.context.dependent.DependentContextTest.testDestroyingSimpleParentDestroysDependents()" name="testDestroyingSimpleParentDestroysDependents" class="org.jboss.jsr299.tck.tests.context.dependent.DependentContextTest"/>
      </group>
      <group name="initializerMethod">
        <method signature="org.jboss.jsr299.tck.tests.implementation.initializer.InitializerMethodTest.testBindingTypeOnInitializerParameter()" name="testBindingTypeOnInitializerParameter" class="org.jboss.jsr299.tck.tests.implementation.initializer.InitializerMethodTest"/>
        <method signature="org.jboss.jsr299.tck.tests.implementation.initializer.InitializerMethodTest.testMultipleInitializerMethodsAreCalled()" name="testMultipleInitializerMethodsAreCalled" class="org.jboss.jsr299.tck.tests.implementation.initializer.InitializerMethodTest"/>
        <method signature="org.jboss.jsr299.tck.tests.implementation.initializer.broken.methodAnnotatedProduces.InitializerMethodAnnotatedProducesTest.testInitializerMethodAnnotatedProduces()" name="testInitializerMethodAnnotatedProduces" class="org.jboss.jsr299.tck.tests.implementation.initializer.broken.methodAnnotatedProduces.InitializerMethodAnnotatedProducesTest"/>
        <method signature="org.jboss.jsr299.tck.tests.implementation.initializer.broken.parameterAnnotatedDisposes.ParameterAnnotatedDisposesTest.testInitializerMethodHasParameterAnnotatedDisposes()" name="testInitializerMethodHasParameterAnnotatedDisposes" class="org.jboss.jsr299.tck.tests.implementation.initializer.broken.parameterAnnotatedDisposes.ParameterAnnotatedDisposesTest"/>
        <method signature="org.jboss.jsr299.tck.tests.implementation.initializer.broken.parameterAnnotatedObserves.ParameterAnnotatedObservesTest.testInitializerMethodHasParameterAnnotatedObserves()" name="testInitializerMethodHasParameterAnnotatedObserves" class="org.jboss.jsr299.tck.tests.implementation.initializer.broken.parameterAnnotatedObserves.ParameterAnnotatedObservesTest"/>
      </group>
      <group name="specialization">
        <method signature="org.jboss.jsr299.tck.tests.implementation.simple.lifecycle.SimpleBeanLifecycleTest.testSpecializedBeanExtendsManagedBean()" name="testSpecializedBeanExtendsManagedBean" class="org.jboss.jsr299.tck.tests.implementation.simple.lifecycle.SimpleBeanLifecycleTest"/>
        <method signature="org.jboss.jsr299.tck.tests.inheritance.specialization.enterprise.broken.directlyExtendsNothing.DirectlyExtendsNothingTest.testSpecializingClassDirectlyExtendsNothing()" name="testSpecializingClassDirectlyExtendsNothing" class="org.jboss.jsr299.tck.tests.inheritance.specialization.enterprise.broken.directlyExtendsNothing.DirectlyExtendsNothingTest"/>
        <method signature="org.jboss.jsr299.tck.tests.inheritance.specialization.enterprise.broken.directlyExtendsSimpleBean.DirectlyExtendsSimpleBeanTest.testSpecializingClassDirectlyExtendsSimpleBean()" name="testSpecializingClassDirectlyExtendsSimpleBean" class="org.jboss.jsr299.tck.tests.inheritance.specialization.enterprise.broken.directlyExtendsSimpleBean.DirectlyExtendsSimpleBeanTest"/>
        <method signature="org.jboss.jsr299.tck.tests.inheritance.specialization.enterprise.broken.implementInterfaceAndExtendsNothing.ImplementsInterfaceAndExtendsNothingTest.testSpecializingClassImplementsInterfaceAndExtendsNothing()" name="testSpecializingClassImplementsInterfaceAndExtendsNothing" class="org.jboss.jsr299.tck.tests.inheritance.specialization.enterprise.broken.implementInterfaceAndExtendsNothing.ImplementsInterfaceAndExtendsNothingTest"/>
        <method signature="org.jboss.jsr299.tck.tests.inheritance.specialization.simple.broken.extendejb.SpecializingBeanExtendsEnterpriseBeanTest.testSpecializingClassDirectlyExtendsEnterpriseBean()" name="testSpecializingClassDirectlyExtendsEnterpriseBean" class="org.jboss.jsr299.tck.tests.inheritance.specialization.simple.broken.extendejb.SpecializingBeanExtendsEnterpriseBeanTest"/>
        <method signature="org.jboss.jsr299.tck.tests.inheritance.specialization.simple.broken.noextend1.SpecializingBeanImplementsInterfaceOnly.testSpecializingClassImplementsInterfaceAndExtendsNothing()" name="testSpecializingClassImplementsInterfaceAndExtendsNothing" class="org.jboss.jsr299.tck.tests.inheritance.specialization.simple.broken.noextend1.SpecializingBeanImplementsInterfaceOnly"/>
        <method signature="org.jboss.jsr299.tck.tests.inheritance.specialization.simple.broken.noextend2.SpecializingBeanExtendsNothingTest.testSpecializingClassDirectlyExtendsNothing()" name="testSpecializingClassDirectlyExtendsNothing" class="org.jboss.jsr299.tck.tests.inheritance.specialization.simple.broken.noextend2.SpecializingBeanExtendsNothingTest"/>
        <method signature="org.jboss.jsr299.tck.tests.inheritance.specialization.simple.broken.noextend3.SpecializingClassExtendsNonSimpleBeanTest.testSpecializingClassExtendsNonSimpleBean()" name="testSpecializingClassExtendsNonSimpleBean" class="org.jboss.jsr299.tck.tests.inheritance.specialization.simple.broken.noextend3.SpecializingClassExtendsNonSimpleBeanTest"/>
      </group>
      <group name="enterpriseBeans">
        <method signature="org.jboss.jsr299.tck.tests.implementation.enterprise.broken.singletonWithConversationScope.SingletonWithConversationScopeTest.testSingletonWithConversationScopeFails()" name="testSingletonWithConversationScopeFails" class="org.jboss.jsr299.tck.tests.implementation.enterprise.broken.singletonWithConversationScope.SingletonWithConversationScopeTest"/>
        <method signature="org.jboss.jsr299.tck.tests.implementation.enterprise.broken.statelessWithApplicationScope.StatelessWithApplicationScopeTest.testStatelessWithSessionScopeFails()" name="testStatelessWithSessionScopeFails" class="org.jboss.jsr299.tck.tests.implementation.enterprise.broken.statelessWithApplicationScope.StatelessWithApplicationScopeTest"/>
        <method signature="org.jboss.jsr299.tck.tests.implementation.enterprise.broken.statelessWithConversationScope.StatelessWithConversationScopeTest.testStatelessWithConversationScopeFails()" name="testStatelessWithConversationScopeFails" class="org.jboss.jsr299.tck.tests.implementation.enterprise.broken.statelessWithConversationScope.StatelessWithConversationScopeTest"/>
        <method signature="org.jboss.jsr299.tck.tests.implementation.enterprise.broken.statelessWithRequestScope.StatelessWithRequestScopeTest.testStatelessWithRequestScopeFails()" name="testStatelessWithRequestScopeFails" class="org.jboss.jsr299.tck.tests.implementation.enterprise.broken.statelessWithRequestScope.StatelessWithRequestScopeTest"/>
        <method signature="org.jboss.jsr299.tck.tests.implementation.enterprise.broken.statelessWithSessionScope.StatelessWithSessionScopeTest.testStatelessWithSessionScopeFails()" name="testStatelessWithSessionScopeFails" class="org.jboss.jsr299.tck.tests.implementation.enterprise.broken.statelessWithSessionScope.StatelessWithSessionScopeTest"/>
      </group>
      <group name="passivation">
        <method signature="org.jboss.jsr299.tck.tests.context.passivating.PassivatingContextTest.testBeanWithNonSerializableImplementationInjectedIntoTransientFieldOK()" name="testBeanWithNonSerializableImplementationInjectedIntoTransientFieldOK" class="org.jboss.jsr299.tck.tests.context.passivating.PassivatingContextTest"/>
        <method signature="org.jboss.jsr299.tck.tests.context.passivating.PassivatingContextTest.testManagedBeanWithSerializableDecoratorOK()" name="testManagedBeanWithSerializableDecoratorOK" class="org.jboss.jsr299.tck.tests.context.passivating.PassivatingContextTest"/>
        <method signature="org.jboss.jsr299.tck.tests.context.passivating.PassivatingContextTest.testManagedBeanWithSerializableImplementationClassOK()" name="testManagedBeanWithSerializableImplementationClassOK" class="org.jboss.jsr299.tck.tests.context.passivating.PassivatingContextTest"/>
        <method signature="org.jboss.jsr299.tck.tests.context.passivating.PassivatingContextTest.testManagedBeanWithSerializableInterceptorClassOK()" name="testManagedBeanWithSerializableInterceptorClassOK" class="org.jboss.jsr299.tck.tests.context.passivating.PassivatingContextTest"/>
        <method signature="org.jboss.jsr299.tck.tests.context.passivating.PassivatingContextTest.testPassivationCapableProducerFieldIsOK()" name="testPassivationCapableProducerFieldIsOK" class="org.jboss.jsr299.tck.tests.context.passivating.PassivatingContextTest"/>
        <method signature="org.jboss.jsr299.tck.tests.context.passivating.PassivatingContextTest.testPassivationCapableProducerMethodIsOK()" name="testPassivationCapableProducerMethodIsOK" class="org.jboss.jsr299.tck.tests.context.passivating.PassivatingContextTest"/>
        <method signature="org.jboss.jsr299.tck.tests.context.passivating.PassivatingContextTest.testPassivationOccurs()" name="testPassivationOccurs" class="org.jboss.jsr299.tck.tests.context.passivating.PassivatingContextTest"/>
        <method signature="org.jboss.jsr299.tck.tests.context.passivating.broken.decoratorWithNonPassivatingBeanConstructor.DecoratorWithNonPassivatingBeanConstructorTest.testPassivationCapableBeanWithNonPassivatingDecoratorBeanConstructorFails()" name="testPassivationCapableBeanWithNonPassivatingDecoratorBeanConstructorFails" class="org.jboss.jsr299.tck.tests.context.passivating.broken.decoratorWithNonPassivatingBeanConstructor.DecoratorWithNonPassivatingBeanConstructorTest"/>
        <method signature="org.jboss.jsr299.tck.tests.context.passivating.broken.decoratorWithNonPassivatingInitializerMethod.DecoratorWithNonPassivatingInitializerMethodTest.testPassivationCapableBeanWithNonPassivatingInitializerInDecoratorFails()" name="testPassivationCapableBeanWithNonPassivatingInitializerInDecoratorFails" class="org.jboss.jsr299.tck.tests.context.passivating.broken.decoratorWithNonPassivatingInitializerMethod.DecoratorWithNonPassivatingInitializerMethodTest"/>
        <method signature="org.jboss.jsr299.tck.tests.context.passivating.broken.decoratorWithNonPassivatingInjectedField.DecoratorWithNonPassivatingInjectedFieldTest.testPassivationCapableBeanWithNonPassivatingDecoratorInjectedFieldFails()" name="testPassivationCapableBeanWithNonPassivatingDecoratorInjectedFieldFails" class="org.jboss.jsr299.tck.tests.context.passivating.broken.decoratorWithNonPassivatingInjectedField.DecoratorWithNonPassivatingInjectedFieldTest"/>
        <method signature="org.jboss.jsr299.tck.tests.context.passivating.broken.enterpriseBeanWithNonPassivatingBeanConstructorParameterInInterceptor.EnterpriseBeanWithNonPassivatingBeanConstructorParameterInInterceptorTest.testSessionBeanWithNonPassivatingBeanConstructorParamInInterceptorFails()" name="testSessionBeanWithNonPassivatingBeanConstructorParamInInterceptorFails" class="org.jboss.jsr299.tck.tests.context.passivating.broken.enterpriseBeanWithNonPassivatingBeanConstructorParameterInInterceptor.EnterpriseBeanWithNonPassivatingBeanConstructorParameterInInterceptorTest"/>
        <method signature="org.jboss.jsr299.tck.tests.context.passivating.broken.enterpriseBeanWithNonPassivatingConstructorFieldInDecorator.EnterpriseBeanWithNonPassivatingFieldInDecoratorTest.testSessionBeanWithNonPassivatingConstructorFieldInDecoratorFails()" name="testSessionBeanWithNonPassivatingConstructorFieldInDecoratorFails" class="org.jboss.jsr299.tck.tests.context.passivating.broken.enterpriseBeanWithNonPassivatingConstructorFieldInDecorator.EnterpriseBeanWithNonPassivatingFieldInDecoratorTest"/>
        <method signature="org.jboss.jsr299.tck.tests.context.passivating.broken.enterpriseBeanWithNonPassivatingDecorator.EnterpriseBeanWithNonPassivatingDecoratorTest.testEnterpriseBeanWithNonPassivatingDecoratorFails()" name="testEnterpriseBeanWithNonPassivatingDecoratorFails" class="org.jboss.jsr299.tck.tests.context.passivating.broken.enterpriseBeanWithNonPassivatingDecorator.EnterpriseBeanWithNonPassivatingDecoratorTest"/>
        <method signature="org.jboss.jsr299.tck.tests.context.passivating.broken.enterpriseBeanWithNonPassivatingInitializerInDecorator.EnterpriseBeanWithNonPassivatingInitializerInDecoratorTest.testSessionBeanWithNonPassivatingInitializerFieldInDecoratorFails()" name="testSessionBeanWithNonPassivatingInitializerFieldInDecoratorFails" class="org.jboss.jsr299.tck.tests.context.passivating.broken.enterpriseBeanWithNonPassivatingInitializerInDecorator.EnterpriseBeanWithNonPassivatingInitializerInDecoratorTest"/>
        <method signature="org.jboss.jsr299.tck.tests.context.passivating.broken.enterpriseBeanWithNonPassivatingInitializerParameterInInterceptor.EnterpriseBeanWithNonPassivatingInitializerParameterInInterceptorTest.testSessionBeanWithNonPassivatingInitializerParamInInterceptorFails()" name="testSessionBeanWithNonPassivatingInitializerParamInInterceptorFails" class="org.jboss.jsr299.tck.tests.context.passivating.broken.enterpriseBeanWithNonPassivatingInitializerParameterInInterceptor.EnterpriseBeanWithNonPassivatingInitializerParameterInInterceptorTest"/>
        <method signature="org.jboss.jsr299.tck.tests.context.passivating.broken.enterpriseBeanWithNonPassivatingInjectedFieldInDecorator.EnterpriseBeanWithNonPassivatingInjectedFieldInDecoratorTest.testSessionBeanWithNonPassivatingInjectedFieldInDecoratorFails()" name="testSessionBeanWithNonPassivatingInjectedFieldInDecoratorFails" class="org.jboss.jsr299.tck.tests.context.passivating.broken.enterpriseBeanWithNonPassivatingInjectedFieldInDecorator.EnterpriseBeanWithNonPassivatingInjectedFieldInDecoratorTest"/>
        <method signature="org.jboss.jsr299.tck.tests.context.passivating.broken.enterpriseBeanWithNonPassivatingInjectedFieldInInterceptor.EnterpriseBeanWithNonPassivatingInjectedFieldInInterceptorTest.testSessionBeanWithNonPassivatingInjectedFieldInInterceptorFails()" name="testSessionBeanWithNonPassivatingInjectedFieldInInterceptorFails" class="org.jboss.jsr299.tck.tests.context.passivating.broken.enterpriseBeanWithNonPassivatingInjectedFieldInInterceptor.EnterpriseBeanWithNonPassivatingInjectedFieldInInterceptorTest"/>
        <method signature="org.jboss.jsr299.tck.tests.context.passivating.broken.enterpriseBeanWithNonSerializableIntializerMethod.EnterpriseBeanWithNonSerializableIntializerMethodTest.testDependentBeanWithNonSerializableImplementationInStatefulSessionBeanInitializerFails()" name="testDependentBeanWithNonSerializableImplementationInStatefulSessionBeanInitializerFails" class="org.jboss.jsr299.tck.tests.context.passivating.broken.enterpriseBeanWithNonSerializableIntializerMethod.EnterpriseBeanWithNonSerializableIntializerMethodTest"/>
[...]
        <test-method status="PASS" signature="afterClass()" name="afterClass" is-config="true" duration-ms="1" started-at="2012-09-04T12:46:47Z" finished-at="2012-09-04T12:46:47Z">
        </test-method>
      </class>
      <class name="org.jboss.jsr299.tck.tests.definition.name.NameDefinitionTest">
        <test-method status="PASS" signature="beforeClass()" name="beforeClass" is-config="true" duration-ms="45" started-at="2012-09-04T12:46:50Z" finished-at="2012-09-04T12:46:50Z">
        </test-method>
        <test-method status="PASS" signature="testDefaultNamed()" name="testDefaultNamed" duration-ms="0" started-at="2012-09-04T12:46:50Z" finished-at="2012-09-04T12:46:50Z">
        </test-method>
        <test-method status="PASS" signature="testNonDefaultNamed()" name="testNonDefaultNamed" duration-ms="1" started-at="2012-09-04T12:46:50Z" finished-at="2012-09-04T12:46:50Z">
        </test-method>
        <test-method status="PASS" signature="testNotNamedInStereotype()" name="testNotNamedInStereotype" duration-ms="0" started-at="2012-09-04T12:46:50Z" finished-at="2012-09-04T12:46:50Z">
        </test-method>
        <test-method status="PASS" signature="testStereotypeDefaultsName()" name="testStereotypeDefaultsName" duration-ms="0" started-at="2012-09-04T12:46:50Z" finished-at="2012-09-04T12:46:50Z">
        </test-method>
        <test-method status="PASS" signature="afterClass()" name="afterClass" is-config="true" duration-ms="1" started-at="2012-09-04T12:46:50Z" finished-at="2012-09-04T12:46:50Z">
        </test-method>
        <test-method status="PASS" signature="testNotNamedInJava()" name="testNotNamedInJava" duration-ms="0" started-at="2012-09-04T12:46:50Z" finished-at="2012-09-04T12:46:50Z">
        </test-method>
      </class>
      <class name="org.jboss.jsr299.tck.tests.extensions.beanManager.BeanManagerTest">
        <test-method status="PASS" signature="beforeClass()" name="beforeClass" is-config="true" duration-ms="27" started-at="2012-09-04T12:46:51Z" finished-at="2012-09-04T12:46:51Z">
        </test-method>
        <test-method status="PASS" signature="testAmbiguousDependencyResolved()" name="testAmbiguousDependencyResolved" duration-ms="1" started-at="2012-09-04T12:46:51Z" finished-at="2012-09-04T12:46:51Z">
        </test-method>
        <test-method status="PASS" signature="testAmbiguousDependencyNotResolved()" name="testAmbiguousDependencyNotResolved" duration-ms="0" started-at="2012-09-04T12:46:51Z" finished-at="2012-09-04T12:46:51Z">
          <exception class="org.jboss.weld.exceptions.AmbiguousResolutionException">
            <message>
              <![CDATA[WELD-001318 Cannot resolve an ambiguous dependency between [Managed Bean [class org.jboss.jsr299.tck.tests.extensions.beanManager.Terrier] with qualifiers [@Any @Default], Managed Bean [class org.jboss.jsr299.tck.tests.extensions.beanManager.Dog] with qualifiers [@Any @Default]]]]>
            </message>
            <full-stacktrace>
              <![CDATA[org.jboss.weld.exceptions.AmbiguousResolutionException: WELD-001318 Cannot resolve an ambiguous dependency between [Managed Bean [class org.jboss.jsr299.tck.tests.extensions.beanManager.Terrier] with qualifiers [@Any @Default], Managed Bean [class org.jboss.jsr299.tck.tests.extensions.beanManager.Dog] with qualifiers [@Any @Default]]
	at org.jboss.weld.manager.BeanManagerImpl.resolve(BeanManagerImpl.java:1029)
	at org.jboss.jsr299.tck.tests.extensions.beanManager.BeanManagerTest.testAmbiguousDependencyNotResolved(BeanManagerTest.java:85)
	at sun.reflect.NativeMethodAccessorImpl.invoke0(Native Method)
	at sun.reflect.NativeMethodAccessorImpl.invoke(NativeMethodAccessorImpl.java:39)
	at sun.reflect.DelegatingMethodAccessorImpl.invoke(DelegatingMethodAccessorImpl.java:25)
	at java.lang.reflect.Method.invoke(Method.java:597)
	at org.testng.internal.MethodHelper.invokeMethod(MethodHelper.java:609)
	at org.testng.internal.MethodHelper$1.runTestMethod(MethodHelper.java:727)
	at org.jboss.testharness.AbstractTest.run(AbstractTest.java:244)
	at sun.reflect.GeneratedMethodAccessor3.invoke(Unknown Source)
	at sun.reflect.DelegatingMethodAccessorImpl.invoke(DelegatingMethodAccessorImpl.java:25)
	at java.lang.reflect.Method.invoke(Method.java:597)
	at org.testng.internal.MethodHelper.invokeHookable(MethodHelper.java:735)
	at org.testng.internal.Invoker.invokeMethod(Invoker.java:525)
	at org.testng.internal.Invoker.invokeTestMethod(Invoker.java:686)
	at org.testng.internal.Invoker.invokeTestMethods(Invoker.java:1018)
	at org.testng.internal.TestMethodWorker.invokeTestMethods(TestMethodWorker.java:128)
	at org.testng.internal.TestMethodWorker.run(TestMethodWorker.java:112)
	at org.testng.TestRunner.runWorkers(TestRunner.java:759)
	at org.testng.TestRunner.privateRun(TestRunner.java:592)
	at org.testng.TestRunner.run(TestRunner.java:486)
	at org.testng.SuiteRunner.runTest(SuiteRunner.java:332)
	at org.testng.SuiteRunner.runSequentially(SuiteRunner.java:327)
	at org.testng.SuiteRunner.privateRun(SuiteRunner.java:299)
	at org.testng.SuiteRunner.run(SuiteRunner.java:204)
	at org.testng.TestNG.createAndRunSuiteRunners(TestNG.java:912)
	at org.testng.TestNG.runSuitesLocally(TestNG.java:876)
	at org.testng.TestNG.run(TestNG.java:784)
	at org.apache.maven.surefire.testng.TestNGExecutor.run(TestNGExecutor.java:73)
	at org.apache.maven.surefire.testng.TestNGXmlTestSuite.execute(TestNGXmlTestSuite.java:94)
	at org.apache.maven.surefire.Surefire.run(Surefire.java:169)
	at sun.reflect.NativeMethodAccessorImpl.invoke0(Native Method)
	at sun.reflect.NativeMethodAccessorImpl.invoke(NativeMethodAccessorImpl.java:39)
	at sun.reflect.DelegatingMethodAccessorImpl.invoke(DelegatingMethodAccessorImpl.java:25)
	at java.lang.reflect.Method.invoke(Method.java:597)
	at org.apache.maven.surefire.booter.SurefireBooter.runSuitesInProcess(SurefireBooter.java:350)
	at org.apache.maven.surefire.booter.SurefireBooter.main(SurefireBooter.java:1021)
]]>
            </full-stacktrace>
          </exception>
        </test-method>
        <test-method status="PASS" signature="testDetermineInterceptorBindingType()" name="testDetermineInterceptorBindingType" duration-ms="0" started-at="2012-09-04T12:46:51Z" finished-at="2012-09-04T12:46:51Z">
        </test-method>
        <test-method status="PASS" signature="testDetermineBindingType()" name="testDetermineBindingType" duration-ms="0" started-at="2012-09-04T12:46:51Z" finished-at="2012-09-04T12:46:51Z">
        </test-method>
        <test-method status="PASS" signature="testDetermineScopeType()" name="testDetermineScopeType" duration-ms="1" started-at="2012-09-04T12:46:51Z" finished-at="2012-09-04T12:46:51Z">
        </test-method>
        <test-method status="PASS" signature="testDetermineStereotype()" name="testDetermineStereotype" duration-ms="0" started-at="2012-09-04T12:46:51Z" finished-at="2012-09-04T12:46:51Z">
        </test-method>
        <test-method status="PASS" signature="testGetMetaAnnotationsForInterceptorBindingType()" name="testGetMetaAnnotationsForInterceptorBindingType" duration-ms="0" started-at="2012-09-04T12:46:51Z" finished-at="2012-09-04T12:46:51Z">
        </test-method>
        <test-method status="PASS" signature="testGetELResolver()" name="testGetELResolver" duration-ms="0" started-at="2012-09-04T12:46:51Z" finished-at="2012-09-04T12:46:51Z">
        </test-method>
        <test-method status="PASS" signature="testGetMetaAnnotationsForStereotype()" name="testGetMetaAnnotationsForStereotype" duration-ms="1" started-at="2012-09-04T12:46:51Z" finished-at="2012-09-04T12:46:51Z">
        </test-method>
        <test-method status="PASS" signature="testObtainingInjectionTarget()" name="testObtainingInjectionTarget" duration-ms="0" started-at="2012-09-04T12:46:51Z" finished-at="2012-09-04T12:46:51Z">
        </test-method>
        <test-method status="PASS" signature="testValidateThrowsException()" name="testValidateThrowsException" duration-ms="4" started-at="2012-09-04T12:46:51Z" finished-at="2012-09-04T12:46:51Z">
          <exception class="org.jboss.weld.exceptions.InjectionException">
            <message>
              <![CDATA[WELD-001409 Ambiguous dependencies for type [Dog] with qualifiers [@Default] at injection point [org.jboss.jsr299.tck.tests.extensions.beanManager.InjectionPointDecorator@5412a54b]. Possible dependencies [[Managed Bean [class org.jboss.jsr299.tck.tests.extensions.beanManager.Terrier] with qualifiers [@Any @Default], Managed Bean [class org.jboss.jsr299.tck.tests.extensions.beanManager.Dog] with qualifiers [@Any @Default]]]]]>
            </message>
            <full-stacktrace>
              <![CDATA[org.jboss.weld.exceptions.InjectionException: WELD-001409 Ambiguous dependencies for type [Dog] with qualifiers [@Default] at injection point [org.jboss.jsr299.tck.tests.extensions.beanManager.InjectionPointDecorator@5412a54b]. Possible dependencies [[Managed Bean [class org.jboss.jsr299.tck.tests.extensions.beanManager.Terrier] with qualifiers [@Any @Default], Managed Bean [class org.jboss.jsr299.tck.tests.extensions.beanManager.Dog] with qualifiers [@Any @Default]]]
	at org.jboss.weld.manager.BeanManagerImpl.validate(BeanManagerImpl.java:950)
	at org.jboss.jsr299.tck.tests.extensions.beanManager.BeanManagerTest.testValidateThrowsException(BeanManagerTest.java:95)
	at sun.reflect.NativeMethodAccessorImpl.invoke0(Native Method)
	at sun.reflect.NativeMethodAccessorImpl.invoke(NativeMethodAccessorImpl.java:39)
	at sun.reflect.DelegatingMethodAccessorImpl.invoke(DelegatingMethodAccessorImpl.java:25)
	at java.lang.reflect.Method.invoke(Method.java:597)
	at org.testng.internal.MethodHelper.invokeMethod(MethodHelper.java:609)
	at org.testng.internal.MethodHelper$1.runTestMethod(MethodHelper.java:727)
	at org.jboss.testharness.AbstractTest.run(AbstractTest.java:244)
	at sun.reflect.GeneratedMethodAccessor3.invoke(Unknown Source)
	at sun.reflect.DelegatingMethodAccessorImpl.invoke(DelegatingMethodAccessorImpl.java:25)
	at java.lang.reflect.Method.invoke(Method.java:597)
	at org.testng.internal.MethodHelper.invokeHookable(MethodHelper.java:735)
	at org.testng.internal.Invoker.invokeMethod(Invoker.java:525)
	at org.testng.internal.Invoker.invokeTestMethod(Invoker.java:686)
	at org.testng.internal.Invoker.invokeTestMethods(Invoker.java:1018)
	at org.testng.internal.TestMethodWorker.invokeTestMethods(TestMethodWorker.java:128)
	at org.testng.internal.TestMethodWorker.run(TestMethodWorker.java:112)
	at org.testng.TestRunner.runWorkers(TestRunner.java:759)
	at org.testng.TestRunner.privateRun(TestRunner.java:592)
	at org.testng.TestRunner.run(TestRunner.java:486)
	at org.testng.SuiteRunner.runTest(SuiteRunner.java:332)
	at org.testng.SuiteRunner.runSequentially(SuiteRunner.java:327)
	at org.testng.SuiteRunner.privateRun(SuiteRunner.java:299)
	at org.testng.SuiteRunner.run(SuiteRunner.java:204)
	at org.testng.TestNG.createAndRunSuiteRunners(TestNG.java:912)
	at org.testng.TestNG.runSuitesLocally(TestNG.java:876)
	at org.testng.TestNG.run(TestNG.java:784)
	at org.apache.maven.surefire.testng.TestNGExecutor.run(TestNGExecutor.java:73)
	at org.apache.maven.surefire.testng.TestNGXmlTestSuite.execute(TestNGXmlTestSuite.java:94)
	at org.apache.maven.surefire.Surefire.run(Surefire.java:169)
	at sun.reflect.NativeMethodAccessorImpl.invoke0(Native Method)
	at sun.reflect.NativeMethodAccessorImpl.invoke(NativeMethodAccessorImpl.java:39)
	at sun.reflect.DelegatingMethodAccessorImpl.invoke(DelegatingMethodAccessorImpl.java:25)
	at java.lang.reflect.Method.invoke(Method.java:597)
	at org.apache.maven.surefire.booter.SurefireBooter.runSuitesInProcess(SurefireBooter.java:350)
	at org.apache.maven.surefire.booter.SurefireBooter.main(SurefireBooter.java:1021)
]]>
            </full-stacktrace>
          </exception>
        </test-method>
        <test-method status="PASS" signature="testObtainingAnnotatedType()" name="testObtainingAnnotatedType" duration-ms="0" started-at="2012-09-04T12:46:51Z" finished-at="2012-09-04T12:46:51Z">
        </test-method>
        <test-method status="PASS" signature="testgetScope()" name="testgetScope" duration-ms="0" started-at="2012-09-04T12:46:51Z" finished-at="2012-09-04T12:46:51Z">
        </test-method>
        <test-method status="PASS" signature="afterClass()" name="afterClass" is-config="true" duration-ms="1" started-at="2012-09-04T12:46:51Z" finished-at="2012-09-04T12:46:51Z">
        </test-method>
      </class>
      <class name="org.jboss.jsr299.tck.tests.lookup.injection.any.AnyInjectionTest">
        <test-method status="PASS" signature="beforeClass()" name="beforeClass" is-config="true" duration-ms="19" started-at="2012-09-04T12:46:53Z" finished-at="2012-09-04T12:46:53Z">
        </test-method>
        <test-method status="PASS" signature="testAnyInjectionIfExactlyOneBeanForType()" name="testAnyInjectionIfExactlyOneBeanForType" duration-ms="1" started-at="2012-09-04T12:46:53Z" finished-at="2012-09-04T12:46:53Z">
        </test-method>
        <test-method status="PASS" signature="afterClass()" name="afterClass" is-config="true" duration-ms="0" started-at="2012-09-04T12:46:53Z" finished-at="2012-09-04T12:46:53Z">
        </test-method>
      </class>
      <class name="org.jboss.jsr299.tck.tests.context.passivating.broken.decoratorWithNonPassivatingInjectedField.DecoratorWithNonPassivatingInjectedFieldTest">
        <test-method status="PASS" signature="beforeClass()" name="beforeClass" is-config="true" duration-ms="50" started-at="2012-09-04T12:46:48Z" finished-at="2012-09-04T12:46:48Z">
        </test-method>
        <test-method status="PASS" signature="testPassivationCapableBeanWithNonPassivatingDecoratorInjectedFieldFails()" name="testPassivationCapableBeanWithNonPassivatingDecoratorInjectedFieldFails" duration-ms="0" started-at="2012-09-04T12:46:48Z" finished-at="2012-09-04T12:46:48Z">
        </test-method>
        <test-method status="PASS" signature="afterClass()" name="afterClass" is-config="true" duration-ms="1" started-at="2012-09-04T12:46:48Z" finished-at="2012-09-04T12:46:48Z">
        </test-method>
      </class>
      <class name="org.jboss.jsr299.tck.tests.decorators.invocation.producer.method.DecoratorInvocationTest">
        <test-method status="PASS" signature="beforeClass()" name="beforeClass" is-config="true" duration-ms="35" started-at="2012-09-04T12:46:50Z" finished-at="2012-09-04T12:46:50Z">
        </test-method>
        <test-method status="PASS" signature="testDecoratorInvocation()" name="testDecoratorInvocation" duration-ms="2" started-at="2012-09-04T12:46:50Z" finished-at="2012-09-04T12:46:50Z">
        </test-method>
        <test-method status="PASS" signature="afterClass()" name="afterClass" is-config="true" duration-ms="1" started-at="2012-09-04T12:46:50Z" finished-at="2012-09-04T12:46:50Z">
        </test-method>
      </class>
      <class name="org.jboss.jsr299.tck.tests.context.GetWithNoCreationalContextTest">
        <test-method status="PASS" signature="beforeClass()" name="beforeClass" is-config="true" duration-ms="65" started-at="2012-09-04T12:46:47Z" finished-at="2012-09-04T12:46:47Z">
        </test-method>
        <test-method status="PASS" signature="afterClass()" name="afterClass" is-config="true" duration-ms="2" started-at="2012-09-04T12:46:47Z" finished-at="2012-09-04T12:46:47Z">
        </test-method>
        <test-method status="PASS" signature="testGetWithoutCreationalContextReturnsNull()" name="testGetWithoutCreationalContextReturnsNull" duration-ms="0" started-at="2012-09-04T12:46:47Z" finished-at="2012-09-04T12:46:47Z">
        </test-method>
      </class>
      <class name="org.jboss.jsr299.tck.tests.definition.scope.enterprise.EnterpriseScopeDefinitionTest">
        <test-method status="PASS" signature="beforeClass()" name="beforeClass" is-config="true" duration-ms="33" started-at="2012-09-04T12:46:50Z" finished-at="2012-09-04T12:46:50Z">
        </test-method>
        <test-method status="PASS" signature="testScopeTypeNotDeclaredInheritedIsNotIndirectlyInherited()" name="testScopeTypeNotDeclaredInheritedIsNotIndirectlyInherited" duration-ms="0" started-at="2012-09-04T12:46:50Z" finished-at="2012-09-04T12:46:50Z">
        </test-method>
        <test-method status="PASS" signature="testScopeTypeDeclaredInheritedIsIndirectlyInherited()" name="testScopeTypeDeclaredInheritedIsIndirectlyInherited" duration-ms="0" started-at="2012-09-04T12:46:50Z" finished-at="2012-09-04T12:46:50Z">
        </test-method>
        <test-method status="PASS" signature="testScopeTypeNotDeclaredInheritedIsNotInherited()" name="testScopeTypeNotDeclaredInheritedIsNotInherited" duration-ms="1" started-at="2012-09-04T12:46:50Z" finished-at="2012-09-04T12:46:50Z">
        </test-method>
        <test-method status="PASS" signature="testScopeTypeDeclaredInheritedIsInherited()" name="testScopeTypeDeclaredInheritedIsInherited" duration-ms="0" started-at="2012-09-04T12:46:50Z" finished-at="2012-09-04T12:46:50Z">
        </test-method>
        <test-method status="PASS" signature="afterClass()" name="afterClass" is-config="true" duration-ms="0" started-at="2012-09-04T12:46:50Z" finished-at="2012-09-04T12:46:50Z">
        </test-method>
      </class>
      <class name="org.jboss.jsr299.tck.tests.implementation.enterprise.broken.singletonWithRequestScope.SingletonWithRequestScopeTest">
        <test-method status="PASS" signature="beforeClass()" name="beforeClass" is-config="true" duration-ms="19" started-at="2012-09-04T12:46:51Z" finished-at="2012-09-04T12:46:51Z">
        </test-method>
        <test-method status="PASS" signature="afterClass()" name="afterClass" is-config="true" duration-ms="0" started-at="2012-09-04T12:46:51Z" finished-at="2012-09-04T12:46:51Z">
        </test-method>
        <test-method status="PASS" signature="testSingletonWithRequestScopeFails()" name="testSingletonWithRequestScopeFails" duration-ms="0" started-at="2012-09-04T12:46:51Z" finished-at="2012-09-04T12:46:51Z">
        </test-method>
      </class>
      <class name="org.jboss.jsr299.tck.tests.inheritance.specialization.simple.SimpleBeanSpecializationTest">
        <test-method status="PASS" signature="beforeClass()" name="beforeClass" is-config="true" duration-ms="33" started-at="2012-09-04T12:46:52Z" finished-at="2012-09-04T12:46:52Z">
        </test-method>
        <test-method status="PASS" signature="testSpecializingBeanHasNameOfSpecializedBean()" name="testSpecializingBeanHasNameOfSpecializedBean" duration-ms="1" started-at="2012-09-04T12:46:52Z" finished-at="2012-09-04T12:46:52Z">
        </test-method>
        <test-method status="PASS" signature="testSpecializingBeanHasQualifiersOfSpecializedAndSpecializingBean()" name="testSpecializingBeanHasQualifiersOfSpecializedAndSpecializingBean" duration-ms="0" started-at="2012-09-04T12:46:52Z" finished-at="2012-09-04T12:46:52Z">
        </test-method>
        <test-method status="PASS" signature="afterClass()" name="afterClass" is-config="true" duration-ms="0" started-at="2012-09-04T12:46:52Z" finished-at="2012-09-04T12:46:52Z">
        </test-method>
      </class>
      <class name="org.jboss.jsr299.tck.tests.inheritance.specialization.producer.method.broken.indirectOverride.IndirectOverrideTest">
        <test-method status="PASS" signature="beforeClass()" name="beforeClass" is-config="true" duration-ms="17" started-at="2012-09-04T12:46:52Z" finished-at="2012-09-04T12:46:52Z">
        </test-method>
        <test-method status="PASS" signature="testSpecializedMethodIndirectlyOverridesAnotherProducerMethod()" name="testSpecializedMethodIndirectlyOverridesAnotherProducerMethod" duration-ms="0" started-at="2012-09-04T12:46:52Z" finished-at="2012-09-04T12:46:52Z">
        </test-method>
        <test-method status="PASS" signature="afterClass()" name="afterClass" is-config="true" duration-ms="1" started-at="2012-09-04T12:46:52Z" finished-at="2012-09-04T12:46:52Z">
        </test-method>
      </class>
    </test>
  </suite>
</testng-results>
