<?xml version="1.0" encoding="UTF-8"?>
<testsuite name="CDI TCK" failures="0" tests="576" time="8.118" errors="0">
  <properties/>
  <testcase name="testPackagePrivateAroundInvokeInterceptor" time="0.01" classname="org.jboss.jsr299.tck.interceptors.tests.aroundInvoke.AroundInvokeInterceptorTest"/>
  <testcase name="testPrivateAroundInvokeInterceptor" time="0.0010" classname="org.jboss.jsr299.tck.interceptors.tests.aroundInvoke.AroundInvokeInterceptorTest"/>
  <testcase name="testProtectedAroundInvokeInterceptor" time="0.0010" classname="org.jboss.jsr299.tck.interceptors.tests.aroundInvoke.AroundInvokeInterceptorTest"/>
  <testcase name="testInvocationOrder" time="0.0" classname="org.jboss.jsr299.tck.interceptors.tests.aroundInvoke.exception.ExceptionTest"/>
  <testcase name="testInvocationOrder" time="0.0020" classname="org.jboss.jsr299.tck.interceptors.tests.aroundInvoke.order.InvocationOrderTest"/>
  <testcase name="testInterceptorMethodDefinedOnTargetClass" time="0.0010" classname="org.jboss.jsr299.tck.interceptors.tests.definition.DefinitionTest"/>
  <testcase name="testBusinessMethodNotCalledWithoutProceedInvocation" time="0.0030" classname="org.jboss.jsr299.tck.interceptors.tests.invocationContext.InvocationContextTest"/>
  <testcase name="testContextData" time="0.0010" classname="org.jboss.jsr299.tck.interceptors.tests.invocationContext.InvocationContextTest"/>
  <testcase name="testGetMethodForAroundInvokeInterceptorMethod" time="0.0010" classname="org.jboss.jsr299.tck.interceptors.tests.invocationContext.InvocationContextTest"/>
  <testcase name="testGetMethodForLifecycleCallbackInterceptorMethod" time="0.0010" classname="org.jboss.jsr299.tck.interceptors.tests.invocationContext.InvocationContextTest"/>
  <testcase name="testGetTargetMethod" time="0.0010" classname="org.jboss.jsr299.tck.interceptors.tests.invocationContext.InvocationContextTest"/>
  <testcase name="testGetTimerMethod" time="0.0010" classname="org.jboss.jsr299.tck.interceptors.tests.invocationContext.InvocationContextTest"/>
  <testcase name="testIllegalNumberOfParameters" time="0.0010" classname="org.jboss.jsr299.tck.interceptors.tests.invocationContext.InvocationContextTest"/>
  <testcase name="testIllegalTypeOfParameters" time="0.0020" classname="org.jboss.jsr299.tck.interceptors.tests.invocationContext.InvocationContextTest"/>
  <testcase name="testMethodParameters" time="0.0010" classname="org.jboss.jsr299.tck.interceptors.tests.invocationContext.InvocationContextTest"/>
  <testcase name="testProceedReturnsNullForVoidMethod" time="0.0010" classname="org.jboss.jsr299.tck.interceptors.tests.invocationContext.InvocationContextTest"/>
  <testcase name="testAroundInvokeAndLifeCycleCallbackInterceptorsCanBeDefinedOnTheSameClass" time="0.0010" classname="org.jboss.jsr299.tck.interceptors.tests.lifecycleCallback.LifecycleCallbackInterceptorTest"/>
  <testcase name="testLifeCycleCallbackInterceptorNotInvokedForMethodLevelInterceptor" time="0.0" classname="org.jboss.jsr299.tck.interceptors.tests.lifecycleCallback.LifecycleCallbackInterceptorTest"/>
  <testcase name="testPackagePrivateLifecycleInterceptorMethod" time="0.0010" classname="org.jboss.jsr299.tck.interceptors.tests.lifecycleCallback.LifecycleCallbackInterceptorTest"/>
  <testcase name="testPostConstructInterceptor" time="0.0" classname="org.jboss.jsr299.tck.interceptors.tests.lifecycleCallback.LifecycleCallbackInterceptorTest"/>
  <testcase name="testPreDestroyInterceptor" time="0.0010" classname="org.jboss.jsr299.tck.interceptors.tests.lifecycleCallback.LifecycleCallbackInterceptorTest"/>
  <testcase name="testPrivateLifecycleInterceptorMethod" time="0.0" classname="org.jboss.jsr299.tck.interceptors.tests.lifecycleCallback.LifecycleCallbackInterceptorTest"/>
  <testcase name="testProtectedLifecycleInterceptorMethod" time="0.0010" classname="org.jboss.jsr299.tck.interceptors.tests.lifecycleCallback.LifecycleCallbackInterceptorTest"/>
  <testcase name="testPublicLifecycleInterceptorMethod" time="0.0" classname="org.jboss.jsr299.tck.interceptors.tests.lifecycleCallback.LifecycleCallbackInterceptorTest"/>
  <testcase name="testLifecycleCallbackInterceptorCanCatchException" time="0.0010" classname="org.jboss.jsr299.tck.interceptors.tests.lifecycleCallback.exceptions.LifecycleCallbackInterceptorExceptionTest"/>
  <testcase name="testPostConstructCanThrowRuntimeException" time="0.0010" classname="org.jboss.jsr299.tck.interceptors.tests.lifecycleCallback.exceptions.LifecycleCallbackInterceptorExceptionTest"/>
  <testcase name="testInvocationOrder" time="0.0020" classname="org.jboss.jsr299.tck.interceptors.tests.lifecycleCallback.order.InvocationOrderTest"/>
  <testcase name="testExcludeClassInterceptors" time="0.0010" classname="org.jboss.jsr299.tck.interceptors.tests.method.MethodLevelInterceptorTest"/>
  <testcase name="testInterceptorCanBeAppliedToMoreThanOneMethod" time="0.0010" classname="org.jboss.jsr299.tck.interceptors.tests.method.MethodLevelInterceptorTest"/>
  <testcase name="testDestroyForSameCreationalContextOnly" time="0.0010" classname="org.jboss.jsr299.tck.tests.context.DestroyForSameCreationalContext2Test"/>
  <testcase name="testDestroyForSameCreationalContextOnly" time="0.0" classname="org.jboss.jsr299.tck.tests.context.DestroyForSameCreationalContextTest"/>
  <testcase name="testGetMayNotCreateNewInstanceUnlessCreationalContextGiven" time="0.0020" classname="org.jboss.jsr299.tck.tests.context.GetFromContextualTest"/>
  <testcase name="testInvokingGetOnInactiveContextFails" time="0.0010" classname="org.jboss.jsr299.tck.tests.context.GetOnInactiveContextTest"/>
  <testcase name="testGetWithoutCreationalContextReturnsNull" time="0.0" classname="org.jboss.jsr299.tck.tests.context.GetWithNoCreationalContextTest"/>
  <testcase name="testCallingCreationalContextReleaseDestroysDependents" time="0.0020" classname="org.jboss.jsr299.tck.tests.context.dependent.DependentContextTest"/>
  <testcase name="testContextGetWithCreateFalseReturnsNull" time="0.0" classname="org.jboss.jsr299.tck.tests.context.dependent.DependentContextTest"/>
  <testcase name="testContextGetWithCreationalContextReturnsNewInstance" time="0.0" classname="org.jboss.jsr299.tck.tests.context.dependent.DependentContextTest"/>
  <testcase name="testContextIsActive" time="0.0" classname="org.jboss.jsr299.tck.tests.context.dependent.DependentContextTest"/>
  <testcase name="testContextIsActiveDuringBeanCreation" time="0.0" classname="org.jboss.jsr299.tck.tests.context.dependent.DependentContextTest"/>
  <testcase name="testContextIsActiveDuringInjection" time="0.0" classname="org.jboss.jsr299.tck.tests.context.dependent.DependentContextTest"/>
  <testcase name="testContextIsActiveWhenCreatingObserverMethodInstance" time="0.01" classname="org.jboss.jsr299.tck.tests.context.dependent.DependentContextTest"/>
  <testcase name="testContextIsActiveWhenEvaluatingElExpression" time="0.037" classname="org.jboss.jsr299.tck.tests.context.dependent.DependentContextTest"/>
  <testcase name="testContextIsActiveWhenInvokingDisposalMethod" time="0.0010" classname="org.jboss.jsr299.tck.tests.context.dependent.DependentContextTest"/>
  <testcase name="testContextIsActiveWhenInvokingProducerField" time="0.0" classname="org.jboss.jsr299.tck.tests.context.dependent.DependentContextTest"/>
  <testcase name="testContextIsActiveWhenInvokingProducerMethod" time="0.0010" classname="org.jboss.jsr299.tck.tests.context.dependent.DependentContextTest"/>
  <testcase name="testContextScopeType" time="0.0" classname="org.jboss.jsr299.tck.tests.context.dependent.DependentContextTest"/>
  <testcase name="testDependentBeanIsDependentObjectOfBeanInjectedInto" time="0.0010" classname="org.jboss.jsr299.tck.tests.context.dependent.DependentContextTest"/>
  <testcase name="testDependentScopedDecoratorsAreDependentObjectsOfBean" time="0.0030" classname="org.jboss.jsr299.tck.tests.context.dependent.DependentContextTest"/>
  <testcase name="testDependentScopedInterceptorsAreDependentObjectsOfBean" time="0.0010" classname="org.jboss.jsr299.tck.tests.context.dependent.DependentContextTest"/>
  <testcase name="testDependentsDestroyedWhenDisposerMethodCompletes" time="0.0010" classname="org.jboss.jsr299.tck.tests.context.dependent.DependentContextTest"/>
  <testcase name="testDependentsDestroyedWhenElEvaluationCompletes" time="0.0010" classname="org.jboss.jsr299.tck.tests.context.dependent.DependentContextTest"/>
  <testcase name="testDependentsDestroyedWhenObserverMethodEvaluationCompletes" time="0.0" classname="org.jboss.jsr299.tck.tests.context.dependent.DependentContextTest"/>
  <testcase name="testDependentsDestroyedWhenProducerFieldCompletes" time="0.0010" classname="org.jboss.jsr299.tck.tests.context.dependent.DependentContextTest"/>
  <testcase name="testDependentsDestroyedWhenProducerMethodCompletes" time="0.0010" classname="org.jboss.jsr299.tck.tests.context.dependent.DependentContextTest"/>
  <testcase name="testDestroyingManagedParentDestroysDependentsOfSameBean" time="0.0" classname="org.jboss.jsr299.tck.tests.context.dependent.DependentContextTest"/>
  <testcase name="testDestroyingSimpleParentDestroysDependents" time="0.0010" classname="org.jboss.jsr299.tck.tests.context.dependent.DependentContextTest"/>
  <testcase name="testInstanceNotSharedBetweenInjectionPoints" time="0.0" classname="org.jboss.jsr299.tck.tests.context.dependent.DependentContextTest"/>
  <testcase name="testInstanceUsedForDisposalMethodNotShared" time="0.0010" classname="org.jboss.jsr299.tck.tests.context.dependent.DependentContextTest"/>
  <testcase name="testInstanceUsedForElEvaluationNotShared" time="0.0010" classname="org.jboss.jsr299.tck.tests.context.dependent.DependentContextTest"/>
  <testcase name="testInstanceUsedForObserverMethodNotShared" time="0.0" classname="org.jboss.jsr299.tck.tests.context.dependent.DependentContextTest"/>
  <testcase name="testInstanceUsedForProducerFieldNotShared" time="0.0010" classname="org.jboss.jsr299.tck.tests.context.dependent.DependentContextTest"/>
  <testcase name="testInstanceUsedForProducerMethodNotShared" time="0.0" classname="org.jboss.jsr299.tck.tests.context.dependent.DependentContextTest"/>
  <testcase name="testBeanWithNonSerializableImplementationInjectedIntoTransientFieldOK" time="0.0010" classname="org.jboss.jsr299.tck.tests.context.passivating.PassivatingContextTest"/>
  <testcase name="testInjectionOfDependentPrimitiveProductIntoNormalBean" time="0.0030" classname="org.jboss.jsr299.tck.tests.context.passivating.PassivatingContextTest"/>
  <testcase name="testInjectionOfDependentSerializableProductIntoNormalBean" time="0.0020" classname="org.jboss.jsr299.tck.tests.context.passivating.PassivatingContextTest"/>
  <testcase name="testManagedBeanWithSerializableDecoratorOK" time="0.0" classname="org.jboss.jsr299.tck.tests.context.passivating.PassivatingContextTest"/>
  <testcase name="testManagedBeanWithSerializableImplementationClassOK" time="0.0" classname="org.jboss.jsr299.tck.tests.context.passivating.PassivatingContextTest"/>
  <testcase name="testManagedBeanWithSerializableInterceptorClassOK" time="0.0" classname="org.jboss.jsr299.tck.tests.context.passivating.PassivatingContextTest"/>
  <testcase name="testNonSerializableProducerFieldDeclaredPassivatingThrowsIllegalProductException" time="0.0030" classname="org.jboss.jsr299.tck.tests.context.passivating.PassivatingContextTest"/>
  <testcase name="testPassivatingScopeProducerMethodReturnsUnserializableObjectNotOk" time="0.0030" classname="org.jboss.jsr299.tck.tests.context.passivating.PassivatingContextTest"/>
  <testcase name="testPassivationCapableProducerFieldIsOK" time="0.0" classname="org.jboss.jsr299.tck.tests.context.passivating.PassivatingContextTest"/>
  <testcase name="testPassivationCapableProducerMethodIsOK" time="0.0010" classname="org.jboss.jsr299.tck.tests.context.passivating.PassivatingContextTest"/>
  <testcase name="testPassivationOccurs" time="0.0030" classname="org.jboss.jsr299.tck.tests.context.passivating.PassivatingContextTest"/>
  <testcase name="testPassivationCapableBeanWithNonPassivatingDecoratorBeanConstructorFails" time="0.0" classname="org.jboss.jsr299.tck.tests.context.passivating.broken.decoratorWithNonPassivatingBeanConstructor.DecoratorWithNonPassivatingBeanConstructorTest"/>
  <testcase name="testPassivationCapableBeanWithNonPassivatingInitializerInDecoratorFails" time="0.0" classname="org.jboss.jsr299.tck.tests.context.passivating.broken.decoratorWithNonPassivatingInitializerMethod.DecoratorWithNonPassivatingInitializerMethodTest"/>
  <testcase name="testPassivationCapableBeanWithNonPassivatingDecoratorInjectedFieldFails" time="0.0" classname="org.jboss.jsr299.tck.tests.context.passivating.broken.decoratorWithNonPassivatingInjectedField.DecoratorWithNonPassivatingInjectedFieldTest"/>
  <testcase name="testSessionBeanWithNonPassivatingBeanConstructorParamInInterceptorFails" time="0.0" classname="org.jboss.jsr299.tck.tests.context.passivating.broken.enterpriseBeanWithNonPassivatingBeanConstructorParameterInInterceptor.EnterpriseBeanWithNonPassivatingBeanConstructorParameterInInterceptorTest"/>
  <testcase name="testSessionBeanWithNonPassivatingConstructorFieldInDecoratorFails" time="0.0" classname="org.jboss.jsr299.tck.tests.context.passivating.broken.enterpriseBeanWithNonPassivatingConstructorFieldInDecorator.EnterpriseBeanWithNonPassivatingFieldInDecoratorTest"/>
  <testcase name="testEnterpriseBeanWithNonPassivatingDecoratorFails" time="0.0" classname="org.jboss.jsr299.tck.tests.context.passivating.broken.enterpriseBeanWithNonPassivatingDecorator.EnterpriseBeanWithNonPassivatingDecoratorTest"/>
  <testcase name="testSessionBeanWithNonPassivatingInitializerFieldInDecoratorFails" time="0.0" classname="org.jboss.jsr299.tck.tests.context.passivating.broken.enterpriseBeanWithNonPassivatingInitializerInDecorator.EnterpriseBeanWithNonPassivatingInitializerInDecoratorTest"/>
  <testcase name="testSessionBeanWithNonPassivatingInitializerParamInInterceptorFails" time="0.0" classname="org.jboss.jsr299.tck.tests.context.passivating.broken.enterpriseBeanWithNonPassivatingInitializerParameterInInterceptor.EnterpriseBeanWithNonPassivatingInitializerParameterInInterceptorTest"/>
  <testcase name="testSessionBeanWithNonPassivatingInjectedFieldInDecoratorFails" time="0.0" classname="org.jboss.jsr299.tck.tests.context.passivating.broken.enterpriseBeanWithNonPassivatingInjectedFieldInDecorator.EnterpriseBeanWithNonPassivatingInjectedFieldInDecoratorTest"/>
  <testcase name="testSessionBeanWithNonPassivatingInjectedFieldInInterceptorFails" time="0.0010" classname="org.jboss.jsr299.tck.tests.context.passivating.broken.enterpriseBeanWithNonPassivatingInjectedFieldInInterceptor.EnterpriseBeanWithNonPassivatingInjectedFieldInInterceptorTest"/>
  <testcase name="testDependentBeanWithNonSerializableImplementationInStatefulSessionBeanInitializerFails" time="0.0" classname="org.jboss.jsr299.tck.tests.context.passivating.broken.enterpriseBeanWithNonSerializableIntializerMethod.EnterpriseBeanWithNonSerializableIntializerMethodTest"/>
  <testcase name="testNonPassivationCapableProducerFieldNotOk" time="0.0" classname="org.jboss.jsr299.tck.tests.context.passivating.broken.finalProducerFieldNotPassivationCapable.NonPassivationCapableProducerFieldTest"/>
  <testcase name="testPassivationCapableBeanWithNonPassivatingInterceptorFails" time="0.0" classname="org.jboss.jsr299.tck.tests.context.passivating.broken.interceptorWithNonPassivatingBeanConstructorParameter.PassivationCapableBeanWithNonPassivatingInterceptorTest"/>
  <testcase name="testPassivationCapableBeanWithNonPassivatingInterceptorFails" time="0.0" classname="org.jboss.jsr299.tck.tests.context.passivating.broken.interceptorWithNonPassivatingInitializerMethodParameter.PassivationCapableBeanWithNonPassivatingInterceptorTest"/>
  <testcase name="testPassivationCapableBeanWithNonPassivatingInterceptorFails" time="0.0" classname="org.jboss.jsr299.tck.tests.context.passivating.broken.interceptorWithNonPassivatingInjectedField.PassivationCapableBeanWithNonPassivatingInterceptorTest"/>
  <testcase name="testManagedBeanWithNonPassivatingDecoratorFails" time="0.0" classname="org.jboss.jsr299.tck.tests.context.passivating.broken.managedBeanWithNonPassivatingDecorator.ManagedBeanWithNonPassivatingDecoratorTest"/>
  <testcase name="testManagedBeanWithNonSerializableInterceptorClassNotOK" time="0.0" classname="org.jboss.jsr299.tck.tests.context.passivating.broken.managedBeanWithNonSerializableInterceptorClass.ManagedBeanWithNonSerializableInterceptorClassTest"/>
  <testcase name="testSimpleWebBeanWithNonSerializableImplementationClassFails" time="0.0" classname="org.jboss.jsr299.tck.tests.context.passivating.broken.nonPassivationCapableManagedBeanHasPassivatingScope.NonPassivationManagedBeanHasPassivatingScopeTest"/>
  <testcase name="testNonPassivationCapableProducerFieldNotOk" time="0.0" classname="org.jboss.jsr299.tck.tests.context.passivating.broken.nonPassivationCapableProducerField.NonPassivationCapableProducerFieldTest"/>
  <testcase name="testNonPassivationCapableProducerMethodNotOk" time="0.0" classname="org.jboss.jsr299.tck.tests.context.passivating.broken.nonPassivationCapableProducerMethod.NonPassivationCapableProducerMethodTest"/>
  <testcase name="testSimpleDependentWebBeanWithNonSerializableImplementationInjectedIntoConstructorParameterOfWebBeanWithPassivatingScopeFails" time="0.0" classname="org.jboss.jsr299.tck.tests.context.passivating.broken.passivatingManagedBeanWithNonPassivatingBeanConstructor.PassivatingManagedBeanWithNonPassivatingBeanConstructorTest"/>
  <testcase name="testSimpleDependentWebBeanWithNonSerializableImplementationInjectedIntoInitializerParameterOfWebBeanWithPassivatingScopeFails" time="0.0" classname="org.jboss.jsr299.tck.tests.context.passivating.broken.passivatingManagedBeanWithNonPassivatingInitializerMethod.PassivatingManagedBeanWithNonPassivatingInitializerMethodTest"/>
  <testcase name="testSimpleDependentWebBeanWithNonSerializableImplementationInjectedIntoNonTransientFieldOfWebBeanWithPassivatingScopeFails" time="0.0010" classname="org.jboss.jsr299.tck.tests.context.passivating.broken.passivatingManagedBeanWithNonPassivatingInjcetedField.PassivatingManagedBeanWithNonPassivatingInjcetedFieldTest"/>
  <testcase name="testSimpleDependentWebBeanWithNonSerializableImplementationInjectedIntoProducerMethodParameterWithPassivatingScopeFails" time="0.0" classname="org.jboss.jsr299.tck.tests.context.passivating.broken.passivatingProducerMethodWithNonPassivatingParameter.PassivatingProducerMethodWithNonPassivatingParameterTest"/>
  <testcase name="testSimpleDependentWebBeanWithNonSerializableImplementationInjectedIntoStatefulSessionBeanFails" time="0.0" classname="org.jboss.jsr299.tck.tests.context.passivating.broken.unserializableSimpleInjectedIntoPassivatingEnterpriseBean.UnserializableSimpleInjectedIntoPassivatingEnterpriseBeanTest"/>
  <testcase name="testDecoratedTypes" time="0.0010" classname="org.jboss.jsr299.tck.tests.decorators.definition.DecoratorDefinitionTest"/>
  <testcase name="testDecoratorDoesNotImplementDelegateType" time="0.0" classname="org.jboss.jsr299.tck.tests.decorators.definition.DecoratorDefinitionTest"/>
  <testcase name="testDecoratorIsManagedBean" time="0.0" classname="org.jboss.jsr299.tck.tests.decorators.definition.DecoratorDefinitionTest"/>
  <testcase name="testDecoratorOrdering" time="0.0" classname="org.jboss.jsr299.tck.tests.decorators.definition.DecoratorDefinitionTest"/>
  <testcase name="testDelegateInjectionPoint" time="0.0" classname="org.jboss.jsr299.tck.tests.decorators.definition.DecoratorDefinitionTest"/>
  <testcase name="testDuplicateBindingsOnResolveDecoratorsFails" time="0.0010" classname="org.jboss.jsr299.tck.tests.decorators.definition.DecoratorDefinitionTest"/>
  <testcase name="testEmptyTypeSetOnResolveDecoratorsFails" time="0.0" classname="org.jboss.jsr299.tck.tests.decorators.definition.DecoratorDefinitionTest"/>
  <testcase name="testInstanceOfDecoratorForEachEnabled" time="0.0010" classname="org.jboss.jsr299.tck.tests.decorators.definition.DecoratorDefinitionTest"/>
  <testcase name="testNonBindingsOnResolveDecoratorsFails" time="0.0" classname="org.jboss.jsr299.tck.tests.decorators.definition.DecoratorDefinitionTest"/>
  <testcase name="testNonEnabledDecoratorNotResolved" time="0.0" classname="org.jboss.jsr299.tck.tests.decorators.definition.DecoratorDefinitionTest"/>
  <testcase name="testDecoratorListedTwiceInBeansXmlNotOK" time="0.0" classname="org.jboss.jsr299.tck.tests.decorators.definition.broken.decoratorListedTwiceInBeansXml.DecoratorListedTwiceInBeansXmlTest"/>
  <testcase name="testEnabledDecoratorNotADecoratorTest" time="0.0" classname="org.jboss.jsr299.tck.tests.decorators.definition.broken.enabledDecoratorIsNotDecorator.EnabledDecoratorNotADecoratorTest"/>
  <testcase name="testAppliesToFinalManagedBeanClass" time="0.0" classname="org.jboss.jsr299.tck.tests.decorators.definition.broken.finalBeanClass.FinalBeanClassTest"/>
  <testcase name="testAppliesToFinalMethodOnManagedBeanClass" time="0.0" classname="org.jboss.jsr299.tck.tests.decorators.definition.broken.finalBeanMethod.FinalBeanMethodTest"/>
  <testcase name="testMultipleDelegateInjectionPoints" time="0.0" classname="org.jboss.jsr299.tck.tests.decorators.definition.broken.multipleDelegateInjectionPoints.MultipleDelegateInjectionPointsTest"/>
  <testcase name="testNoDelegateInjectionPoints" time="0.0" classname="org.jboss.jsr299.tck.tests.decorators.definition.broken.noDelegateInjectionPoints.NoDelegateInjectionPointsTest"/>
  <testcase name="testNonDecoratorWithDecoratesAnnotationNotOK" time="0.0" classname="org.jboss.jsr299.tck.tests.decorators.definition.broken.nonDecoratorWithDecorates.NonDecoratorWithDecoratesTest"/>
  <testcase name="testNonExistantDecoratorClassInBeansXmlNotOK" time="0.0" classname="org.jboss.jsr299.tck.tests.decorators.definition.broken.nonExistantClassInBeansXml.NonExistantDecoratorClassInBeansXmlTest"/>
  <testcase name="testNotAllDecoratedTypesImplemented" time="0.0" classname="org.jboss.jsr299.tck.tests.decorators.definition.broken.notAllDecoratedTypesImplemented.NotAllDecoratedTypesImplementedTest"/>
  <testcase name="testDecoratorDelegateInjectionPoints" time="0.0" classname="org.jboss.jsr299.tck.tests.decorators.definition.inject.broken.delegateProducerMethod.DelegateInjectionPointTest"/>
  <testcase name="testDecoratorDelegateInjectionPoints" time="0.0010" classname="org.jboss.jsr299.tck.tests.decorators.definition.inject.delegateConstructor.DelegateInjectionPointTest"/>
  <testcase name="testDecoratorDelegateInjectionPoints" time="0.0010" classname="org.jboss.jsr299.tck.tests.decorators.definition.inject.delegateField.DelegateFieldInjectionPointTest"/>
  <testcase name="testDecoratorDelegateInjectionPoints" time="0.0010" classname="org.jboss.jsr299.tck.tests.decorators.definition.inject.delegateInitializerMethod.DelegateInjectionPointTest"/>
  <testcase name="testInterceptorCalledBeforeDecorator" time="0.0010" classname="org.jboss.jsr299.tck.tests.decorators.interceptor.DecoratorAndInterceptorTest"/>
  <testcase name="testChainedDecoratorInvocation" time="0.0020" classname="org.jboss.jsr299.tck.tests.decorators.invocation.DecoratorInvocationTest"/>
  <testcase name="testDecoratorInvocation" time="0.0010" classname="org.jboss.jsr299.tck.tests.decorators.invocation.DecoratorInvocationTest"/>
  <testcase name="testDecoratorInvocation" time="0.0010" classname="org.jboss.jsr299.tck.tests.decorators.invocation.observer.DecoratorInvocationTest"/>
  <testcase name="testDecoratorInvocation" time="0.0020" classname="org.jboss.jsr299.tck.tests.decorators.invocation.producer.method.DecoratorInvocationTest"/>
  <testcase name="testDelegateTypeVariableBeanActualType" time="0.0010" classname="org.jboss.jsr299.tck.tests.decorators.resolution.DecoratorResolutionTest"/>
  <testcase name="testDelegateTypeVariableBeanTypeVariable" time="0.0" classname="org.jboss.jsr299.tck.tests.decorators.resolution.DecoratorResolutionTest"/>
  <testcase name="testDelegateWildcardBeanActualType" time="0.0" classname="org.jboss.jsr299.tck.tests.decorators.resolution.DecoratorResolutionTest"/>
  <testcase name="testDelegateWildcardBeanTypeVariable" time="0.0010" classname="org.jboss.jsr299.tck.tests.decorators.resolution.DecoratorResolutionTest"/>
  <testcase name="testIdenticalTypeParamerters" time="0.0" classname="org.jboss.jsr299.tck.tests.decorators.resolution.DecoratorResolutionTest"/>
  <testcase name="testNestedIdenticalTypeParamerters" time="0.0" classname="org.jboss.jsr299.tck.tests.decorators.resolution.DecoratorResolutionTest"/>
  <testcase name="testObject" time="0.0010" classname="org.jboss.jsr299.tck.tests.decorators.resolution.DecoratorResolutionTest"/>
  <testcase name="testUnboundedTypeVariables" time="0.0" classname="org.jboss.jsr299.tck.tests.decorators.resolution.DecoratorResolutionTest"/>
  <testcase name="testUnboundedTypeVariablesAndObject" time="0.0" classname="org.jboss.jsr299.tck.tests.decorators.resolution.DecoratorResolutionTest"/>
  <testcase name="testAbstractApiType" time="0.0" classname="org.jboss.jsr299.tck.tests.definition.bean.BeanDefinitionTest"/>
  <testcase name="testBeanClassOnSimpleBean" time="0.0" classname="org.jboss.jsr299.tck.tests.definition.bean.BeanDefinitionTest"/>
  <testcase name="testBeanClientCanCastBeanInstanceToAnyBeanType" time="0.0" classname="org.jboss.jsr299.tck.tests.definition.bean.BeanDefinitionTest"/>
  <testcase name="testBeanExtendsAnotherBean" time="0.0" classname="org.jboss.jsr299.tck.tests.definition.bean.BeanDefinitionTest"/>
  <testcase name="testBeanTypes" time="0.0" classname="org.jboss.jsr299.tck.tests.definition.bean.BeanDefinitionTest"/>
  <testcase name="testBeanTypesNonEmpty" time="0.0" classname="org.jboss.jsr299.tck.tests.definition.bean.BeanDefinitionTest"/>
  <testcase name="testFinalApiType" time="0.0010" classname="org.jboss.jsr299.tck.tests.definition.bean.BeanDefinitionTest"/>
  <testcase name="testHasScopeType" time="0.0" classname="org.jboss.jsr299.tck.tests.definition.bean.BeanDefinitionTest"/>
  <testcase name="testIsNullable" time="0.0010" classname="org.jboss.jsr299.tck.tests.definition.bean.BeanDefinitionTest"/>
  <testcase name="testMultipleStereotypes" time="0.0" classname="org.jboss.jsr299.tck.tests.definition.bean.BeanDefinitionTest"/>
  <testcase name="testQualifiersNonEmpty" time="0.0" classname="org.jboss.jsr299.tck.tests.definition.bean.BeanDefinitionTest"/>
  <testcase name="testNonDependentGenericManagedBeanNotOk" time="0.0" classname="org.jboss.jsr299.tck.tests.definition.bean.genericbroken.GenericManagedBeanTest"/>
  <testcase name="testDefaultNamed" time="0.0" classname="org.jboss.jsr299.tck.tests.definition.name.NameDefinitionTest"/>
  <testcase name="testNonDefaultNamed" time="0.0010" classname="org.jboss.jsr299.tck.tests.definition.name.NameDefinitionTest"/>
  <testcase name="testNotNamedInJava" time="0.0" classname="org.jboss.jsr299.tck.tests.definition.name.NameDefinitionTest"/>
  <testcase name="testNotNamedInStereotype" time="0.0" classname="org.jboss.jsr299.tck.tests.definition.name.NameDefinitionTest"/>
  <testcase name="testStereotypeDefaultsName" time="0.0" classname="org.jboss.jsr299.tck.tests.definition.name.NameDefinitionTest"/>
  <testcase name="testDefaultQualifierDeclaredInJava" time="0.0" classname="org.jboss.jsr299.tck.tests.definition.qualifier.QualifierDefinitionTest"/>
  <testcase name="testDefaultQualifierForInjectionPoint" time="0.0" classname="org.jboss.jsr299.tck.tests.definition.qualifier.QualifierDefinitionTest"/>
  <testcase name="testFieldInjectedFromProducerMethod" time="0.0010" classname="org.jboss.jsr299.tck.tests.definition.qualifier.QualifierDefinitionTest"/>
  <testcase name="testMultipleQualifiers" time="0.0" classname="org.jboss.jsr299.tck.tests.definition.qualifier.QualifierDefinitionTest"/>
  <testcase name="testQualifierDeclaredInheritedIsBlockedByIntermediateClass" time="0.0" classname="org.jboss.jsr299.tck.tests.definition.qualifier.QualifierDefinitionTest"/>
  <testcase name="testQualifierDeclaredInheritedIsIndirectlyInherited" time="0.0010" classname="org.jboss.jsr299.tck.tests.definition.qualifier.QualifierDefinitionTest"/>
  <testcase name="testQualifierDeclaredInheritedIsInherited" time="0.0" classname="org.jboss.jsr299.tck.tests.definition.qualifier.QualifierDefinitionTest"/>
  <testcase name="testQualifierDeclaresBindingAnnotation" time="0.0" classname="org.jboss.jsr299.tck.tests.definition.qualifier.QualifierDefinitionTest"/>
  <testcase name="testQualifierNotDeclaredInheritedIsNotIndirectlyInherited" time="0.0" classname="org.jboss.jsr299.tck.tests.definition.qualifier.QualifierDefinitionTest"/>
  <testcase name="testQualifierNotDeclaredInheritedIsNotInherited" time="0.0010" classname="org.jboss.jsr299.tck.tests.definition.qualifier.QualifierDefinitionTest"/>
  <testcase name="testQualifiersDeclaredInJava" time="0.0" classname="org.jboss.jsr299.tck.tests.definition.qualifier.QualifierDefinitionTest"/>
  <testcase name="testDefaultScope" time="0.0010" classname="org.jboss.jsr299.tck.tests.definition.scope.ScopeDefinitionTest"/>
  <testcase name="testMultipleCompatibleScopeStereotypes" time="0.0" classname="org.jboss.jsr299.tck.tests.definition.scope.ScopeDefinitionTest"/>
  <testcase name="testMultipleIncompatibleScopeStereotypesWithScopeSpecified" time="0.0" classname="org.jboss.jsr299.tck.tests.definition.scope.ScopeDefinitionTest"/>
  <testcase name="testScopeDeclaredInJava" time="0.0" classname="org.jboss.jsr299.tck.tests.definition.scope.ScopeDefinitionTest"/>
  <testcase name="testScopeSpecifiedAndStereotyped" time="0.0010" classname="org.jboss.jsr299.tck.tests.definition.scope.ScopeDefinitionTest"/>
  <testcase name="testScopeTypeDeclaredInheritedIsBlockedByIntermediateScopeTypeMarkedInherited" time="0.0" classname="org.jboss.jsr299.tck.tests.definition.scope.ScopeDefinitionTest"/>
  <testcase name="testScopeTypeDeclaredInheritedIsBlockedByIntermediateScopeTypeNotMarkedInherited" time="0.0" classname="org.jboss.jsr299.tck.tests.definition.scope.ScopeDefinitionTest"/>
  <testcase name="testScopeTypeDeclaredInheritedIsIndirectlyInherited" time="0.0" classname="org.jboss.jsr299.tck.tests.definition.scope.ScopeDefinitionTest"/>
  <testcase name="testScopeTypeDeclaredInheritedIsInherited" time="0.0" classname="org.jboss.jsr299.tck.tests.definition.scope.ScopeDefinitionTest"/>
  <testcase name="testScopeTypeDeclaresScopeTypeAnnotation" time="0.0010" classname="org.jboss.jsr299.tck.tests.definition.scope.ScopeDefinitionTest"/>
  <testcase name="testScopeTypeHasCorrectTarget" time="0.0" classname="org.jboss.jsr299.tck.tests.definition.scope.ScopeDefinitionTest"/>
  <testcase name="testScopeTypeNotDeclaredInheritedIsNotIndirectlyInherited" time="0.0" classname="org.jboss.jsr299.tck.tests.definition.scope.ScopeDefinitionTest"/>
  <testcase name="testScopeTypeNotDeclaredInheritedIsNotInherited" time="0.0" classname="org.jboss.jsr299.tck.tests.definition.scope.ScopeDefinitionTest"/>
  <testcase name="testScopeTypesAreExtensible" time="0.0" classname="org.jboss.jsr299.tck.tests.definition.scope.ScopeDefinitionTest"/>
  <testcase name="testWebBeanScopeTypeOverridesStereotype" time="0.0" classname="org.jboss.jsr299.tck.tests.definition.scope.ScopeDefinitionTest"/>
  <testcase name="testTooManyScopesSpecifiedInJava" time="0.0010" classname="org.jboss.jsr299.tck.tests.definition.scope.broken.tooManyScopes.TooManyScopesTest"/>
  <testcase name="testScopeTypeDeclaredInheritedIsIndirectlyInherited" time="0.0" classname="org.jboss.jsr299.tck.tests.definition.scope.enterprise.EnterpriseScopeDefinitionTest"/>
  <testcase name="testScopeTypeDeclaredInheritedIsInherited" time="0.0" classname="org.jboss.jsr299.tck.tests.definition.scope.enterprise.EnterpriseScopeDefinitionTest"/>
  <testcase name="testScopeTypeNotDeclaredInheritedIsNotIndirectlyInherited" time="0.0" classname="org.jboss.jsr299.tck.tests.definition.scope.enterprise.EnterpriseScopeDefinitionTest"/>
  <testcase name="testScopeTypeNotDeclaredInheritedIsNotInherited" time="0.0010" classname="org.jboss.jsr299.tck.tests.definition.scope.enterprise.EnterpriseScopeDefinitionTest"/>
  <testcase name="testExplicitScopeOverridesMergedScopesFromMultipleStereotype" time="0.0" classname="org.jboss.jsr299.tck.tests.definition.stereotype.StereotypeDefinitionTest"/>
  <testcase name="testMultipleStereotypesAllowed" time="0.0" classname="org.jboss.jsr299.tck.tests.definition.stereotype.StereotypeDefinitionTest"/>
  <testcase name="testOneStereotypeAllowed" time="0.0" classname="org.jboss.jsr299.tck.tests.definition.stereotype.StereotypeDefinitionTest"/>
  <testcase name="testStereotypeDeclaredInheritedIsIndirectlyInherited" time="0.0" classname="org.jboss.jsr299.tck.tests.definition.stereotype.StereotypeDefinitionTest"/>
  <testcase name="testStereotypeDeclaredInheritedIsInherited" time="0.0" classname="org.jboss.jsr299.tck.tests.definition.stereotype.StereotypeDefinitionTest"/>
  <testcase name="testStereotypeNotDeclaredInheritedIsNotIndirectlyInherited" time="0.0" classname="org.jboss.jsr299.tck.tests.definition.stereotype.StereotypeDefinitionTest"/>
  <testcase name="testStereotypeNotDeclaredInheritedIsNotInherited" time="0.0010" classname="org.jboss.jsr299.tck.tests.definition.stereotype.StereotypeDefinitionTest"/>
  <testcase name="testStereotypeScopeIsOverriddenByIndirectlyInheritedScope" time="0.0" classname="org.jboss.jsr299.tck.tests.definition.stereotype.StereotypeDefinitionTest"/>
  <testcase name="testStereotypeScopeIsOverriddenByInheritedScope" time="0.0" classname="org.jboss.jsr299.tck.tests.definition.stereotype.StereotypeDefinitionTest"/>
  <testcase name="testStereotypeWithScopeType" time="0.0010" classname="org.jboss.jsr299.tck.tests.definition.stereotype.StereotypeDefinitionTest"/>
  <testcase name="testStereotypeWithoutScopeType" time="0.0" classname="org.jboss.jsr299.tck.tests.definition.stereotype.StereotypeDefinitionTest"/>
  <testcase name="testStereotypeWithNonEmptyNamed" time="0.0" classname="org.jboss.jsr299.tck.tests.definition.stereotype.broken.nonEmptyNamed.NonEmptyNamedTest"/>
  <testcase name="testMultipleIncompatibleScopeStereotypes" time="0.0" classname="org.jboss.jsr299.tck.tests.definition.stereotype.broken.scopeConflict.IncompatibleStereotypesTest"/>
  <testcase name="testStereotypeWithTooManyScopeTypes" time="0.0" classname="org.jboss.jsr299.tck.tests.definition.stereotype.broken.tooManyScopes.TooManyScopeTypesTest"/>
  <testcase name="testStereotypeWithEmptyNamed" time="0.0010" classname="org.jboss.jsr299.tck.tests.definition.stereotype.defaultNamed.DefaultNamedTest"/>
  <testcase name="testInheritence" time="0.0" classname="org.jboss.jsr299.tck.tests.definition.stereotype.inheritance.StereotypeInheritenceTest"/>
  <testcase name="testDeploymentFailsBeforeNotifyingObserversAfterBeanDiscovery" time="0.0" classname="org.jboss.jsr299.tck.tests.deployment.lifecycle.broken.failsDuringBeanDiscovery.DeploymentFailureTest"/>
  <testcase name="testDeploymentFailsDuringValidation" time="0.0" classname="org.jboss.jsr299.tck.tests.deployment.lifecycle.broken.failsDuringValidation.AfterBeanDiscoveryFailureTest"/>
  <testcase name="testEventObjectContainsTypeVariablesWhenResolvingFails" time="0.0" classname="org.jboss.jsr299.tck.tests.event.EventTest"/>
  <testcase name="testGetTransactionPhaseOnObserverMethod" time="0.0010" classname="org.jboss.jsr299.tck.tests.event.EventTest"/>
  <testcase name="testInstanceOfBeanForEveryEnabledObserverMethod" time="0.0" classname="org.jboss.jsr299.tck.tests.event.EventTest"/>
  <testcase name="testNonStaticObserverMethodIndirectlyInherited" time="0.0010" classname="org.jboss.jsr299.tck.tests.event.EventTest"/>
  <testcase name="testNonStaticObserverMethodInherited" time="0.0" classname="org.jboss.jsr299.tck.tests.event.EventTest"/>
  <testcase name="testObserverCalledOnMostSpecializedInstance" time="0.0" classname="org.jboss.jsr299.tck.tests.event.EventTest"/>
  <testcase name="testObserverMethodNotifiedWhenBindingsMatch" time="0.0010" classname="org.jboss.jsr299.tck.tests.event.EventTest"/>
  <testcase name="testObserverMethodReceivesInjectionsOnNonObservesParameters" time="0.0" classname="org.jboss.jsr299.tck.tests.event.EventTest"/>
  <testcase name="testStaticObserverMethodInvoked" time="0.0" classname="org.jboss.jsr299.tck.tests.event.EventTest"/>
  <testcase name="testEventAlwaysHasAnyBinding" time="0.0010" classname="org.jboss.jsr299.tck.tests.event.bindingTypes.EventBindingTypesTest"/>
  <testcase name="testEventBindingTypeTargetsFieldParameterElementTypes" time="0.0010" classname="org.jboss.jsr299.tck.tests.event.bindingTypes.EventBindingTypesTest"/>
  <testcase name="testEventBindingTypeTargetsMethodFieldParameterElementTypes" time="0.0" classname="org.jboss.jsr299.tck.tests.event.bindingTypes.EventBindingTypesTest"/>
  <testcase name="testFireEventWithNonBindingAnnotationsFails" time="0.0010" classname="org.jboss.jsr299.tck.tests.event.bindingTypes.EventBindingTypesTest"/>
  <testcase name="testFireEventWithNonRuntimeBindingTypeFails" time="0.0" classname="org.jboss.jsr299.tck.tests.event.bindingTypes.EventBindingTypesTest"/>
  <testcase name="testNonRuntimeBindingTypeIsNotAnEventBindingType" time="0.0030" classname="org.jboss.jsr299.tck.tests.event.bindingTypes.EventBindingTypesTest"/>
  <testcase name="testAnyAnnotationOnEventInjectionPointWithoutTypeParameterFails" time="0.0" classname="org.jboss.jsr299.tck.tests.event.broken.inject.withoutType.EventInjectionWithoutTypeTest"/>
  <testcase name="testObserverMethodNotOnManagedOrSessionBeanFails" time="0.0" classname="org.jboss.jsr299.tck.tests.event.broken.observer.beanNotManaged.ObserverMethodOnIncorrectBeanTest"/>
  <testcase name="testDependentBeanWithConditionalObserverMethodIsDefinitionError" time="0.0" classname="org.jboss.jsr299.tck.tests.event.broken.observer.dependentIsConditionalObserver.DependentIsConditionalObserverTest"/>
  <testcase name="testObserverMethodWithDisposesParamFails" time="0.0" classname="org.jboss.jsr299.tck.tests.event.broken.observer.isDisposer.ObserverMethodAnnotatedDisposesTest"/>
  <testcase name="testObserverMethodAnnotatedInitializerFails" time="0.0" classname="org.jboss.jsr299.tck.tests.event.broken.observer.isInitializer.ObserverMethodAnnotatedInitialzerTest"/>
  <testcase name="testObserverMethodAnnotatedProducesFails" time="0.0" classname="org.jboss.jsr299.tck.tests.event.broken.observer.isProducer.ObserverMethodAnnotatedProducesTest"/>
  <testcase name="testObserverMethodOnEnterpriseBeanNotBusinessMethodOrStaticFails" time="0.0" classname="org.jboss.jsr299.tck.tests.event.broken.observer.notBusinessMethod.EJBObserverMethodNotBusinessMethodTest"/>
  <testcase name="testObserverMethodMustHaveOnlyOneEventParameter" time="0.0" classname="org.jboss.jsr299.tck.tests.event.broken.observer.tooManyParameters.ObserverMethodWithTwoEventParametersTest"/>
  <testcase name="testEventTypeIncludesAllSuperclassesAndInterfacesOfEventObject" time="0.0010" classname="org.jboss.jsr299.tck.tests.event.eventTypes.EventTypesTest"/>
  <testcase name="testEventTypeIsConcreteTypeWithNoTypeVariables" time="0.0060" classname="org.jboss.jsr299.tck.tests.event.eventTypes.EventTypesTest"/>
  <testcase name="testBeanManagerFireEvent" time="0.0060" classname="org.jboss.jsr299.tck.tests.event.fires.FireEventTest"/>
  <testcase name="testBeanManagerInterfaceForFireEventMethod" time="0.0" classname="org.jboss.jsr299.tck.tests.event.fires.FireEventTest"/>
  <testcase name="testDuplicateBindingsToFireEventFails" time="0.0" classname="org.jboss.jsr299.tck.tests.event.fires.FireEventTest"/>
  <testcase name="testEventFireThrowsExceptionIfEventObjectContainsTypeVariable" time="0.0010" classname="org.jboss.jsr299.tck.tests.event.fires.FireEventTest"/>
  <testcase name="testEventProvidesMethodForFiringEventsWithCombinationOfTypeAndBindings" time="0.0030" classname="org.jboss.jsr299.tck.tests.event.fires.FireEventTest"/>
  <testcase name="testEventSelectedFiresAndObserversNotified" time="0.0010" classname="org.jboss.jsr299.tck.tests.event.fires.FireEventTest"/>
  <testcase name="testInjectedAnyEventCanFireEvent" time="0.0" classname="org.jboss.jsr299.tck.tests.event.fires.FireEventTest"/>
  <testcase name="testInjectedEventAcceptsEventObject" time="0.0010" classname="org.jboss.jsr299.tck.tests.event.fires.FireEventTest"/>
  <testcase name="testInjectedEventCanHaveBindings" time="0.0010" classname="org.jboss.jsr299.tck.tests.event.fires.FireEventTest"/>
  <testcase name="testInjectedEventCanSpecifyBindingsDynamically" time="0.0" classname="org.jboss.jsr299.tck.tests.event.fires.FireEventTest"/>
  <testcase name="testTypeVariableEventTypeFails" time="0.0" classname="org.jboss.jsr299.tck.tests.event.fires.FireEventTest"/>
  <testcase name="testExceptionThrownIfNonBindingTypePassedToFire" time="0.0010" classname="org.jboss.jsr299.tck.tests.event.fires.nonbinding.NonBindingTypePassedToFireTest"/>
  <testcase name="testImplicitEventExistsForEachEventType" time="0.0010" classname="org.jboss.jsr299.tck.tests.event.implicit.ImplicitEventTest"/>
  <testcase name="testImplicitEventHasAllExplicitBindingTypes" time="0.0" classname="org.jboss.jsr299.tck.tests.event.implicit.ImplicitEventTest"/>
  <testcase name="testImplicitEventHasDependentScope" time="0.0010" classname="org.jboss.jsr299.tck.tests.event.implicit.ImplicitEventTest"/>
  <testcase name="testImplicitEventHasImplementation" time="0.0040" classname="org.jboss.jsr299.tck.tests.event.implicit.ImplicitEventTest"/>
  <testcase name="testImplicitEventHasNoName" time="0.0" classname="org.jboss.jsr299.tck.tests.event.implicit.ImplicitEventTest"/>
  <testcase name="testImplicitEventIsPassivationCapable" time="0.013" classname="org.jboss.jsr299.tck.tests.event.implicit.ImplicitEventTest"/>
  <testcase name="testGetBeanOnObserverMethod" time="0.0" classname="org.jboss.jsr299.tck.tests.event.observer.ObserverTest"/>
  <testcase name="testGetNotifyOnObserverMethod" time="0.0010" classname="org.jboss.jsr299.tck.tests.event.observer.ObserverTest"/>
  <testcase name="testGetObservedBindingsOnObserverMethod" time="0.0" classname="org.jboss.jsr299.tck.tests.event.observer.ObserverTest"/>
  <testcase name="testGetObservedTypeOnObserverMethod" time="0.0" classname="org.jboss.jsr299.tck.tests.event.observer.ObserverTest"/>
  <testcase name="testObserverNotifiedWhenEventTypeAndAllBindingsMatch" time="0.0030" classname="org.jboss.jsr299.tck.tests.event.observer.ObserverTest"/>
  <testcase name="testObserverThrowsExceptionAbortsNotifications" time="0.0010" classname="org.jboss.jsr299.tck.tests.event.observer.abortProcessing.ObserverExceptionAbortsProcessingTest"/>
  <testcase name="testNonTransactionalObserverThrowsCheckedExceptionIsWrappedAndRethrown" time="0.0010" classname="org.jboss.jsr299.tck.tests.event.observer.checkedException.CheckedExceptionWrappedTest"/>
  <testcase name="testConditionalObserver" time="0.0020" classname="org.jboss.jsr299.tck.tests.event.observer.conditional.ConditionalObserverTest"/>
  <testcase name="testNotifyEnumerationContainsNotifyValues" time="0.0" classname="org.jboss.jsr299.tck.tests.event.observer.conditional.ConditionalObserverTest"/>
  <testcase name="testObserverMethodInvokedOnReturnedInstanceFromContext" time="0.0" classname="org.jboss.jsr299.tck.tests.event.observer.conditional.ConditionalObserverTest"/>
  <testcase name="testBeanManagerResolveObserversSignature" time="0.0" classname="org.jboss.jsr299.tck.tests.event.observer.resolve.ResolveEventObserversTest"/>
  <testcase name="testMethodWithParameterAnnotatedWithObservesRegistersObserverMethod" time="0.0010" classname="org.jboss.jsr299.tck.tests.event.observer.resolve.ResolveEventObserversTest"/>
  <testcase name="testMultipleObserverMethodsForSameEventPermissible" time="0.0" classname="org.jboss.jsr299.tck.tests.event.observer.resolve.ResolveEventObserversTest"/>
  <testcase name="testMultipleObserverMethodsOnBeanPermissible" time="0.0010" classname="org.jboss.jsr299.tck.tests.event.observer.resolve.ResolveEventObserversTest"/>
  <testcase name="testObserverMethodAutomaticallyRegistered" time="0.0" classname="org.jboss.jsr299.tck.tests.event.observer.resolve.ResolveEventObserversTest"/>
  <testcase name="testObserverMethodMayHaveMultipleBindingTypes" time="0.0" classname="org.jboss.jsr299.tck.tests.event.observer.resolve.ResolveEventObserversTest"/>
  <testcase name="testObserverMethodNotAutomaticallyRegisteredForDisabledBeans" time="0.0010" classname="org.jboss.jsr299.tck.tests.event.observer.resolve.ResolveEventObserversTest"/>
  <testcase name="testObserverMethodRegistration" time="0.0010" classname="org.jboss.jsr299.tck.tests.event.observer.resolve.ResolveEventObserversTest"/>
  <testcase name="testObserverMethodWithoutBindingTypesObservesEventsWithoutBindingTypes" time="0.0" classname="org.jboss.jsr299.tck.tests.event.observer.resolve.ResolveEventObserversTest"/>
  <testcase name="testObserverMethodOnEnterpriseBeanIsBusinessMethodOrStatic" time="0.0" classname="org.jboss.jsr299.tck.tests.event.observer.resolve.enterprise.ResolveEnterpriseEventObserverTest"/>
  <testcase name="testNonTransactionalObserverThrowsNonCheckedExceptionIsRethrown" time="0.0010" classname="org.jboss.jsr299.tck.tests.event.observer.runtimeException.ObserverExceptionRethrownTest"/>
  <testcase name="testObserverMethodCanObserveTypeVariable" time="0.0" classname="org.jboss.jsr299.tck.tests.event.observer.wildcardAndTypeVariable.ObserverMethodWithParametertizedTypeTest"/>
  <testcase name="testObserverMethodCanObserveWildcardType" time="0.0" classname="org.jboss.jsr299.tck.tests.event.observer.wildcardAndTypeVariable.ObserverMethodWithParametertizedTypeTest"/>
  <testcase name="testDuplicateBindingTypesWhenResolvingFails" time="0.0010" classname="org.jboss.jsr299.tck.tests.event.resolve.binding.DuplicateBindingTypesWhenResolvingTest"/>
  <testcase name="testResolvingChecksBindingTypeMembers" time="0.0010" classname="org.jboss.jsr299.tck.tests.event.resolve.binding.ResolvingChecksBindingTypeMembersTest"/>
  <testcase name="testNonBindingTypeAnnotationWhenResolvingFails" time="0.0" classname="org.jboss.jsr299.tck.tests.event.resolve.nonbinding.NonBindingTypesWhenResolvingTest"/>
  <testcase name="testResolvingChecksTypeParameters" time="0.0010" classname="org.jboss.jsr299.tck.tests.event.resolve.typeWithParameters.CheckTypeParametersWhenResolvingObserversTest"/>
  <testcase name="testResolvingChecksTypeParametersOnObservesMethod" time="0.0" classname="org.jboss.jsr299.tck.tests.event.resolve.typeWithParameters.CheckTypeParametersWhenResolvingObserversTest"/>
  <testcase name="testResolvingChecksEventType" time="0.0" classname="org.jboss.jsr299.tck.tests.event.resolve.typeWithParameters.ChecksEventTypeWhenResolvingTest"/>
  <testcase name="testEventSelectReturnsEventOfSameType" time="0.0050" classname="org.jboss.jsr299.tck.tests.event.select.SelectEventTest"/>
  <testcase name="testEventSelectThrowsExceptionForDuplicateBindingType" time="0.0010" classname="org.jboss.jsr299.tck.tests.event.select.SelectEventTest"/>
  <testcase name="testEventSelectThrowsExceptionIfAnnotationIsNotBindingType" time="0.0" classname="org.jboss.jsr299.tck.tests.event.select.SelectEventTest"/>
  <testcase name="testEventSelectThrowsExceptionIfEventTypeHasTypeVariable" time="0.0010" classname="org.jboss.jsr299.tck.tests.event.select.SelectEventTest"/>
  <testcase name="testEventSelectWithSubtypeThrowsExceptionForDuplicateBindingType" time="0.0010" classname="org.jboss.jsr299.tck.tests.event.select.SelectEventTest"/>
  <testcase name="testEventSelectWithSubtypeThrowsExceptionIfAnnotationIsNotBindingType" time="0.0" classname="org.jboss.jsr299.tck.tests.event.select.SelectEventTest"/>
  <testcase name="testBaseType" time="0.0" classname="org.jboss.jsr299.tck.tests.extensions.annotated.AlternativeMetaDataTest"/>
  <testcase name="testGetAnnotation" time="0.0" classname="org.jboss.jsr299.tck.tests.extensions.annotated.AlternativeMetaDataTest"/>
  <testcase name="testGetAnnotations" time="0.0" classname="org.jboss.jsr299.tck.tests.extensions.annotated.AlternativeMetaDataTest"/>
  <testcase name="testIsAnnotationPresent" time="0.0" classname="org.jboss.jsr299.tck.tests.extensions.annotated.AlternativeMetaDataTest"/>
  <testcase name="testTypeClosure" time="0.0010" classname="org.jboss.jsr299.tck.tests.extensions.annotated.AlternativeMetaDataTest"/>
  <testcase name="testGetBeans" time="0.0" classname="org.jboss.jsr299.tck.tests.extensions.bean.bytype.BeanByTypeTest"/>
  <testcase name="testNoBindingImpliesCurrent" time="0.0010" classname="org.jboss.jsr299.tck.tests.extensions.bean.bytype.BeanByTypeTest"/>
  <testcase name="testNonBindingType" time="0.0" classname="org.jboss.jsr299.tck.tests.extensions.bean.bytype.BeanByTypeTest"/>
  <testcase name="testSameBindingTwice" time="0.0" classname="org.jboss.jsr299.tck.tests.extensions.bean.bytype.BeanByTypeTest"/>
  <testcase name="testTypeVariable" time="0.0" classname="org.jboss.jsr299.tck.tests.extensions.bean.bytype.BeanByTypeTest"/>
  <testcase name="testAmbiguousDependencyNotResolved" time="0.0" classname="org.jboss.jsr299.tck.tests.extensions.beanManager.BeanManagerTest"/>
  <testcase name="testAmbiguousDependencyResolved" time="0.0010" classname="org.jboss.jsr299.tck.tests.extensions.beanManager.BeanManagerTest"/>
  <testcase name="testDetermineBindingType" time="0.0" classname="org.jboss.jsr299.tck.tests.extensions.beanManager.BeanManagerTest"/>
  <testcase name="testDetermineInterceptorBindingType" time="0.0" classname="org.jboss.jsr299.tck.tests.extensions.beanManager.BeanManagerTest"/>
  <testcase name="testDetermineScopeType" time="0.0010" classname="org.jboss.jsr299.tck.tests.extensions.beanManager.BeanManagerTest"/>
  <testcase name="testDetermineStereotype" time="0.0" classname="org.jboss.jsr299.tck.tests.extensions.beanManager.BeanManagerTest"/>
  <testcase name="testGetELResolver" time="0.0" classname="org.jboss.jsr299.tck.tests.extensions.beanManager.BeanManagerTest"/>
  <testcase name="testGetMetaAnnotationsForInterceptorBindingType" time="0.0" classname="org.jboss.jsr299.tck.tests.extensions.beanManager.BeanManagerTest"/>
  <testcase name="testGetMetaAnnotationsForStereotype" time="0.0010" classname="org.jboss.jsr299.tck.tests.extensions.beanManager.BeanManagerTest"/>
  <testcase name="testObtainingAnnotatedType" time="0.0" classname="org.jboss.jsr299.tck.tests.extensions.beanManager.BeanManagerTest"/>
  <testcase name="testObtainingInjectionTarget" time="0.0" classname="org.jboss.jsr299.tck.tests.extensions.beanManager.BeanManagerTest"/>
  <testcase name="testValidateThrowsException" time="0.0040" classname="org.jboss.jsr299.tck.tests.extensions.beanManager.BeanManagerTest"/>
  <testcase name="testgetScope" time="0.0" classname="org.jboss.jsr299.tck.tests.extensions.beanManager.BeanManagerTest"/>
  <testcase name="testBindingTypesAppliedToDisposalMethodParameters" time="0.0010" classname="org.jboss.jsr299.tck.tests.implementation.disposal.method.definition.DisposalMethodDefinitionTest"/>
  <testcase name="testDisposalMethodOnNonBean" time="0.0" classname="org.jboss.jsr299.tck.tests.implementation.disposal.method.definition.DisposalMethodDefinitionTest"/>
  <testcase name="testDisposalMethodParametersGetInjected" time="0.0" classname="org.jboss.jsr299.tck.tests.implementation.disposal.method.definition.DisposalMethodDefinitionTest"/>
  <testcase name="testInitializerUnallowed" time="0.0" classname="org.jboss.jsr299.tck.tests.implementation.disposal.method.definition.broken.initializerUnallowed.InitializerUnallowedDefinitionTest"/>
  <testcase name="testMultipleDisposeParameters" time="0.0" classname="org.jboss.jsr299.tck.tests.implementation.disposal.method.definition.broken.multiParams.MultipleDisposeParametersDefinitionTest"/>
  <testcase name="testObserverParameterUnallowed" time="0.0" classname="org.jboss.jsr299.tck.tests.implementation.disposal.method.definition.broken.observesUnallowed.ObserverParameterUnallowedDefinitionTest"/>
  <testcase name="testProducesUnallowed" time="0.0" classname="org.jboss.jsr299.tck.tests.implementation.disposal.method.definition.broken.producesUnallowed.ProducesUnallowedDefinitionTest"/>
  <testcase name="testUnresolvedDisposalMethod" time="0.0" classname="org.jboss.jsr299.tck.tests.implementation.disposal.method.definition.broken.unresolvedMethod.UnresolvedDisposalMethodDefinitionTest"/>
  <testcase name="testSingletonWithConversationScopeFails" time="0.0" classname="org.jboss.jsr299.tck.tests.implementation.enterprise.broken.singletonWithConversationScope.SingletonWithConversationScopeTest"/>
  <testcase name="testSingletonWithRequestScopeFails" time="0.0" classname="org.jboss.jsr299.tck.tests.implementation.enterprise.broken.singletonWithRequestScope.SingletonWithRequestScopeTest"/>
  <testcase name="testSingletonWithSessionScopeFails" time="0.0" classname="org.jboss.jsr299.tck.tests.implementation.enterprise.broken.singletonWithSessionScope.SingletonWithSessionScopeTest"/>
  <testcase name="testStatelessWithSessionScopeFails" time="0.0" classname="org.jboss.jsr299.tck.tests.implementation.enterprise.broken.statelessWithApplicationScope.StatelessWithApplicationScopeTest"/>
  <testcase name="testStatelessWithConversationScopeFails" time="0.0" classname="org.jboss.jsr299.tck.tests.implementation.enterprise.broken.statelessWithConversationScope.StatelessWithConversationScopeTest"/>
  <testcase name="testStatelessWithRequestScopeFails" time="0.0" classname="org.jboss.jsr299.tck.tests.implementation.enterprise.broken.statelessWithRequestScope.StatelessWithRequestScopeTest"/>
  <testcase name="testStatelessWithSessionScopeFails" time="0.0" classname="org.jboss.jsr299.tck.tests.implementation.enterprise.broken.statelessWithSessionScope.StatelessWithSessionScopeTest"/>
  <testcase name="testBindingTypeOnInitializerParameter" time="0.0010" classname="org.jboss.jsr299.tck.tests.implementation.initializer.InitializerMethodTest"/>
  <testcase name="testMultipleInitializerMethodsAreCalled" time="0.0010" classname="org.jboss.jsr299.tck.tests.implementation.initializer.InitializerMethodTest"/>
  <testcase name="testInitializerMethodAnnotatedProduces" time="0.0" classname="org.jboss.jsr299.tck.tests.implementation.initializer.broken.methodAnnotatedProduces.InitializerMethodAnnotatedProducesTest"/>
  <testcase name="testInitializerMethodHasParameterAnnotatedDisposes" time="0.0" classname="org.jboss.jsr299.tck.tests.implementation.initializer.broken.parameterAnnotatedDisposes.ParameterAnnotatedDisposesTest"/>
  <testcase name="testInitializerMethodHasParameterAnnotatedObserves" time="0.0" classname="org.jboss.jsr299.tck.tests.implementation.initializer.broken.parameterAnnotatedObserves.ParameterAnnotatedObservesTest"/>
  <testcase name="testApiTypeForArrayTypeReturn" time="0.0" classname="org.jboss.jsr299.tck.tests.implementation.producer.field.definition.ProducerFieldDefinitionTest"/>
  <testcase name="testApiTypeForClassReturn" time="0.0010" classname="org.jboss.jsr299.tck.tests.implementation.producer.field.definition.ProducerFieldDefinitionTest"/>
  <testcase name="testApiTypeForInterfaceReturn" time="0.0010" classname="org.jboss.jsr299.tck.tests.implementation.producer.field.definition.ProducerFieldDefinitionTest"/>
  <testcase name="testApiTypeForPrimitiveReturn" time="0.0010" classname="org.jboss.jsr299.tck.tests.implementation.producer.field.definition.ProducerFieldDefinitionTest"/>
  <testcase name="testBeanDeclaresMultipleProducerFields" time="0.0010" classname="org.jboss.jsr299.tck.tests.implementation.producer.field.definition.ProducerFieldDefinitionTest"/>
  <testcase name="testBindingType" time="0.0" classname="org.jboss.jsr299.tck.tests.implementation.producer.field.definition.ProducerFieldDefinitionTest"/>
  <testcase name="testDefaultBindingType" time="0.0010" classname="org.jboss.jsr299.tck.tests.implementation.producer.field.definition.ProducerFieldDefinitionTest"/>
  <testcase name="testDefaultNamedField" time="0.0" classname="org.jboss.jsr299.tck.tests.implementation.producer.field.definition.ProducerFieldDefinitionTest"/>
  <testcase name="testNamedField" time="0.0" classname="org.jboss.jsr299.tck.tests.implementation.producer.field.definition.ProducerFieldDefinitionTest"/>
  <testcase name="testNonStaticProducerFieldNotIndirectlyInherited" time="0.0" classname="org.jboss.jsr299.tck.tests.implementation.producer.field.definition.ProducerFieldDefinitionTest"/>
  <testcase name="testNonStaticProducerFieldNotInherited" time="0.0010" classname="org.jboss.jsr299.tck.tests.implementation.producer.field.definition.ProducerFieldDefinitionTest"/>
  <testcase name="testParameterizedReturnType" time="0.0" classname="org.jboss.jsr299.tck.tests.implementation.producer.field.definition.ProducerFieldDefinitionTest"/>
  <testcase name="testScopeType" time="0.0" classname="org.jboss.jsr299.tck.tests.implementation.producer.field.definition.ProducerFieldDefinitionTest"/>
  <testcase name="testStereotype" time="0.0" classname="org.jboss.jsr299.tck.tests.implementation.producer.field.definition.ProducerFieldDefinitionTest"/>
  <testcase name="testParameterizedReturnTypeWithWildcard" time="0.0" classname="org.jboss.jsr299.tck.tests.implementation.producer.field.definition.broken.parameterizedReturnTypeWithWildcard.ParameterizedReturnTypeWithWildcardTest"/>
  <testcase name="testProducerMethodOnSessionBeanMustBeBusinessMethod" time="0.0" classname="org.jboss.jsr299.tck.tests.implementation.producer.method.broken.enterprise.nonbusiness.ProducerMethodNotBusinessMethodTest"/>
  <testcase name="testProducerMethodWithParameterAnnotatedDisposes" time="0.0" classname="org.jboss.jsr299.tck.tests.implementation.producer.method.broken.parameterAnnotatedDisposes.ParameterAnnotatedDisposesTest"/>
  <testcase name="testProducerMethodWithParameterAnnotatedObserves" time="0.0" classname="org.jboss.jsr299.tck.tests.implementation.producer.method.broken.parameterAnnotatedObserves.ParameterAnnotatedObservesTest"/>
  <testcase name="testParameterizedType" time="0.0" classname="org.jboss.jsr299.tck.tests.implementation.producer.method.broken.parameterizedTypeWithTypeParameter2.ParameterizedTypeWithTypeParameterTest"/>
  <testcase name="testParameterizedReturnTypeWithWildcard" time="0.0" classname="org.jboss.jsr299.tck.tests.implementation.producer.method.broken.parameterizedTypeWithWildcard.ParameterizedTypeWithWildcardTest"/>
  <testcase name="testApiTypeForArrayTypeReturn" time="0.0010" classname="org.jboss.jsr299.tck.tests.implementation.producer.method.definition.ProducerMethodDefinitionTest"/>
  <testcase name="testApiTypeForClassReturn" time="0.0" classname="org.jboss.jsr299.tck.tests.implementation.producer.method.definition.ProducerMethodDefinitionTest"/>
  <testcase name="testApiTypeForInterfaceReturn" time="0.0" classname="org.jboss.jsr299.tck.tests.implementation.producer.method.definition.ProducerMethodDefinitionTest"/>
  <testcase name="testApiTypeForPrimitiveReturn" time="0.0" classname="org.jboss.jsr299.tck.tests.implementation.producer.method.definition.ProducerMethodDefinitionTest"/>
  <testcase name="testBindingType" time="0.0" classname="org.jboss.jsr299.tck.tests.implementation.producer.method.definition.ProducerMethodDefinitionTest"/>
  <testcase name="testBindingTypesAppliedToProducerMethodParameters" time="0.0" classname="org.jboss.jsr299.tck.tests.implementation.producer.method.definition.ProducerMethodDefinitionTest"/>
  <testcase name="testDefaultBindingType" time="0.0010" classname="org.jboss.jsr299.tck.tests.implementation.producer.method.definition.ProducerMethodDefinitionTest"/>
  <testcase name="testDefaultNamedMethod" time="0.0" classname="org.jboss.jsr299.tck.tests.implementation.producer.method.definition.ProducerMethodDefinitionTest"/>
  <testcase name="testDependentProducerReturnsNullValue" time="0.0" classname="org.jboss.jsr299.tck.tests.implementation.producer.method.definition.ProducerMethodDefinitionTest"/>
  <testcase name="testNamedMethod" time="0.0" classname="org.jboss.jsr299.tck.tests.implementation.producer.method.definition.ProducerMethodDefinitionTest"/>
  <testcase name="testNonDependentProducerReturnsNullValue" time="0.0020" classname="org.jboss.jsr299.tck.tests.implementation.producer.method.definition.ProducerMethodDefinitionTest"/>
  <testcase name="testNonStaticProducerMethodNotInherited" time="0.0" classname="org.jboss.jsr299.tck.tests.implementation.producer.method.definition.ProducerMethodDefinitionTest"/>
  <testcase name="testParameterizedReturnType" time="0.0" classname="org.jboss.jsr299.tck.tests.implementation.producer.method.definition.ProducerMethodDefinitionTest"/>
  <testcase name="testProducerOnNonBean" time="0.0" classname="org.jboss.jsr299.tck.tests.implementation.producer.method.definition.ProducerMethodDefinitionTest"/>
  <testcase name="testScopeType" time="0.0" classname="org.jboss.jsr299.tck.tests.implementation.producer.method.definition.ProducerMethodDefinitionTest"/>
  <testcase name="testStaticDisposerMethod" time="0.0010" classname="org.jboss.jsr299.tck.tests.implementation.producer.method.definition.ProducerMethodDefinitionTest"/>
  <testcase name="testStaticMethod" time="0.0" classname="org.jboss.jsr299.tck.tests.implementation.producer.method.definition.ProducerMethodDefinitionTest"/>
  <testcase name="testStereotypeSpecifiesScope" time="0.0" classname="org.jboss.jsr299.tck.tests.implementation.producer.method.definition.ProducerMethodDefinitionTest"/>
  <testcase name="testCreateFailsIfProducerReturnsNullAndNotDependent" time="0.0" classname="org.jboss.jsr299.tck.tests.implementation.producer.method.lifecycle.ProducerMethodLifecycleTest"/>
  <testcase name="testCreateRethrowsUncheckedException" time="0.0010" classname="org.jboss.jsr299.tck.tests.implementation.producer.method.lifecycle.ProducerMethodLifecycleTest"/>
  <testcase name="testCreateReturnsNullIfProducerDoesAndDependent" time="0.0010" classname="org.jboss.jsr299.tck.tests.implementation.producer.method.lifecycle.ProducerMethodLifecycleTest"/>
  <testcase name="testCreateWrapsCheckedExceptionAndRethrows" time="0.0" classname="org.jboss.jsr299.tck.tests.implementation.producer.method.lifecycle.ProducerMethodLifecycleTest"/>
  <testcase name="testProducerMethodBeanCreate" time="0.0010" classname="org.jboss.jsr299.tck.tests.implementation.producer.method.lifecycle.ProducerMethodLifecycleTest"/>
  <testcase name="testProducerMethodBeanDestroy" time="0.0010" classname="org.jboss.jsr299.tck.tests.implementation.producer.method.lifecycle.ProducerMethodLifecycleTest"/>
  <testcase name="testProducerMethodFromMostSpecializedBeanUsed" time="0.0010" classname="org.jboss.jsr299.tck.tests.implementation.producer.method.lifecycle.ProducerMethodLifecycleTest"/>
  <testcase name="testProducerMethodInvokedOnCreate" time="0.0" classname="org.jboss.jsr299.tck.tests.implementation.producer.method.lifecycle.ProducerMethodLifecycleTest"/>
  <testcase name="testWhenApplicationInvokesProducerMethodParametersAreNotInjected" time="0.0010" classname="org.jboss.jsr299.tck.tests.implementation.producer.method.lifecycle.ProducerMethodLifecycleTest"/>
  <testcase name="testAbstractClassDeclaredInJavaNotDiscovered" time="0.0" classname="org.jboss.jsr299.tck.tests.implementation.simple.definition.SimpleBeanDefinitionTest"/>
  <testcase name="testDependentScopedBeanCanHavePublicField" time="0.0" classname="org.jboss.jsr299.tck.tests.implementation.simple.definition.SimpleBeanDefinitionTest"/>
  <testcase name="testEmptyConstructorUsed" time="0.0" classname="org.jboss.jsr299.tck.tests.implementation.simple.definition.SimpleBeanDefinitionTest"/>
  <testcase name="testInitializerAnnotatedConstructor" time="0.0" classname="org.jboss.jsr299.tck.tests.implementation.simple.definition.SimpleBeanDefinitionTest"/>
  <testcase name="testInitializerAnnotatedConstructorUsedOverEmptyConstuctor" time="0.0" classname="org.jboss.jsr299.tck.tests.implementation.simple.definition.SimpleBeanDefinitionTest"/>
  <testcase name="testInterfaceNotDiscoveredAsSimpleBean" time="0.0010" classname="org.jboss.jsr299.tck.tests.implementation.simple.definition.SimpleBeanDefinitionTest"/>
  <testcase name="testNonStaticInnerClassDeclaredInJavaNotDiscovered" time="0.0" classname="org.jboss.jsr299.tck.tests.implementation.simple.definition.SimpleBeanDefinitionTest"/>
  <testcase name="testSimpleBeanOnlyIfConstructorIsInitializer" time="0.0" classname="org.jboss.jsr299.tck.tests.implementation.simple.definition.SimpleBeanDefinitionTest"/>
  <testcase name="testSimpleBeanOnlyIfConstructorParameterless" time="0.0" classname="org.jboss.jsr299.tck.tests.implementation.simple.definition.SimpleBeanDefinitionTest"/>
  <testcase name="testStaticInnerClassDeclaredInJavaAllowed" time="0.0" classname="org.jboss.jsr299.tck.tests.implementation.simple.definition.SimpleBeanDefinitionTest"/>
  <testcase name="testConstructorHasDisposesParameter" time="0.0" classname="org.jboss.jsr299.tck.tests.implementation.simple.definition.constructorHasDisposesParameter.ConstructorHasDisposesParameterTest"/>
  <testcase name="testConstructorHasObservesParameter" time="0.0010" classname="org.jboss.jsr299.tck.tests.implementation.simple.definition.constructorHasObservesParameter.ConstructorHasObservesParameterTest"/>
  <testcase name="testNonDependentScopedBeanCanNotHavePublicField" time="0.0" classname="org.jboss.jsr299.tck.tests.implementation.simple.definition.dependentWithPublicField.DependentWithPublicFieldTest"/>
  <testcase name="testTooManyInitializerAnnotatedConstructor" time="0.0" classname="org.jboss.jsr299.tck.tests.implementation.simple.definition.tooManyInitializerAnnotatedConstructors.TooManyInitializerAnnotatedConstructorsTest"/>
  <testcase name="testBeanCreateInjectsDependenciesAndInvokesInitializerToInstantiateInstance" time="0.0050" classname="org.jboss.jsr299.tck.tests.implementation.simple.lifecycle.SimpleBeanLifecycleTest"/>
  <testcase name="testContextCreatesNewInstanceForInjection" time="0.0030" classname="org.jboss.jsr299.tck.tests.implementation.simple.lifecycle.SimpleBeanLifecycleTest"/>
  <testcase name="testContextualDestroyCatchesException" time="0.0030" classname="org.jboss.jsr299.tck.tests.implementation.simple.lifecycle.SimpleBeanLifecycleTest"/>
  <testcase name="testContextualDestroyDisposesWhenNecessary" time="0.0010" classname="org.jboss.jsr299.tck.tests.implementation.simple.lifecycle.SimpleBeanLifecycleTest"/>
  <testcase name="testCreateInjectsFieldsDeclaredInJava" time="0.0" classname="org.jboss.jsr299.tck.tests.implementation.simple.lifecycle.SimpleBeanLifecycleTest"/>
  <testcase name="testCreateReturnsSameBeanPushed" time="0.0" classname="org.jboss.jsr299.tck.tests.implementation.simple.lifecycle.SimpleBeanLifecycleTest"/>
  <testcase name="testCreationExceptionWrapsCheckedExceptionThrownFromCreate" time="0.0010" classname="org.jboss.jsr299.tck.tests.implementation.simple.lifecycle.SimpleBeanLifecycleTest"/>
  <testcase name="testDependentsDestroyedAfterPreDestroy" time="0.0" classname="org.jboss.jsr299.tck.tests.implementation.simple.lifecycle.SimpleBeanLifecycleTest"/>
  <testcase name="testIndirectSubClassInheritsPostConstructOnSuperclass" time="0.0" classname="org.jboss.jsr299.tck.tests.implementation.simple.lifecycle.SimpleBeanLifecycleTest"/>
  <testcase name="testIndirectSubClassInheritsPreDestroyOnSuperclass" time="0.0010" classname="org.jboss.jsr299.tck.tests.implementation.simple.lifecycle.SimpleBeanLifecycleTest"/>
  <testcase name="testInjectionOfParametersIntoBeanConstructor" time="0.0" classname="org.jboss.jsr299.tck.tests.implementation.simple.lifecycle.SimpleBeanLifecycleTest"/>
  <testcase name="testManagedBean" time="0.0020" classname="org.jboss.jsr299.tck.tests.implementation.simple.lifecycle.SimpleBeanLifecycleTest"/>
  <testcase name="testPostConstructPreDestroy" time="0.0" classname="org.jboss.jsr299.tck.tests.implementation.simple.lifecycle.SimpleBeanLifecycleTest"/>
  <testcase name="testQualifierTypeAnnotatedConstructor" time="0.0010" classname="org.jboss.jsr299.tck.tests.implementation.simple.lifecycle.SimpleBeanLifecycleTest"/>
  <testcase name="testSerializeRequestScoped" time="0.0010" classname="org.jboss.jsr299.tck.tests.implementation.simple.lifecycle.SimpleBeanLifecycleTest"/>
  <testcase name="testSerializeSessionScoped" time="0.0030" classname="org.jboss.jsr299.tck.tests.implementation.simple.lifecycle.SimpleBeanLifecycleTest"/>
  <testcase name="testSpecializedBeanExtendsManagedBean" time="0.0" classname="org.jboss.jsr299.tck.tests.implementation.simple.lifecycle.SimpleBeanLifecycleTest"/>
  <testcase name="testSubClassDoesNotInheritPostConstructOnSuperclassBlockedByIntermediateClass" time="0.0010" classname="org.jboss.jsr299.tck.tests.implementation.simple.lifecycle.SimpleBeanLifecycleTest"/>
  <testcase name="testSubClassDoesNotInheritPreDestroyConstructOnSuperclassBlockedByIntermediateClass" time="0.0" classname="org.jboss.jsr299.tck.tests.implementation.simple.lifecycle.SimpleBeanLifecycleTest"/>
  <testcase name="testSubClassInheritsPostConstructOnSuperclass" time="0.0" classname="org.jboss.jsr299.tck.tests.implementation.simple.lifecycle.SimpleBeanLifecycleTest"/>
  <testcase name="testSubClassInheritsPreDestroyOnSuperclass" time="0.0010" classname="org.jboss.jsr299.tck.tests.implementation.simple.lifecycle.SimpleBeanLifecycleTest"/>
  <testcase name="testUncheckedExceptionThrownFromCreateNotWrapped" time="0.0" classname="org.jboss.jsr299.tck.tests.implementation.simple.lifecycle.SimpleBeanLifecycleTest"/>
  <testcase name="testNormalScopedUnproxyableBeanThrowsException" time="0.0" classname="org.jboss.jsr299.tck.tests.implementation.simple.lifecycle.unproxyable.UnproxyableManagedBeanTest"/>
  <testcase name="testForEachSimpleBeanANewBeanExists" time="0.0020" classname="org.jboss.jsr299.tck.tests.implementation.simple.newSimpleBean.NewSimpleBeanTest"/>
  <testcase name="testNewBeanCreatedForConstructorInjectioAnPoint" time="0.0" classname="org.jboss.jsr299.tck.tests.implementation.simple.newSimpleBean.NewSimpleBeanTest"/>
  <testcase name="testNewBeanCreatedForDisposerMethod" time="0.0040" classname="org.jboss.jsr299.tck.tests.implementation.simple.newSimpleBean.NewSimpleBeanTest"/>
  <testcase name="testNewBeanCreatedForFieldInjectionPoint" time="0.0010" classname="org.jboss.jsr299.tck.tests.implementation.simple.newSimpleBean.NewSimpleBeanTest"/>
  <testcase name="testNewBeanCreatedForInitializerInjectionPoint" time="0.0" classname="org.jboss.jsr299.tck.tests.implementation.simple.newSimpleBean.NewSimpleBeanTest"/>
  <testcase name="testNewBeanCreatedForObserverMethod" time="0.0010" classname="org.jboss.jsr299.tck.tests.implementation.simple.newSimpleBean.NewSimpleBeanTest"/>
  <testcase name="testNewBeanCreatedForProducerMethod" time="0.0" classname="org.jboss.jsr299.tck.tests.implementation.simple.newSimpleBean.NewSimpleBeanTest"/>
  <testcase name="testNewBeanHasNoDisposerMethods" time="0.0030" classname="org.jboss.jsr299.tck.tests.implementation.simple.newSimpleBean.NewSimpleBeanTest"/>
  <testcase name="testNewBeanHasNoObservers" time="0.0" classname="org.jboss.jsr299.tck.tests.implementation.simple.newSimpleBean.NewSimpleBeanTest"/>
  <testcase name="testNewBeanHasNoProducerFields" time="0.0" classname="org.jboss.jsr299.tck.tests.implementation.simple.newSimpleBean.NewSimpleBeanTest"/>
  <testcase name="testNewBeanHasNoProducerMethods" time="0.0010" classname="org.jboss.jsr299.tck.tests.implementation.simple.newSimpleBean.NewSimpleBeanTest"/>
  <testcase name="testNewBeanHasNoStereotypes" time="0.0" classname="org.jboss.jsr299.tck.tests.implementation.simple.newSimpleBean.NewSimpleBeanTest"/>
  <testcase name="testNewBeanHasSameConstructor" time="0.0050" classname="org.jboss.jsr299.tck.tests.implementation.simple.newSimpleBean.NewSimpleBeanTest"/>
  <testcase name="testNewBeanHasSameInitializers" time="0.0" classname="org.jboss.jsr299.tck.tests.implementation.simple.newSimpleBean.NewSimpleBeanTest"/>
  <testcase name="testNewBeanHasSameInjectedFields" time="0.0010" classname="org.jboss.jsr299.tck.tests.implementation.simple.newSimpleBean.NewSimpleBeanTest"/>
  <testcase name="testNewBeanIsDependentScoped" time="0.0" classname="org.jboss.jsr299.tck.tests.implementation.simple.newSimpleBean.NewSimpleBeanTest"/>
  <testcase name="testNewBeanWithNoMemberValue" time="0.0010" classname="org.jboss.jsr299.tck.tests.implementation.simple.newSimpleBean.NewSimpleBeanTest"/>
  <testcase name="testSpecializingClassDirectlyExtendsNothing" time="0.0" classname="org.jboss.jsr299.tck.tests.inheritance.specialization.enterprise.broken.directlyExtendsNothing.DirectlyExtendsNothingTest"/>
  <testcase name="testSpecializingClassDirectlyExtendsSimpleBean" time="0.0" classname="org.jboss.jsr299.tck.tests.inheritance.specialization.enterprise.broken.directlyExtendsSimpleBean.DirectlyExtendsSimpleBeanTest"/>
  <testcase name="testSpecializingClassImplementsInterfaceAndExtendsNothing" time="0.0" classname="org.jboss.jsr299.tck.tests.inheritance.specialization.enterprise.broken.implementInterfaceAndExtendsNothing.ImplementsInterfaceAndExtendsNothingTest"/>
  <testcase name="testSpecializingAndSpecializedBeanHasName" time="0.0" classname="org.jboss.jsr299.tck.tests.inheritance.specialization.enterprise.broken.sameName.SameNameTest"/>
  <testcase name="testSpecializingBeanHasBindingsOfSpecializedAndSpecializingBean" time="0.0" classname="org.jboss.jsr299.tck.tests.inheritance.specialization.producer.method.ProducerMethodSpecializationTest"/>
  <testcase name="testSpecializedMethodIndirectlyOverridesAnotherProducerMethod" time="0.0" classname="org.jboss.jsr299.tck.tests.inheritance.specialization.producer.method.broken.indirectOverride.IndirectOverrideTest"/>
  <testcase name="testSpecializedStaticMethod" time="0.0" classname="org.jboss.jsr299.tck.tests.inheritance.specialization.producer.method.broken.specializesStaticMethod.SpecializesStaticMethodTest"/>
  <testcase name="testSpecializingAndSpecializedBeanHasName" time="0.0" classname="org.jboss.jsr299.tck.tests.inheritance.specialization.producer.method.broken.specializingAndSpecializedBeanHaveName.SpecializingAndSpecializedBeanHaveNameTest"/>
  <testcase name="testSpecializingBeanHasNameOfSpecializedBean" time="0.0010" classname="org.jboss.jsr299.tck.tests.inheritance.specialization.simple.SimpleBeanSpecializationTest"/>
  <testcase name="testSpecializingBeanHasQualifiersOfSpecializedAndSpecializingBean" time="0.0" classname="org.jboss.jsr299.tck.tests.inheritance.specialization.simple.SimpleBeanSpecializationTest"/>
  <testcase name="testSpecializingClassDirectlyExtendsEnterpriseBean" time="0.0" classname="org.jboss.jsr299.tck.tests.inheritance.specialization.simple.broken.extendejb.SpecializingBeanExtendsEnterpriseBeanTest"/>
  <testcase name="testInconsistentSpecialization" time="0.0" classname="org.jboss.jsr299.tck.tests.inheritance.specialization.simple.broken.inconsistent.InconsistentSpecializationTest"/>
  <testcase name="testSpecializingAndSpecializedBeanHasName" time="0.0" classname="org.jboss.jsr299.tck.tests.inheritance.specialization.simple.broken.names.SpecializingAndSpecializedBeanHasNameTest"/>
  <testcase name="testSpecializingClassImplementsInterfaceAndExtendsNothing" time="0.0" classname="org.jboss.jsr299.tck.tests.inheritance.specialization.simple.broken.noextend1.SpecializingBeanImplementsInterfaceOnly"/>
  <testcase name="testSpecializingClassDirectlyExtendsNothing" time="0.0" classname="org.jboss.jsr299.tck.tests.inheritance.specialization.simple.broken.noextend2.SpecializingBeanExtendsNothingTest"/>
  <testcase name="testSpecializingClassExtendsNonSimpleBean" time="0.0" classname="org.jboss.jsr299.tck.tests.inheritance.specialization.simple.broken.noextend3.SpecializingClassExtendsNonSimpleBeanTest"/>
  <testcase name="testInitializerMethodsNotIntercepted" time="0.0" classname="org.jboss.jsr299.tck.tests.interceptors.definition.InterceptorDefinitionTest"/>
  <testcase name="testInstanceOfInterceptorForEveryEnabledInterceptor" time="0.0010" classname="org.jboss.jsr299.tck.tests.interceptors.definition.InterceptorDefinitionTest"/>
  <testcase name="testInterceptionType" time="0.0010" classname="org.jboss.jsr299.tck.tests.interceptors.definition.InterceptorDefinitionTest"/>
  <testcase name="testInterceptorBindingAnnotation" time="0.0" classname="org.jboss.jsr299.tck.tests.interceptors.definition.InterceptorDefinitionTest"/>
  <testcase name="testInterceptorBindingTypes" time="0.0" classname="org.jboss.jsr299.tck.tests.interceptors.definition.InterceptorDefinitionTest"/>
  <testcase name="testInterceptorBindingsCanDeclareOtherInterceptorBindings" time="0.0010" classname="org.jboss.jsr299.tck.tests.interceptors.definition.InterceptorDefinitionTest"/>
  <testcase name="testInterceptorsImplementInterceptorInterface" time="0.0010" classname="org.jboss.jsr299.tck.tests.interceptors.definition.InterceptorDefinitionTest"/>
  <testcase name="testManagedBeanIsIntercepted" time="0.0" classname="org.jboss.jsr299.tck.tests.interceptors.definition.InterceptorDefinitionTest"/>
  <testcase name="testNoBindingTypesToResolveInterceptorsFails" time="0.0" classname="org.jboss.jsr299.tck.tests.interceptors.definition.InterceptorDefinitionTest"/>
  <testcase name="testNonBindingTypeToResolveInterceptorsFails" time="0.0" classname="org.jboss.jsr299.tck.tests.interceptors.definition.InterceptorDefinitionTest"/>
  <testcase name="testProducerMethodsAreIntercepted" time="0.0010" classname="org.jboss.jsr299.tck.tests.interceptors.definition.InterceptorDefinitionTest"/>
  <testcase name="testResolveInterceptorsReturnsOrderedList" time="0.0" classname="org.jboss.jsr299.tck.tests.interceptors.definition.InterceptorDefinitionTest"/>
  <testcase name="testSameBindingTypesToResolveInterceptorsFails" time="0.0" classname="org.jboss.jsr299.tck.tests.interceptors.definition.InterceptorDefinitionTest"/>
  <testcase name="testStereotypeInterceptorBindings" time="0.0010" classname="org.jboss.jsr299.tck.tests.interceptors.definition.InterceptorDefinitionTest"/>
  <testcase name="testInterceptorCanNotAlsoBeDecorator" time="0.0" classname="org.jboss.jsr299.tck.tests.interceptors.definition.broken.interceptorCanNotBeDecorator.InterceptorCanNotBeDecoratorTest"/>
  <testcase name="testInterceptorBindingsWithConflictingAnnotationMembersNotOk" time="0.0" classname="org.jboss.jsr299.tck.tests.interceptors.definition.broken.invalidBindingAnnotations.InvalidInterceptorBindingAnnotationsTest"/>
  <testcase name="testNonExistantClassInBeansXmlNotOk" time="0.0" classname="org.jboss.jsr299.tck.tests.interceptors.definition.broken.nonExistantClassInBeansXml.NonExistantClassInBeansXmlTest"/>
  <testcase name="testNonInterceptorClassInBeansXmlNotOk" time="0.0" classname="org.jboss.jsr299.tck.tests.interceptors.definition.broken.nonInterceptorClassInBeansXml.NonInterceptorClassInBeansXmlTest"/>
  <testcase name="testSameInterceptorClassListedTwiceInBeansXmlNotOk" time="0.0" classname="org.jboss.jsr299.tck.tests.interceptors.definition.broken.sameClassListedTwiceInBeansXml.SameClassListedTwiceInBeansXmlTest"/>
  <testcase name="testInterceptorCalledBeforeDecorator" time="0.0010" classname="org.jboss.jsr299.tck.tests.interceptors.definition.interceptorCalledBeforeDecorator.InterceptorCalledBeforeDecoratorTest"/>
  <testcase name="testInterceptorNotListedInBeansXmlNotInvoked" time="0.0" classname="org.jboss.jsr299.tck.tests.interceptors.definition.interceptorNotListedInBeansXml.InterceptorNotListedInBeansXmlNotEnabledTest"/>
  <testcase name="testInterceptorsCalledInOrderDefinedByBeansXml" time="0.0010" classname="org.jboss.jsr299.tck.tests.interceptors.definition.interceptorOrder.InterceptorOrderTest"/>
  <testcase name="testInterceptorsDeclaredUsingInterceptorsCalledBeforeInterceptorBinding" time="0.0" classname="org.jboss.jsr299.tck.tests.interceptors.definition.interceptorOrder.InterceptorOrderTest"/>
  <testcase name="testInterceptorBindingTypeWithMember" time="0.0" classname="org.jboss.jsr299.tck.tests.interceptors.definition.member.InterceptorBindingTypeWithMemberTest"/>
  <testcase name="testInterceptorBindingTypeWithNonBindingMember" time="0.0" classname="org.jboss.jsr299.tck.tests.interceptors.definition.member.InterceptorBindingTypeWithMemberTest"/>
  <testcase name="testInterceptorAppliedToBeanWithAllBindings" time="0.0" classname="org.jboss.jsr299.tck.tests.interceptors.definition.multipleBindings.MultipleInterceptorBindingsTest"/>
  <testcase name="testInterceptorNotAppliedToBeanWithSomeBindings" time="0.0" classname="org.jboss.jsr299.tck.tests.interceptors.definition.multipleBindings.MultipleInterceptorBindingsTest"/>
  <testcase name="testAnnotationMemberWithoutNonBinding" time="0.0" classname="org.jboss.jsr299.tck.tests.lookup.binding.members.annotation.BindingAnnotationWithMemberTest"/>
  <testcase name="testArrayMemberWithoutNonBinding" time="0.0" classname="org.jboss.jsr299.tck.tests.lookup.binding.members.array.BindingAnnotationWithMemberTest"/>
  <testcase name="testAmbiguousELNamesResolved" time="0.0010" classname="org.jboss.jsr299.tck.tests.lookup.byname.ResolutionByNameTest"/>
  <testcase name="testDuplicateNamedBeans" time="0.0" classname="org.jboss.jsr299.tck.tests.lookup.byname.duplicateNameResolution.DuplicateNameResolutionTest"/>
  <testcase name="testDuplicateBeanNamePrefix" time="0.0" classname="org.jboss.jsr299.tck.tests.lookup.byname.duplicatePrefixResolution.DuplicateNamePrefixResolutionTest"/>
  <testcase name="testCircularInjectionOnOneNormalAndOneDependentBean" time="0.0030" classname="org.jboss.jsr299.tck.tests.lookup.circular.CircularDependencyTest"/>
  <testcase name="testCircularInjectionOnTwoNormalBeans" time="0.0030" classname="org.jboss.jsr299.tck.tests.lookup.circular.CircularDependencyTest"/>
  <testcase name="testDependentProducerMethodDeclaredOnNormalBeanWhichInjectsProducedBean" time="0.0010" classname="org.jboss.jsr299.tck.tests.lookup.circular.CircularDependencyTest"/>
  <testcase name="testNormalAndDependentCircularConstructors" time="0.0020" classname="org.jboss.jsr299.tck.tests.lookup.circular.CircularDependencyTest"/>
  <testcase name="testNormalCircularConstructors" time="0.0010" classname="org.jboss.jsr299.tck.tests.lookup.circular.CircularDependencyTest"/>
  <testcase name="testNormalProducerMethodDeclaredOnDependentBeanWhichInjectsProducedBean" time="0.0" classname="org.jboss.jsr299.tck.tests.lookup.circular.CircularDependencyTest"/>
  <testcase name="testNormalProducerMethodDeclaredOnNormalBeanWhichInjectsProducedBean" time="0.0020" classname="org.jboss.jsr299.tck.tests.lookup.circular.CircularDependencyTest"/>
  <testcase name="testNormalSelfConsumingProducer" time="0.0" classname="org.jboss.jsr299.tck.tests.lookup.circular.CircularDependencyTest"/>
  <testcase name="testSelfConsumingConstructorsOnNormalBean" time="0.0010" classname="org.jboss.jsr299.tck.tests.lookup.circular.CircularDependencyTest"/>
  <testcase name="testClientProxyInvocation" time="0.0020" classname="org.jboss.jsr299.tck.tests.lookup.clientProxy.ClientProxyTest"/>
  <testcase name="testClientProxyUsedForNormalScope" time="0.0010" classname="org.jboss.jsr299.tck.tests.lookup.clientProxy.ClientProxyTest"/>
  <testcase name="testInactiveScope" time="0.0010" classname="org.jboss.jsr299.tck.tests.lookup.clientProxy.ClientProxyTest"/>
  <testcase name="testSimpleBeanClientProxyIsSerializable" time="0.0" classname="org.jboss.jsr299.tck.tests.lookup.clientProxy.ClientProxyTest"/>
  <testcase name="testInjectionPointWithArrayType" time="0.0" classname="org.jboss.jsr299.tck.tests.lookup.clientProxy.unproxyable.array.ArrayTest"/>
  <testcase name="testInjectionPointWithUnproxyableTypeWhichResolvesToNormalScopedBean" time="0.0" classname="org.jboss.jsr299.tck.tests.lookup.clientProxy.unproxyable.finalClass.FinalClassTest"/>
  <testcase name="testClassWithFinalMethodCannotBeProxied" time="0.0010" classname="org.jboss.jsr299.tck.tests.lookup.clientProxy.unproxyable.finalMethod.FinalMethodTest"/>
  <testcase name="testInjectionPointWithUnproxyableTypeWhichResolvesToNormalScopedBean" time="0.0" classname="org.jboss.jsr299.tck.tests.lookup.clientProxy.unproxyable.primitive.UnproxyableTest"/>
  <testcase name="testClassWithPrivateConstructor" time="0.0" classname="org.jboss.jsr299.tck.tests.lookup.clientProxy.unproxyable.privateConstructor.PrivateConstructorTest"/>
  <testcase name="testAmbiguousDependency" time="0.0" classname="org.jboss.jsr299.tck.tests.lookup.dependency.resolution.broken.ambiguous.AmbiguousDependencyTest"/>
  <testcase name="testUnsatisfiedDependency" time="0.0" classname="org.jboss.jsr299.tck.tests.lookup.dependency.resolution.broken.unsatisfied.UnsatisfiedDependencyTest"/>
  <testcase name="testAmbiguousDependencyThrowsException" time="0.0" classname="org.jboss.jsr299.tck.tests.lookup.dynamic.DynamicLookupTest"/>
  <testcase name="testDuplicateBindingsThrowsException" time="0.0" classname="org.jboss.jsr299.tck.tests.lookup.dynamic.DynamicLookupTest"/>
  <testcase name="testGetMethod" time="0.0020" classname="org.jboss.jsr299.tck.tests.lookup.dynamic.DynamicLookupTest"/>
  <testcase name="testIsAmbiguous" time="0.0" classname="org.jboss.jsr299.tck.tests.lookup.dynamic.DynamicLookupTest"/>
  <testcase name="testIsUnsatisfied" time="0.0010" classname="org.jboss.jsr299.tck.tests.lookup.dynamic.DynamicLookupTest"/>
  <testcase name="testIteratorMethod" time="0.0070" classname="org.jboss.jsr299.tck.tests.lookup.dynamic.DynamicLookupTest"/>
  <testcase name="testNonBindingThrowsException" time="0.0010" classname="org.jboss.jsr299.tck.tests.lookup.dynamic.DynamicLookupTest"/>
  <testcase name="testObtainsInjectsInstanceOfInstance" time="0.0" classname="org.jboss.jsr299.tck.tests.lookup.dynamic.DynamicLookupTest"/>
  <testcase name="testUnsatisfiedDependencyThrowsException" time="0.0010" classname="org.jboss.jsr299.tck.tests.lookup.dynamic.DynamicLookupTest"/>
  <testcase name="testInstanceIsPassivationCapable" time="0.0070" classname="org.jboss.jsr299.tck.tests.lookup.dynamic.builtin.BuiltinInstanceTest"/>
  <testcase name="testInstanceProvidedForEveryLegalBeanType" time="0.0010" classname="org.jboss.jsr299.tck.tests.lookup.dynamic.builtin.BuiltinInstanceTest"/>
  <testcase name="testNameOfBuiltinInstance" time="0.0" classname="org.jboss.jsr299.tck.tests.lookup.dynamic.builtin.BuiltinInstanceTest"/>
  <testcase name="testScopeOfBuiltinInstance" time="0.0" classname="org.jboss.jsr299.tck.tests.lookup.dynamic.builtin.BuiltinInstanceTest"/>
  <testcase name="testContextCreatesNewInstanceForInjection" time="0.0020" classname="org.jboss.jsr299.tck.tests.lookup.el.ResolutionByNameTest"/>
  <testcase name="testELResolverReturnsContextualInstance" time="0.0050" classname="org.jboss.jsr299.tck.tests.lookup.el.ResolutionByNameTest"/>
  <testcase name="testQualifiedNameLookup" time="0.0040" classname="org.jboss.jsr299.tck.tests.lookup.el.ResolutionByNameTest"/>
  <testcase name="testUnresolvedNameReturnsNull" time="0.0010" classname="org.jboss.jsr299.tck.tests.lookup.el.ResolutionByNameTest"/>
  <testcase name="testFieldDeclaredInIndirectSuperclassInjected" time="0.0" classname="org.jboss.jsr299.tck.tests.lookup.injection.InjectionTest"/>
  <testcase name="testFieldDeclaredInSuperclassInjected" time="0.0" classname="org.jboss.jsr299.tck.tests.lookup.injection.InjectionTest"/>
  <testcase name="testInjectionOfNamedBean" time="0.0010" classname="org.jboss.jsr299.tck.tests.lookup.injection.InjectionTest"/>
  <testcase name="testInjectionPerformsBoxingIfNecessary" time="0.0" classname="org.jboss.jsr299.tck.tests.lookup.injection.InjectionTest"/>
  <testcase name="testAnyInjectionIfExactlyOneBeanForType" time="0.0010" classname="org.jboss.jsr299.tck.tests.lookup.injection.any.AnyInjectionTest"/>
  <testcase name="testCreationalContext" time="0.0" classname="org.jboss.jsr299.tck.tests.lookup.injection.non.contextual.CreationalContextForNonContextualTest"/>
  <testcase name="testPrimitiveInjectionPointResolvesToNullableWebBean" time="0.0" classname="org.jboss.jsr299.tck.tests.lookup.injection.nullableBean.NullableBeanTest"/>
  <testcase name="testGetInjectableReferenceOnBeanManager" time="0.0020" classname="org.jboss.jsr299.tck.tests.lookup.injectionpoint.InjectableReferenceTest"/>
  <testcase name="testGetInjectableReferenceReturnsDelegateForDelegateInjectionPoint" time="0.0050" classname="org.jboss.jsr299.tck.tests.lookup.injectionpoint.InjectableReferenceTest"/>
  <testcase name="testApiTypeInjectionPoint" time="0.0010" classname="org.jboss.jsr299.tck.tests.lookup.injectionpoint.InjectionPointTest"/>
  <testcase name="testCurrentBinding" time="0.0" classname="org.jboss.jsr299.tck.tests.lookup.injectionpoint.InjectionPointTest"/>
  <testcase name="testDependentScope" time="0.0" classname="org.jboss.jsr299.tck.tests.lookup.injectionpoint.InjectionPointTest"/>
  <testcase name="testGetAnnotatedField" time="0.0" classname="org.jboss.jsr299.tck.tests.lookup.injectionpoint.InjectionPointTest"/>
  <testcase name="testGetAnnotatedParameter" time="0.0" classname="org.jboss.jsr299.tck.tests.lookup.injectionpoint.InjectionPointTest"/>
  <testcase name="testGetBean" time="0.0" classname="org.jboss.jsr299.tck.tests.lookup.injectionpoint.InjectionPointTest"/>
  <testcase name="testGetBindingTypes" time="0.0" classname="org.jboss.jsr299.tck.tests.lookup.injectionpoint.InjectionPointTest"/>
  <testcase name="testGetMemberConstructor" time="0.0" classname="org.jboss.jsr299.tck.tests.lookup.injectionpoint.InjectionPointTest"/>
  <testcase name="testGetMemberField" time="0.0" classname="org.jboss.jsr299.tck.tests.lookup.injectionpoint.InjectionPointTest"/>
  <testcase name="testGetMemberMethod" time="0.0" classname="org.jboss.jsr299.tck.tests.lookup.injectionpoint.InjectionPointTest"/>
  <testcase name="testGetType" time="0.0" classname="org.jboss.jsr299.tck.tests.lookup.injectionpoint.InjectionPointTest"/>
  <testcase name="testIsTransient" time="0.0020" classname="org.jboss.jsr299.tck.tests.lookup.injectionpoint.InjectionPointTest"/>
  <testcase name="testPassivationCapability" time="0.0030" classname="org.jboss.jsr299.tck.tests.lookup.injectionpoint.InjectionPointTest"/>
  <testcase name="testSessionScopedBeanWithInjectionPoint" time="0.0" classname="org.jboss.jsr299.tck.tests.lookup.injectionpoint.broken.normal.scope.NormalScopedBeanWithInjectionPoint"/>
  <testcase name="testUnsatisfiedReference" time="0.0" classname="org.jboss.jsr299.tck.tests.lookup.injectionpoint.broken.reference.ambiguous.AmbiguousInjectableReferenceTest"/>
  <testcase name="testUnsatisfiedReference" time="0.0" classname="org.jboss.jsr299.tck.tests.lookup.injectionpoint.broken.reference.unresolved.UnsatisfiedInjectableReferenceTest"/>
  <testcase name="testContainerProvidesManagerBean" time="0.0010" classname="org.jboss.jsr299.tck.tests.lookup.manager.ManagerTest"/>
  <testcase name="testGetReferenceReturnsContextualInstance" time="0.0" classname="org.jboss.jsr299.tck.tests.lookup.manager.ManagerTest"/>
  <testcase name="testInjectingManager" time="0.0" classname="org.jboss.jsr299.tck.tests.lookup.manager.ManagerTest"/>
  <testcase name="testManagerBeanHasCurrentBinding" time="0.0" classname="org.jboss.jsr299.tck.tests.lookup.manager.ManagerTest"/>
  <testcase name="testManagerBeanIsDependentScoped" time="0.0" classname="org.jboss.jsr299.tck.tests.lookup.manager.ManagerTest"/>
  <testcase name="testManagerBeanIsPassivationCapable" time="0.0010" classname="org.jboss.jsr299.tck.tests.lookup.manager.ManagerTest"/>
  <testcase name="testBeanTypesOnSessionBean" time="0.0" classname="org.jboss.jsr299.tck.tests.lookup.typesafe.resolution.EnterpriseResolutionByTypeTest"/>
  <testcase name="testAllQualifiersSpecifiedForResolutionMustAppearOnBean" time="0.0010" classname="org.jboss.jsr299.tck.tests.lookup.typesafe.resolution.ResolutionByTypeTest"/>
  <testcase name="testBeanTypesOnManagedBean" time="0.0" classname="org.jboss.jsr299.tck.tests.lookup.typesafe.resolution.ResolutionByTypeTest"/>
  <testcase name="testBeanTypesOnProducerField" time="0.0" classname="org.jboss.jsr299.tck.tests.lookup.typesafe.resolution.ResolutionByTypeTest"/>
  <testcase name="testBeanTypesOnProducerMethod" time="0.0010" classname="org.jboss.jsr299.tck.tests.lookup.typesafe.resolution.ResolutionByTypeTest"/>
  <testcase name="testDefaultBindingTypeAssumed" time="0.0" classname="org.jboss.jsr299.tck.tests.lookup.typesafe.resolution.ResolutionByTypeTest"/>
  <testcase name="testGenericBeanTypesOnManagedBean" time="0.0" classname="org.jboss.jsr299.tck.tests.lookup.typesafe.resolution.ResolutionByTypeTest"/>
  <testcase name="testGenericBeanTypesOnProducerField" time="0.0" classname="org.jboss.jsr299.tck.tests.lookup.typesafe.resolution.ResolutionByTypeTest"/>
  <testcase name="testGenericBeanTypesOnProducerMethod" time="0.0" classname="org.jboss.jsr299.tck.tests.lookup.typesafe.resolution.ResolutionByTypeTest"/>
  <testcase name="testPolicyNotAvailableInNonDeploymentArchive" time="0.0" classname="org.jboss.jsr299.tck.tests.lookup.typesafe.resolution.ResolutionByTypeTest"/>
  <testcase name="testResolveByType" time="0.0" classname="org.jboss.jsr299.tck.tests.lookup.typesafe.resolution.ResolutionByTypeTest"/>
  <testcase name="testResolveByTypeWithArray" time="0.0010" classname="org.jboss.jsr299.tck.tests.lookup.typesafe.resolution.ResolutionByTypeTest"/>
  <testcase name="testResolveByTypeWithNonBindingMembers" time="0.0" classname="org.jboss.jsr299.tck.tests.lookup.typesafe.resolution.ResolutionByTypeTest"/>
  <testcase name="testResolveByTypeWithPrimitives" time="0.0010" classname="org.jboss.jsr299.tck.tests.lookup.typesafe.resolution.ResolutionByTypeTest"/>
  <testcase name="testResolveByTypeWithTypeParameter" time="0.0010" classname="org.jboss.jsr299.tck.tests.lookup.typesafe.resolution.ResolutionByTypeTest"/>
  <testcase name="testPrimitiveInjectionPointResolvedToNonPrimitiveProducerMethod" time="0.0" classname="org.jboss.jsr299.tck.tests.lookup.typesafe.resolution.broken.primitive.PrimitiveInjectionPointTest"/>
  <testcase name="testTypeVariableInjectionPoint" time="0.0" classname="org.jboss.jsr299.tck.tests.lookup.typesafe.resolution.broken.type.variable.TypeVariableInjectionPointTest"/>
  <testcase name="testDecoratorNotResolved" time="0.0010" classname="org.jboss.jsr299.tck.tests.lookup.typesafe.resolution.decorator.DecoratorNotInjectedTest"/>
  <testcase name="testInterceptorNotResolved" time="0.0" classname="org.jboss.jsr299.tck.tests.lookup.typesafe.resolution.interceptor.InterceptorNotResolvedTest"/>
  <testcase name="testAssignabilityOfParameterizedTypeWithActualTypesToParameterizedTypeWithActualTypes" time="0.0010" classname="org.jboss.jsr299.tck.tests.lookup.typesafe.resolution.parameterized.AssignabilityOfRawAndParameterizedTypesTest"/>
  <testcase name="testAssignabilityOfParameterizedTypeWithActualTypesToParameterizedTypeWithWildcards" time="0.0" classname="org.jboss.jsr299.tck.tests.lookup.typesafe.resolution.parameterized.AssignabilityOfRawAndParameterizedTypesTest"/>
  <testcase name="testAssignabilityOfParameterizedTypeWithActualTypesToParameterizedTypeWithWildcardsAtInjectionPoint" time="0.0" classname="org.jboss.jsr299.tck.tests.lookup.typesafe.resolution.parameterized.AssignabilityOfRawAndParameterizedTypesTest"/>
  <testcase name="testAssignabilityOfParameterizedTypeWithTypeVariablesToParameterizedTypeTypeVariable" time="0.0" classname="org.jboss.jsr299.tck.tests.lookup.typesafe.resolution.parameterized.AssignabilityOfRawAndParameterizedTypesTest"/>
  <testcase name="testAssignabilityOfParameterizedTypeWithTypeVariablesToParameterizedTypeWithActualTypes" time="0.0" classname="org.jboss.jsr299.tck.tests.lookup.typesafe.resolution.parameterized.AssignabilityOfRawAndParameterizedTypesTest"/>
  <testcase name="testAssignabilityOfParameterizedTypeWithTypeVariablesToParameterizedTypeWithWildcards" time="0.0" classname="org.jboss.jsr299.tck.tests.lookup.typesafe.resolution.parameterized.AssignabilityOfRawAndParameterizedTypesTest"/>
  <testcase name="testAssignabilityOfParameterizedTypeWithTypeVariablesToParameterizedTypeWithWildcards2" time="0.0" classname="org.jboss.jsr299.tck.tests.lookup.typesafe.resolution.parameterized.AssignabilityOfRawAndParameterizedTypesTest"/>
  <testcase name="testAssignabilityToRawType" time="0.0010" classname="org.jboss.jsr299.tck.tests.lookup.typesafe.resolution.parameterized.AssignabilityOfRawAndParameterizedTypesTest"/>
  <testcase name="testAnyEnabledPolicyStereotypeMakesPolicyEnabled" time="0.0" classname="org.jboss.jsr299.tck.tests.policy.PolicyAvailabilityTest"/>
  <testcase name="testIsAlternative" time="0.0010" classname="org.jboss.jsr299.tck.tests.policy.PolicyAvailabilityTest"/>
  <testcase name="testPolicyAvailability" time="0.0" classname="org.jboss.jsr299.tck.tests.policy.PolicyAvailabilityTest"/>
  <testcase name="testProducerPoliciesOnClass" time="0.0" classname="org.jboss.jsr299.tck.tests.policy.PolicyAvailabilityTest"/>
  <testcase name="testProducerPoliciesOnMethodAndField" time="0.0010" classname="org.jboss.jsr299.tck.tests.policy.PolicyAvailabilityTest"/>
  <testcase name="test" time="0.0" classname="org.jboss.jsr299.tck.tests.policy.broken.incorrect.name.NoClassWithSpecifiedNameTest"/>
  <testcase name="test" time="0.0" classname="org.jboss.jsr299.tck.tests.policy.broken.incorrect.name.stereotype.NoAnnotationWithSpecifiedNameTest"/>
  <testcase name="test" time="0.0" classname="org.jboss.jsr299.tck.tests.policy.broken.not.policy.ClassIsNotPolicyTest"/>
  <testcase name="test" time="0.0" classname="org.jboss.jsr299.tck.tests.policy.broken.not.policy.stereotype.ClassIsNotPolicyTest"/>
  <testcase name="test" time="0.0010" classname="org.jboss.jsr299.tck.tests.policy.broken.same.type.twice.SameTypeListedTwiceTest"/>
</testsuite>
