<?xml version="1.0" encoding="UTF-8" ?>
<testsuite failures="0" time="0.613" errors="0" skipped="0" tests="50" name="org.jboss.weld.atinject.tck.AtInjectTCK">
  <properties>
[...]
</properties>
  <testcase time="0.001" classname="org.atinject.tck.auto.Convertible$Tests" name="testFieldsInjected"/>
  <testcase time="0" classname="org.atinject.tck.auto.Convertible$Tests" name="testProviderReturnedValues"/>
  <testcase time="0.001" classname="org.atinject.tck.auto.Convertible$Tests" name="testMethodWithZeroParametersInjected"/>
  <testcase time="0" classname="org.atinject.tck.auto.Convertible$Tests" name="testMethodWithMultipleParametersInjected"/>
  <testcase time="0" classname="org.atinject.tck.auto.Convertible$Tests" name="testNonVoidMethodInjected"/>
  <testcase time="0.001" classname="org.atinject.tck.auto.Convertible$Tests" name="testPublicNoArgsConstructorInjected"/>
  <testcase time="0" classname="org.atinject.tck.auto.Convertible$Tests" name="testSubtypeFieldsInjected"/>
  <testcase time="0" classname="org.atinject.tck.auto.Convertible$Tests" name="testSubtypeMethodsInjected"/>
  <testcase time="0.001" classname="org.atinject.tck.auto.Convertible$Tests" name="testSupertypeFieldsInjected"/>
  <testcase time="0" classname="org.atinject.tck.auto.Convertible$Tests" name="testSupertypeMethodsInjected"/>
  <testcase time="0" classname="org.atinject.tck.auto.Convertible$Tests" name="testTwiceOverriddenMethodInjectedWhenMiddleLacksAnnotation"/>
  <testcase time="0" classname="org.atinject.tck.auto.Convertible$Tests" name="testQualifiersNotInheritedFromOverriddenMethod"/>
  <testcase time="0" classname="org.atinject.tck.auto.Convertible$Tests" name="testConstructorInjectionWithValues"/>
  <testcase time="0" classname="org.atinject.tck.auto.Convertible$Tests" name="testFieldInjectionWithValues"/>
  <testcase time="0" classname="org.atinject.tck.auto.Convertible$Tests" name="testMethodInjectionWithValues"/>
  <testcase time="0.002" classname="org.atinject.tck.auto.Convertible$Tests" name="testConstructorInjectionWithProviders"/>
  <testcase time="0.002" classname="org.atinject.tck.auto.Convertible$Tests" name="testFieldInjectionWithProviders"/>
  <testcase time="0.001" classname="org.atinject.tck.auto.Convertible$Tests" name="testMethodInjectionWithProviders"/>
  <testcase time="0" classname="org.atinject.tck.auto.Convertible$Tests" name="testConstructorInjectedProviderYieldsSingleton"/>
  <testcase time="0.001" classname="org.atinject.tck.auto.Convertible$Tests" name="testFieldInjectedProviderYieldsSingleton"/>
  <testcase time="0" classname="org.atinject.tck.auto.Convertible$Tests" name="testMethodInjectedProviderYieldsSingleton"/>
  <testcase time="0.001" classname="org.atinject.tck.auto.Convertible$Tests" name="testCircularlyDependentSingletons"/>
  <testcase time="0" classname="org.atinject.tck.auto.Convertible$Tests" name="testSingletonAnnotationNotInheritedFromSupertype"/>
  <testcase time="0.01" classname="org.atinject.tck.auto.Convertible$Tests" name="testConstructorInjectedProviderYieldsDistinctValues"/>
  <testcase time="0.005" classname="org.atinject.tck.auto.Convertible$Tests" name="testFieldInjectedProviderYieldsDistinctValues"/>
  <testcase time="0.004" classname="org.atinject.tck.auto.Convertible$Tests" name="testMethodInjectedProviderYieldsDistinctValues"/>
  <testcase time="0" classname="org.atinject.tck.auto.Convertible$Tests" name="testPackagePrivateMethodInjectedDifferentPackages"/>
  <testcase time="0" classname="org.atinject.tck.auto.Convertible$Tests" name="testOverriddenProtectedMethodInjection"/>
  <testcase time="0.001" classname="org.atinject.tck.auto.Convertible$Tests" name="testOverriddenPublicMethodNotInjected"/>
  <testcase time="0" classname="org.atinject.tck.auto.Convertible$Tests" name="testFieldsInjectedBeforeMethods"/>
  <testcase time="0" classname="org.atinject.tck.auto.Convertible$Tests" name="testSupertypeMethodsInjectedBeforeSubtypeFields"/>
  <testcase time="0" classname="org.atinject.tck.auto.Convertible$Tests" name="testSupertypeMethodInjectedBeforeSubtypeMethods"/>
  <testcase time="0" classname="org.atinject.tck.auto.Convertible$Tests" name="testPackagePrivateMethodInjectedEvenWhenSimilarMethodLacksAnnotation"/>
  <testcase time="0" classname="org.atinject.tck.auto.Convertible$Tests" name="testPrivateMethodNotInjectedWhenSupertypeHasAnnotatedSimilarMethod"/>
  <testcase time="0" classname="org.atinject.tck.auto.Convertible$Tests" name="testPackagePrivateMethodNotInjectedWhenOverrideLacksAnnotation"/>
  <testcase time="0" classname="org.atinject.tck.auto.Convertible$Tests" name="testPackagePrivateMethodNotInjectedWhenSupertypeHasAnnotatedSimilarMethod"/>
  <testcase time="0" classname="org.atinject.tck.auto.Convertible$Tests" name="testProtectedMethodNotInjectedWhenOverrideNotAnnotated"/>
  <testcase time="0" classname="org.atinject.tck.auto.Convertible$Tests" name="testPublicMethodNotInjectedWhenOverrideNotAnnotated"/>
  <testcase time="0.001" classname="org.atinject.tck.auto.Convertible$Tests" name="testTwiceOverriddenMethodNotInjectedWhenOverrideLacksAnnotation"/>
  <testcase time="0" classname="org.atinject.tck.auto.Convertible$Tests" name="testOverriddingMixedWithPackagePrivate2"/>
  <testcase time="0.001" classname="org.atinject.tck.auto.Convertible$Tests" name="testOverriddingMixedWithPackagePrivate3"/>
  <testcase time="0" classname="org.atinject.tck.auto.Convertible$Tests" name="testOverriddingMixedWithPackagePrivate4"/>
  <testcase time="0" classname="org.atinject.tck.auto.Convertible$Tests" name="testOverriddenPackagePrivateMethodInjectedOnlyOnce"/>
  <testcase time="0.001" classname="org.atinject.tck.auto.Convertible$Tests" name="testSimilarPackagePrivateMethodInjectedOnlyOnce"/>
  <testcase time="0" classname="org.atinject.tck.auto.Convertible$Tests" name="testOverriddenProtectedMethodInjectedOnlyOnce"/>
  <testcase time="0" classname="org.atinject.tck.auto.Convertible$Tests" name="testOverriddenPublicMethodInjectedOnlyOnce"/>
  <testcase time="0" classname="org.atinject.tck.auto.Convertible$PrivateTests" name="testSupertypePrivateMethodInjected"/>
  <testcase time="0.001" classname="org.atinject.tck.auto.Convertible$PrivateTests" name="testPackagePrivateMethodInjectedSamePackage"/>
  <testcase time="0" classname="org.atinject.tck.auto.Convertible$PrivateTests" name="testPrivateMethodInjectedEvenWhenSimilarMethodLacksAnnotation"/>
  <testcase time="0" classname="org.atinject.tck.auto.Convertible$PrivateTests" name="testSimilarPrivateMethodInjectedOnlyOnce"/>
</testsuite>