<?xml version="1.0" encoding="UTF-8" ?>
<testsuite failures="0" time="2.087" errors="0" skipped="0" tests="43" name="TestSuite">
  <properties>
[...]
</properties>
  <testcase time="0.395" classname="org.jboss.weld.tests.unit.bootstrap.ContainerStatusTest" name="testStatus"/>
  <testcase time="0.001" classname="org.jboss.weld.tests.unit.bootstrap.DiscoverFailsBootstrapTest" name="testDiscoverFails"/>
  <testcase time="0.057" classname="org.jboss.weld.tests.unit.bootstrap.InjectionServicesTest" name="testInjectionOfTarget"/>
  <testcase time="0.274" classname="org.jboss.weld.tests.unit.bootstrap.xml.BeansXmlTest" name="testAlternativesEnabled"/>
  <testcase time="0.003" classname="org.jboss.weld.tests.unit.bootstrap.xml.BeansXmlTest" name="testBeansXmlDoesntExist"/>
  <testcase time="0.017" classname="org.jboss.weld.tests.unit.bootstrap.xml.BeansXmlTest" name="testCannotLoadClass"/>
  <testcase time="0.002" classname="org.jboss.weld.tests.unit.bootstrap.xml.BeansXmlTest" name="testCannotLoadFile"/>
  <testcase time="0.042" classname="org.jboss.weld.tests.unit.bootstrap.xml.BeansXmlTest" name="testDecoratorsEnabled"/>
  <testcase time="0.037" classname="org.jboss.weld.tests.unit.bootstrap.xml.BeansXmlTest" name="testInterceptorsEnabled"/>
  <testcase time="0.048" classname="org.jboss.weld.tests.unit.bootstrap.xml.BeansXmlTest" name="testMergeBeansXmls"/>
  <testcase time="0.011" classname="org.jboss.weld.tests.unit.bootstrap.xml.BeansXmlTest" name="testMultipleAlternativeBlocksFail"/>
  <testcase time="0.008" classname="org.jboss.weld.tests.unit.bootstrap.xml.BeansXmlTest" name="testMultipleDecoratorBlocksFail"/>
  <testcase time="0.007" classname="org.jboss.weld.tests.unit.bootstrap.xml.BeansXmlTest" name="testMultipleInterceptorBlocksFail"/>
  <testcase time="0.034" classname="org.jboss.weld.tests.unit.bootstrap.xml.BeansXmlTest" name="testNamespacedBeansXml"/>
  <testcase time="0.027" classname="org.jboss.weld.tests.unit.bootstrap.xml.BeansXmlTest" name="testNonPrettyPrintedXML"/>
  <testcase time="0.029" classname="org.jboss.weld.tests.unit.bootstrap.xml.BeansXmlTest" name="testNotDefaultNamespacedBeansXml"/>
  <testcase time="0.014" classname="org.jboss.weld.tests.unit.bootstrap.xml.BeansXmlTest" name="testParsingError"/>
  <testcase time="0.109" classname="org.jboss.weld.tests.unit.cluster.NaiveClusterTest" name="testConversationReplication"/>
  <testcase time="0.06" classname="org.jboss.weld.tests.unit.cluster.NaiveClusterTest" name="testMultipleDependentObjectsSessionReplication"/>
  <testcase time="0.046" classname="org.jboss.weld.tests.unit.cluster.NaiveClusterTest" name="testSimpleSessionReplication"/>
  <testcase time="0.049" classname="org.jboss.weld.tests.unit.cluster.NaiveClusterTest" name="testVariableBeanDeploymentStructure"/>
  <testcase time="0.039" classname="org.jboss.weld.tests.unit.cluster.SwitchableContainerTest" name="test"/>
  <testcase time="0.066" classname="org.jboss.weld.tests.unit.deployment.structure.extensions.NonBdaExtensionTest" name="test"/>
  <testcase time="0.028" classname="org.jboss.weld.tests.unit.deployment.structure.extensions.NonBdaExtensionTest" name="testEventsSentOnceOnly"/>
  <testcase time="0.036" classname="org.jboss.weld.tests.unit.deployment.structure.nonTransitiveResolution.TransitiveResolutionTest" name="testBeansXmlIsolation"/>
  <testcase time="0.018" classname="org.jboss.weld.tests.unit.deployment.structure.nonTransitiveResolution.TransitiveResolutionTest" name="testBeansXmlMultipleEnabling"/>
  <testcase time="0.044" classname="org.jboss.weld.tests.unit.deployment.structure.nonTransitiveResolution.TransitiveResolutionTest" name="testDecoratorEnabledInWarButPackagedInEjbJar"/>
  <testcase time="0.038" classname="org.jboss.weld.tests.unit.deployment.structure.nonTransitiveResolution.TransitiveResolutionTest" name="testInterceptorEnabledInWarButPackagedInEjbJar"/>
  <testcase time="0.04" classname="org.jboss.weld.tests.unit.deployment.structure.nonTransitiveResolution.TransitiveResolutionTest" name="testTypicalEarStructure"/>
  <testcase time="0.003" classname="org.jboss.weld.tests.unit.deployment.structure.resolution.AccessibleManagerResolutionTest" name="testAccessibleDynamicallySingleLevel"/>
  <testcase time="0.005" classname="org.jboss.weld.tests.unit.deployment.structure.resolution.AccessibleManagerResolutionTest" name="testAccessibleThreeLevelsWithMultiple"/>
  <testcase time="0.002" classname="org.jboss.weld.tests.unit.deployment.structure.resolution.AccessibleManagerResolutionTest" name="testCircular"/>
  <testcase time="0.002" classname="org.jboss.weld.tests.unit.deployment.structure.resolution.AccessibleManagerResolutionTest" name="testSameManagerAddedTwice"/>
  <testcase time="0.001" classname="org.jboss.weld.tests.unit.jsf.JsfApiAbstractionTest" name="testDetectsJsf12Version"/>
  <testcase time="0" classname="org.jboss.weld.tests.unit.jsf.JsfApiAbstractionTest" name="testDetectsJsf20Version"/>
  <testcase time="0" classname="org.jboss.weld.tests.unit.jsf.JsfApiAbstractionTest" name="testLoadsJsf12Classes"/>
  <testcase time="0" classname="org.jboss.weld.tests.unit.jsf.JsfApiAbstractionTest" name="testLoadsJsf20Classes"/>
  <testcase time="0.021" classname="org.jboss.weld.tests.unit.threadlocal.ThreadLocalTestCase" name="ensureNoThreadLocalLeakOnContexts"/>
  <testcase time="0.02" classname="org.jboss.weld.tests.unit.threadlocal.ThreadLocalTestCase" name="ensureNoThreadLocalLeakOnInjectionPoints"/>
  <testcase time="0.01" classname="org.jboss.weld.tests.unit.util.AnnotatedTypesTest" name="testComparison"/>
  <testcase time="0.003" classname="org.jboss.weld.tests.unit.util.AnnotatedTypesTest" name="testFieldId"/>
  <testcase time="0.001" classname="org.jboss.weld.tests.unit.util.AnnotatedTypesTest" name="testMethodId"/>
  <testcase time="0.004" classname="org.jboss.weld.tests.unit.util.AnnotatedTypesTest" name="testTypeId"/>
</testsuite>