<testng-results>
  <reporter-output>
  </reporter-output>
  <suite name="Command line suite">
    <groups>
    </groups>
    <test name="Command line test">
      <class name="org.jboss.weld.tests.unit.bootstrap.xml.BeansXmlTest">
        <test-method status="PASS" signature="testAlternativesEnabled()" name="testAlternativesEnabled" duration-ms="274" started-at="2012-09-04T12:46:06Z" finished-at="2012-09-04T12:46:06Z">
        </test-method>
        <test-method status="PASS" signature="testBeansXmlDoesntExist()" name="testBeansXmlDoesntExist" duration-ms="3" started-at="2012-09-04T12:46:06Z" finished-at="2012-09-04T12:46:06Z">
        </test-method>
        <test-method status="PASS" signature="testCannotLoadClass()" name="testCannotLoadClass" duration-ms="17" started-at="2012-09-04T12:46:06Z" finished-at="2012-09-04T12:46:06Z">
        </test-method>
        <test-method status="PASS" signature="testCannotLoadFile()" name="testCannotLoadFile" duration-ms="2" started-at="2012-09-04T12:46:06Z" finished-at="2012-09-04T12:46:06Z">
        </test-method>
        <test-method status="PASS" signature="testDecoratorsEnabled()" name="testDecoratorsEnabled" duration-ms="43" started-at="2012-09-04T12:46:06Z" finished-at="2012-09-04T12:46:07Z">
        </test-method>
        <test-method status="PASS" signature="testInterceptorsEnabled()" name="testInterceptorsEnabled" duration-ms="37" started-at="2012-09-04T12:46:07Z" finished-at="2012-09-04T12:46:07Z">
        </test-method>
        <test-method status="PASS" signature="testMergeBeansXmls()" name="testMergeBeansXmls" duration-ms="48" started-at="2012-09-04T12:46:07Z" finished-at="2012-09-04T12:46:07Z">
        </test-method>
        <test-method status="PASS" signature="testMultipleAlternativeBlocksFail()" name="testMultipleAlternativeBlocksFail" duration-ms="11" started-at="2012-09-04T12:46:07Z" finished-at="2012-09-04T12:46:07Z">
        </test-method>
        <test-method status="PASS" signature="testMultipleDecoratorBlocksFail()" name="testMultipleDecoratorBlocksFail" duration-ms="7" started-at="2012-09-04T12:46:07Z" finished-at="2012-09-04T12:46:07Z">
        </test-method>
        <test-method status="PASS" signature="testMultipleInterceptorBlocksFail()" name="testMultipleInterceptorBlocksFail" duration-ms="6" started-at="2012-09-04T12:46:07Z" finished-at="2012-09-04T12:46:07Z">
        </test-method>
        <test-method status="PASS" signature="testNamespacedBeansXml()" name="testNamespacedBeansXml" duration-ms="34" started-at="2012-09-04T12:46:07Z" finished-at="2012-09-04T12:46:07Z">
        </test-method>
        <test-method status="PASS" signature="testNonPrettyPrintedXML()" name="testNonPrettyPrintedXML" duration-ms="27" started-at="2012-09-04T12:46:07Z" finished-at="2012-09-04T12:46:07Z">
        </test-method>
        <test-method status="PASS" signature="testNotDefaultNamespacedBeansXml()" name="testNotDefaultNamespacedBeansXml" duration-ms="29" started-at="2012-09-04T12:46:07Z" finished-at="2012-09-04T12:46:07Z">
        </test-method>
        <test-method status="PASS" signature="testParsingError()" name="testParsingError" duration-ms="14" started-at="2012-09-04T12:46:07Z" finished-at="2012-09-04T12:46:07Z">
        </test-method>
      </class>
      <class name="org.jboss.weld.tests.unit.bootstrap.DiscoverFailsBootstrapTest">
        <test-method status="PASS" signature="testDiscoverFails()" name="testDiscoverFails" duration-ms="1" started-at="2012-09-04T12:46:06Z" finished-at="2012-09-04T12:46:06Z">
          <exception class="org.jboss.weld.exceptions.IllegalArgumentException">
            <message>
              <![CDATA[WELD-000114 Must start the container with a deployment]]>
            </message>
            <full-stacktrace>
              <![CDATA[org.jboss.weld.exceptions.IllegalArgumentException: WELD-000114 Must start the container with a deployment
	at org.jboss.weld.bootstrap.WeldBootstrap.startContainer(WeldBootstrap.java:226)
	at org.jboss.weld.tests.unit.bootstrap.DiscoverFailsBootstrapTest.testDiscoverFails(DiscoverFailsBootstrapTest.java:29)
	at sun.reflect.NativeMethodAccessorImpl.invoke0(Native Method)
	at sun.reflect.NativeMethodAccessorImpl.invoke(NativeMethodAccessorImpl.java:39)
	at sun.reflect.DelegatingMethodAccessorImpl.invoke(DelegatingMethodAccessorImpl.java:25)
	at java.lang.reflect.Method.invoke(Method.java:597)
	at org.testng.internal.MethodHelper.invokeMethod(MethodHelper.java:609)
	at org.testng.internal.Invoker.invokeMethod(Invoker.java:532)
	at org.testng.internal.Invoker.invokeTestMethod(Invoker.java:686)
	at org.testng.internal.Invoker.invokeTestMethods(Invoker.java:1018)
	at org.testng.internal.TestMethodWorker.invokeTestMethods(TestMethodWorker.java:128)
	at org.testng.internal.TestMethodWorker.run(TestMethodWorker.java:112)
	at org.testng.TestRunner.runWorkers(TestRunner.java:759)
	at org.testng.TestRunner.privateRun(TestRunner.java:592)
	at org.testng.TestRunner.run(TestRunner.java:486)
	at org.testng.SuiteRunner.runTest(SuiteRunner.java:332)
	at org.testng.SuiteRunner.runSequentially(SuiteRunner.java:327)
	at org.testng.SuiteRunner.privateRun(SuiteRunner.java:299)
	at org.testng.SuiteRunner.run(SuiteRunner.java:204)
	at org.testng.TestNG.createAndRunSuiteRunners(TestNG.java:912)
	at org.testng.TestNG.runSuitesLocally(TestNG.java:876)
	at org.testng.TestNG.run(TestNG.java:784)
	at org.apache.maven.surefire.testng.TestNGExecutor.run(TestNGExecutor.java:61)
	at org.apache.maven.surefire.testng.TestNGDirectoryTestSuite.execute(TestNGDirectoryTestSuite.java:144)
	at org.apache.maven.surefire.Surefire.run(Surefire.java:169)
	at sun.reflect.NativeMethodAccessorImpl.invoke0(Native Method)
	at sun.reflect.NativeMethodAccessorImpl.invoke(NativeMethodAccessorImpl.java:39)
	at sun.reflect.DelegatingMethodAccessorImpl.invoke(DelegatingMethodAccessorImpl.java:25)
	at java.lang.reflect.Method.invoke(Method.java:597)
	at org.apache.maven.surefire.booter.SurefireBooter.runSuitesInProcess(SurefireBooter.java:350)
	at org.apache.maven.surefire.booter.SurefireBooter.main(SurefireBooter.java:1021)
]]>
            </full-stacktrace>
          </exception>
        </test-method>
      </class>
      <class name="org.jboss.weld.tests.unit.deployment.structure.extensions.NonBdaExtensionTest">
        <test-method status="PASS" signature="test()" name="test" duration-ms="66" started-at="2012-09-04T12:46:07Z" finished-at="2012-09-04T12:46:07Z">
        </test-method>
        <test-method status="PASS" signature="testEventsSentOnceOnly()" name="testEventsSentOnceOnly" duration-ms="28" started-at="2012-09-04T12:46:07Z" finished-at="2012-09-04T12:46:07Z">
        </test-method>
      </class>
      <class name="org.jboss.weld.tests.unit.jsf.JsfApiAbstractionTest">
        <test-method status="PASS" signature="testDetectsJsf12Version()" name="testDetectsJsf12Version" duration-ms="1" started-at="2012-09-04T12:46:07Z" finished-at="2012-09-04T12:46:07Z">
        </test-method>
        <test-method status="PASS" signature="testLoadsJsf12Classes()" name="testLoadsJsf12Classes" duration-ms="0" started-at="2012-09-04T12:46:07Z" finished-at="2012-09-04T12:46:07Z">
        </test-method>
        <test-method status="PASS" signature="testDetectsJsf20Version()" name="testDetectsJsf20Version" duration-ms="0" started-at="2012-09-04T12:46:07Z" finished-at="2012-09-04T12:46:07Z">
        </test-method>
        <test-method status="PASS" signature="testLoadsJsf20Classes()" name="testLoadsJsf20Classes" duration-ms="0" started-at="2012-09-04T12:46:07Z" finished-at="2012-09-04T12:46:07Z">
        </test-method>
      </class>
      <class name="org.jboss.weld.tests.unit.deployment.structure.nonTransitiveResolution.TransitiveResolutionTest">
        <test-method status="PASS" signature="testBeansXmlIsolation()" name="testBeansXmlIsolation" duration-ms="36" started-at="2012-09-04T12:46:07Z" finished-at="2012-09-04T12:46:07Z">
        </test-method>
        <test-method status="PASS" signature="testBeansXmlMultipleEnabling()" name="testBeansXmlMultipleEnabling" duration-ms="18" started-at="2012-09-04T12:46:07Z" finished-at="2012-09-04T12:46:07Z">
        </test-method>
        <test-method status="PASS" signature="testDecoratorEnabledInWarButPackagedInEjbJar()" name="testDecoratorEnabledInWarButPackagedInEjbJar" duration-ms="44" started-at="2012-09-04T12:46:07Z" finished-at="2012-09-04T12:46:07Z">
        </test-method>
        <test-method status="PASS" signature="testInterceptorEnabledInWarButPackagedInEjbJar()" name="testInterceptorEnabledInWarButPackagedInEjbJar" duration-ms="38" started-at="2012-09-04T12:46:07Z" finished-at="2012-09-04T12:46:07Z">
        </test-method>
        <test-method status="PASS" signature="testTypicalEarStructure()" name="testTypicalEarStructure" duration-ms="40" started-at="2012-09-04T12:46:07Z" finished-at="2012-09-04T12:46:07Z">
        </test-method>
      </class>
      <class name="org.jboss.weld.tests.unit.threadlocal.ThreadLocalTestCase">
        <test-method status="PASS" signature="ensureNoThreadLocalLeakOnContexts()" name="ensureNoThreadLocalLeakOnContexts" duration-ms="21" started-at="2012-09-04T12:46:07Z" finished-at="2012-09-04T12:46:07Z">
        </test-method>
        <test-method status="PASS" signature="ensureNoThreadLocalLeakOnInjectionPoints()" name="ensureNoThreadLocalLeakOnInjectionPoints" duration-ms="20" started-at="2012-09-04T12:46:07Z" finished-at="2012-09-04T12:46:07Z">
        </test-method>
      </class>
      <class name="org.jboss.weld.tests.unit.cluster.SwitchableContainerTest">
        <test-method status="PASS" signature="beforeClass()" name="beforeClass" is-config="true" duration-ms="0" started-at="2012-09-04T12:46:07Z" finished-at="2012-09-04T12:46:07Z">
        </test-method>
        <test-method status="PASS" signature="test()" name="test" duration-ms="39" started-at="2012-09-04T12:46:07Z" finished-at="2012-09-04T12:46:07Z">
        </test-method>
        <test-method status="PASS" signature="afterClass()" name="afterClass" is-config="true" duration-ms="0" started-at="2012-09-04T12:46:07Z" finished-at="2012-09-04T12:46:07Z">
        </test-method>
      </class>
      <class name="org.jboss.weld.tests.unit.util.AnnotatedTypesTest">
        <test-method status="PASS" signature="testComparison()" name="testComparison" duration-ms="10" started-at="2012-09-04T12:46:07Z" finished-at="2012-09-04T12:46:07Z">
        </test-method>
        <test-method status="PASS" signature="testFieldId()" name="testFieldId" duration-ms="3" started-at="2012-09-04T12:46:07Z" finished-at="2012-09-04T12:46:07Z">
        </test-method>
        <test-method status="PASS" signature="testMethodId()" name="testMethodId" duration-ms="1" started-at="2012-09-04T12:46:07Z" finished-at="2012-09-04T12:46:07Z">
        </test-method>
        <test-method status="PASS" signature="testTypeId()" name="testTypeId" duration-ms="4" started-at="2012-09-04T12:46:07Z" finished-at="2012-09-04T12:46:07Z">
        </test-method>
      </class>
      <class name="org.jboss.weld.tests.unit.bootstrap.InjectionServicesTest">
        <test-method status="PASS" signature="testInjectionOfTarget()" name="testInjectionOfTarget" duration-ms="57" started-at="2012-09-04T12:46:06Z" finished-at="2012-09-04T12:46:06Z">
        </test-method>
      </class>
      <class name="org.jboss.weld.tests.unit.bootstrap.ContainerStatusTest">
        <test-method status="PASS" signature="testStatus()" name="testStatus" duration-ms="395" started-at="2012-09-04T12:46:06Z" finished-at="2012-09-04T12:46:06Z">
        </test-method>
      </class>
      <class name="org.jboss.weld.tests.unit.deployment.structure.resolution.AccessibleManagerResolutionTest">
        <test-method status="PASS" signature="beforeMethod()" name="beforeMethod" is-config="true" duration-ms="0" started-at="2012-09-04T12:46:07Z" finished-at="2012-09-04T12:46:07Z">
        </test-method>
        <test-method status="PASS" signature="testAccessibleDynamicallySingleLevel()" name="testAccessibleDynamicallySingleLevel" duration-ms="3" started-at="2012-09-04T12:46:07Z" finished-at="2012-09-04T12:46:07Z">
        </test-method>
        <test-method status="PASS" signature="beforeMethod()" name="beforeMethod" is-config="true" duration-ms="0" started-at="2012-09-04T12:46:07Z" finished-at="2012-09-04T12:46:07Z">
        </test-method>
        <test-method status="PASS" signature="testAccessibleThreeLevelsWithMultiple()" name="testAccessibleThreeLevelsWithMultiple" duration-ms="5" started-at="2012-09-04T12:46:07Z" finished-at="2012-09-04T12:46:07Z">
        </test-method>
        <test-method status="PASS" signature="testCircular()" name="testCircular" duration-ms="2" started-at="2012-09-04T12:46:07Z" finished-at="2012-09-04T12:46:07Z">
        </test-method>
        <test-method status="PASS" signature="beforeMethod()" name="beforeMethod" is-config="true" duration-ms="0" started-at="2012-09-04T12:46:07Z" finished-at="2012-09-04T12:46:07Z">
        </test-method>
        <test-method status="PASS" signature="beforeMethod()" name="beforeMethod" is-config="true" duration-ms="0" started-at="2012-09-04T12:46:07Z" finished-at="2012-09-04T12:46:07Z">
        </test-method>
        <test-method status="PASS" signature="testSameManagerAddedTwice()" name="testSameManagerAddedTwice" duration-ms="2" started-at="2012-09-04T12:46:07Z" finished-at="2012-09-04T12:46:07Z">
        </test-method>
      </class>
      <class name="org.jboss.weld.tests.unit.cluster.NaiveClusterTest">
        <test-method status="PASS" signature="beforeClass()" name="beforeClass" is-config="true" duration-ms="2" started-at="2012-09-04T12:46:07Z" finished-at="2012-09-04T12:46:07Z">
        </test-method>
        <test-method status="PASS" signature="testConversationReplication()" name="testConversationReplication" duration-ms="109" started-at="2012-09-04T12:46:07Z" description="A simple test to check conversation replication" finished-at="2012-09-04T12:46:07Z">
        </test-method>
        <test-method status="PASS" signature="testMultipleDependentObjectsSessionReplication()" name="testMultipleDependentObjectsSessionReplication" duration-ms="60" started-at="2012-09-04T12:46:07Z" finished-at="2012-09-04T12:46:07Z">
        </test-method>
        <test-method status="PASS" signature="testSimpleSessionReplication()" name="testSimpleSessionReplication" duration-ms="46" started-at="2012-09-04T12:46:07Z" description="A simple test to check session replication, doesn&#039;t carefully check if a bean ids are correct" finished-at="2012-09-04T12:46:07Z">
        </test-method>
        <test-method status="PASS" signature="testVariableBeanDeploymentStructure()" name="testVariableBeanDeploymentStructure" duration-ms="49" started-at="2012-09-04T12:46:07Z" finished-at="2012-09-04T12:46:07Z">
        </test-method>
        <test-method status="PASS" signature="afterClass()" name="afterClass" is-config="true" duration-ms="0" started-at="2012-09-04T12:46:07Z" finished-at="2012-09-04T12:46:07Z">
        </test-method>
      </class>
    </test>
  </suite>
</testng-results>
