<?xml version="1.0" encoding="UTF-8"?>
<testsuite name="Command line test" failures="0" tests="43" time="1.669" errors="0">
  <properties/>
  <testcase name="testStatus" time="0.395" classname="org.jboss.weld.tests.unit.bootstrap.ContainerStatusTest"/>
  <testcase name="testDiscoverFails" time="0.0010" classname="org.jboss.weld.tests.unit.bootstrap.DiscoverFailsBootstrapTest"/>
  <testcase name="testInjectionOfTarget" time="0.057" classname="org.jboss.weld.tests.unit.bootstrap.InjectionServicesTest"/>
  <testcase name="testAlternativesEnabled" time="0.274" classname="org.jboss.weld.tests.unit.bootstrap.xml.BeansXmlTest"/>
  <testcase name="testBeansXmlDoesntExist" time="0.0030" classname="org.jboss.weld.tests.unit.bootstrap.xml.BeansXmlTest"/>
  <testcase name="testCannotLoadClass" time="0.017" classname="org.jboss.weld.tests.unit.bootstrap.xml.BeansXmlTest"/>
  <testcase name="testCannotLoadFile" time="0.0020" classname="org.jboss.weld.tests.unit.bootstrap.xml.BeansXmlTest"/>
  <testcase name="testDecoratorsEnabled" time="0.043" classname="org.jboss.weld.tests.unit.bootstrap.xml.BeansXmlTest"/>
  <testcase name="testInterceptorsEnabled" time="0.037" classname="org.jboss.weld.tests.unit.bootstrap.xml.BeansXmlTest"/>
  <testcase name="testMergeBeansXmls" time="0.048" classname="org.jboss.weld.tests.unit.bootstrap.xml.BeansXmlTest"/>
  <testcase name="testMultipleAlternativeBlocksFail" time="0.011" classname="org.jboss.weld.tests.unit.bootstrap.xml.BeansXmlTest"/>
  <testcase name="testMultipleDecoratorBlocksFail" time="0.0070" classname="org.jboss.weld.tests.unit.bootstrap.xml.BeansXmlTest"/>
  <testcase name="testMultipleInterceptorBlocksFail" time="0.0060" classname="org.jboss.weld.tests.unit.bootstrap.xml.BeansXmlTest"/>
  <testcase name="testNamespacedBeansXml" time="0.034" classname="org.jboss.weld.tests.unit.bootstrap.xml.BeansXmlTest"/>
  <testcase name="testNonPrettyPrintedXML" time="0.027" classname="org.jboss.weld.tests.unit.bootstrap.xml.BeansXmlTest"/>
  <testcase name="testNotDefaultNamespacedBeansXml" time="0.029" classname="org.jboss.weld.tests.unit.bootstrap.xml.BeansXmlTest"/>
  <testcase name="testParsingError" time="0.014" classname="org.jboss.weld.tests.unit.bootstrap.xml.BeansXmlTest"/>
  <testcase name="testConversationReplication" time="0.109" classname="org.jboss.weld.tests.unit.cluster.NaiveClusterTest"/>
  <testcase name="testMultipleDependentObjectsSessionReplication" time="0.06" classname="org.jboss.weld.tests.unit.cluster.NaiveClusterTest"/>
  <testcase name="testSimpleSessionReplication" time="0.046" classname="org.jboss.weld.tests.unit.cluster.NaiveClusterTest"/>
  <testcase name="testVariableBeanDeploymentStructure" time="0.049" classname="org.jboss.weld.tests.unit.cluster.NaiveClusterTest"/>
  <testcase name="test" time="0.039" classname="org.jboss.weld.tests.unit.cluster.SwitchableContainerTest"/>
  <testcase name="test" time="0.066" classname="org.jboss.weld.tests.unit.deployment.structure.extensions.NonBdaExtensionTest"/>
  <testcase name="testEventsSentOnceOnly" time="0.028" classname="org.jboss.weld.tests.unit.deployment.structure.extensions.NonBdaExtensionTest"/>
  <testcase name="testBeansXmlIsolation" time="0.036" classname="org.jboss.weld.tests.unit.deployment.structure.nonTransitiveResolution.TransitiveResolutionTest"/>
  <testcase name="testBeansXmlMultipleEnabling" time="0.018" classname="org.jboss.weld.tests.unit.deployment.structure.nonTransitiveResolution.TransitiveResolutionTest"/>
  <testcase name="testDecoratorEnabledInWarButPackagedInEjbJar" time="0.044" classname="org.jboss.weld.tests.unit.deployment.structure.nonTransitiveResolution.TransitiveResolutionTest"/>
  <testcase name="testInterceptorEnabledInWarButPackagedInEjbJar" time="0.038" classname="org.jboss.weld.tests.unit.deployment.structure.nonTransitiveResolution.TransitiveResolutionTest"/>
  <testcase name="testTypicalEarStructure" time="0.04" classname="org.jboss.weld.tests.unit.deployment.structure.nonTransitiveResolution.TransitiveResolutionTest"/>
  <testcase name="testAccessibleDynamicallySingleLevel" time="0.0030" classname="org.jboss.weld.tests.unit.deployment.structure.resolution.AccessibleManagerResolutionTest"/>
  <testcase name="testAccessibleThreeLevelsWithMultiple" time="0.0050" classname="org.jboss.weld.tests.unit.deployment.structure.resolution.AccessibleManagerResolutionTest"/>
  <testcase name="testCircular" time="0.0020" classname="org.jboss.weld.tests.unit.deployment.structure.resolution.AccessibleManagerResolutionTest"/>
  <testcase name="testSameManagerAddedTwice" time="0.0020" classname="org.jboss.weld.tests.unit.deployment.structure.resolution.AccessibleManagerResolutionTest"/>
  <testcase name="testDetectsJsf12Version" time="0.0010" classname="org.jboss.weld.tests.unit.jsf.JsfApiAbstractionTest"/>
  <testcase name="testDetectsJsf20Version" time="0.0" classname="org.jboss.weld.tests.unit.jsf.JsfApiAbstractionTest"/>
  <testcase name="testLoadsJsf12Classes" time="0.0" classname="org.jboss.weld.tests.unit.jsf.JsfApiAbstractionTest"/>
  <testcase name="testLoadsJsf20Classes" time="0.0" classname="org.jboss.weld.tests.unit.jsf.JsfApiAbstractionTest"/>
  <testcase name="ensureNoThreadLocalLeakOnContexts" time="0.021" classname="org.jboss.weld.tests.unit.threadlocal.ThreadLocalTestCase"/>
  <testcase name="ensureNoThreadLocalLeakOnInjectionPoints" time="0.02" classname="org.jboss.weld.tests.unit.threadlocal.ThreadLocalTestCase"/>
  <testcase name="testComparison" time="0.01" classname="org.jboss.weld.tests.unit.util.AnnotatedTypesTest"/>
  <testcase name="testFieldId" time="0.0030" classname="org.jboss.weld.tests.unit.util.AnnotatedTypesTest"/>
  <testcase name="testMethodId" time="0.0010" classname="org.jboss.weld.tests.unit.util.AnnotatedTypesTest"/>
  <testcase name="testTypeId" time="0.0040" classname="org.jboss.weld.tests.unit.util.AnnotatedTypesTest"/>
</testsuite>
